Using pre-set license
Built from '2022.3/staging' branch; Version is '2022.3.32f1 (c8300dc0a3fa) revision 13119501'; Using compiler version '192829333'; Build Type 'Release'
OS: 'Windows 11  (10.0.22631) 64bit Professional' Language: 'it' Physical Memory: 16110 MB
BatchMode: 1, IsHumanControllingUs: 0, StartBugReporterOnCrash: 0, Is64bit: 1, IsPro: 1

COMMAND LINE ARGUMENTS:
C:\Program Files\Unity\Hub\Editor\2022.3.32f1\Editor\Unity.exe
-adb2
-batchMode
-noUpm
-name
AssetImportWorker3
-projectPath
D:/Unity/AppleBox/AppleBox/AppleBox
-logFile
Logs/AssetImportWorker3.log
-srvPort
50472
Successfully changed project path to: D:/Unity/AppleBox/AppleBox/AppleBox
D:/Unity/AppleBox/AppleBox/AppleBox
[UnityMemory] Configuration Parameters - Can be set up in boot.config
    "memorysetup-bucket-allocator-granularity=16"
    "memorysetup-bucket-allocator-bucket-count=8"
    "memorysetup-bucket-allocator-block-size=33554432"
    "memorysetup-bucket-allocator-block-count=8"
    "memorysetup-main-allocator-block-size=16777216"
    "memorysetup-thread-allocator-block-size=16777216"
    "memorysetup-gfx-main-allocator-block-size=16777216"
    "memorysetup-gfx-thread-allocator-block-size=16777216"
    "memorysetup-cache-allocator-block-size=4194304"
    "memorysetup-typetree-allocator-block-size=2097152"
    "memorysetup-profiler-bucket-allocator-granularity=16"
    "memorysetup-profiler-bucket-allocator-bucket-count=8"
    "memorysetup-profiler-bucket-allocator-block-size=33554432"
    "memorysetup-profiler-bucket-allocator-block-count=8"
    "memorysetup-profiler-allocator-block-size=16777216"
    "memorysetup-profiler-editor-allocator-block-size=1048576"
    "memorysetup-temp-allocator-size-main=16777216"
    "memorysetup-job-temp-allocator-block-size=2097152"
    "memorysetup-job-temp-allocator-block-size-background=1048576"
    "memorysetup-job-temp-allocator-reduction-small-platforms=262144"
    "memorysetup-allocator-temp-initial-block-size-main=262144"
    "memorysetup-allocator-temp-initial-block-size-worker=262144"
    "memorysetup-temp-allocator-size-background-worker=32768"
    "memorysetup-temp-allocator-size-job-worker=262144"
    "memorysetup-temp-allocator-size-preload-manager=33554432"
    "memorysetup-temp-allocator-size-nav-mesh-worker=65536"
    "memorysetup-temp-allocator-size-audio-worker=65536"
    "memorysetup-temp-allocator-size-cloud-worker=32768"
    "memorysetup-temp-allocator-size-gi-baking-worker=262144"
    "memorysetup-temp-allocator-size-gfx=262144"
Player connection [7540] Host "[IP] 192.168.1.115 [Port] 0 [Flags] 2 [Guid] 1063403105 [EditorId] 1063403105 [Version] 1048832 [Id] WindowsEditor(7,Desktop-Casa) [Debug] 1 [PackageName] WindowsEditor [ProjectName] Editor" joined multi-casting on [225.0.0.222:54997]...

Player connection [7540] Host "[IP] 192.168.1.115 [Port] 0 [Flags] 2 [Guid] 1063403105 [EditorId] 1063403105 [Version] 1048832 [Id] WindowsEditor(7,Desktop-Casa) [Debug] 1 [PackageName] WindowsEditor [ProjectName] Editor" joined alternative multi-casting on [225.0.0.222:34997]...

[PhysX] Initialized MultithreadedTaskDispatcher with 16 workers.
Refreshing native plugins compatible for Editor in 4.92 ms, found 3 plugins.
Preloading 0 native plugins for Editor in 0.00 ms.
Initialize engine version: 2022.3.32f1 (c8300dc0a3fa)
[Subsystems] Discovering subsystems at path C:/Program Files/Unity/Hub/Editor/2022.3.32f1/Editor/Data/Resources/UnitySubsystems
[Subsystems] Discovering subsystems at path D:/Unity/AppleBox/AppleBox/AppleBox/Assets
GfxDevice: creating device client; threaded=0; jobified=0
Direct3D:
    Version:  Direct3D 11.0 [level 11.1]
    Renderer: AMD Radeon RX 6700 XT (ID=0x73df)
    Vendor:   ATI
    VRAM:     12242 MB
    Driver:   32.0.11027.1003
Initialize mono
Mono path[0] = 'C:/Program Files/Unity/Hub/Editor/2022.3.32f1/Editor/Data/Managed'
Mono path[1] = 'C:/Program Files/Unity/Hub/Editor/2022.3.32f1/Editor/Data/MonoBleedingEdge/lib/mono/unityjit-win32'
Mono config path = 'C:/Program Files/Unity/Hub/Editor/2022.3.32f1/Editor/Data/MonoBleedingEdge/etc'
Using monoOptions --debugger-agent=transport=dt_socket,embedding=1,server=y,suspend=n,address=127.0.0.1:56364
Begin MonoManager ReloadAssembly
Registering precompiled unity dll's ...
Register platform support module: C:/Program Files/Unity/Hub/Editor/2022.3.32f1/Editor/Data/PlaybackEngines/WindowsStandaloneSupport/UnityEditor.WindowsStandalone.Extensions.dll
Registered in 0.004008 seconds.
- Loaded All Assemblies, in  0.254 seconds
Native extension for WindowsStandalone target not found
Mono: successfully reloaded assembly
- Finished resetting the current domain, in  0.162 seconds
Domain Reload Profiling: 416ms
	BeginReloadAssembly (83ms)
		ExecutionOrderSort (0ms)
		DisableScriptedObjects (0ms)
		BackupInstance (0ms)
		ReleaseScriptingObjects (0ms)
		CreateAndSetChildDomain (1ms)
	RebuildCommonClasses (33ms)
	RebuildNativeTypeToScriptingClass (10ms)
	initialDomainReloadingComplete (45ms)
	LoadAllAssembliesAndSetupDomain (82ms)
		LoadAssemblies (81ms)
		RebuildTransferFunctionScriptingTraits (0ms)
		AnalyzeDomain (81ms)
			TypeCache.Refresh (80ms)
				TypeCache.ScanAssembly (72ms)
			ScanForSourceGeneratedMonoScriptInfo (0ms)
			ResolveRequiredComponents (0ms)
	FinalizeReload (163ms)
		ReleaseScriptCaches (0ms)
		RebuildScriptCaches (0ms)
		SetupLoadedEditorAssemblies (129ms)
			LogAssemblyErrors (0ms)
			InitializePlatformSupportModulesInManaged (5ms)
			SetLoadedEditorAssemblies (4ms)
			RefreshPlugins (0ms)
			BeforeProcessingInitializeOnLoad (1ms)
			ProcessInitializeOnLoadAttributes (92ms)
			ProcessInitializeOnLoadMethodAttributes (27ms)
			AfterProcessingInitializeOnLoad (0ms)
			EditorAssembliesLoaded (0ms)
		ExecutionOrderSort2 (0ms)
		AwakeInstancesAfterBackupRestoration (0ms)
========================================================================
Worker process is ready to serve import requests
Begin MonoManager ReloadAssembly
- Loaded All Assemblies, in  0.313 seconds
Refreshing native plugins compatible for Editor in 1.70 ms, found 3 plugins.
Native extension for WindowsStandalone target not found
Package Manager log level set to [2]
[Package Manager] Server::EnsureServerProcessIsRunning -- launch failed, reason: Unity was launched with the -noUpm command-line argument
[Package Manager] UpmClient::Send -- Unable to send message (not connected to UPM process).
[Package Manager] Cannot connect to Unity Package Manager local server
Mono: successfully reloaded assembly
- Finished resetting the current domain, in  0.405 seconds
Domain Reload Profiling: 717ms
	BeginReloadAssembly (82ms)
		ExecutionOrderSort (0ms)
		DisableScriptedObjects (3ms)
		BackupInstance (0ms)
		ReleaseScriptingObjects (0ms)
		CreateAndSetChildDomain (14ms)
	RebuildCommonClasses (17ms)
	RebuildNativeTypeToScriptingClass (6ms)
	initialDomainReloadingComplete (22ms)
	LoadAllAssembliesAndSetupDomain (185ms)
		LoadAssemblies (147ms)
		RebuildTransferFunctionScriptingTraits (0ms)
		AnalyzeDomain (86ms)
			TypeCache.Refresh (75ms)
				TypeCache.ScanAssembly (68ms)
			ScanForSourceGeneratedMonoScriptInfo (8ms)
			ResolveRequiredComponents (2ms)
	FinalizeReload (405ms)
		ReleaseScriptCaches (0ms)
		RebuildScriptCaches (0ms)
		SetupLoadedEditorAssemblies (336ms)
			LogAssemblyErrors (0ms)
			InitializePlatformSupportModulesInManaged (3ms)
			SetLoadedEditorAssemblies (2ms)
			RefreshPlugins (0ms)
			BeforeProcessingInitializeOnLoad (30ms)
			ProcessInitializeOnLoadAttributes (287ms)
			ProcessInitializeOnLoadMethodAttributes (11ms)
			AfterProcessingInitializeOnLoad (4ms)
			EditorAssembliesLoaded (0ms)
		ExecutionOrderSort2 (0ms)
		AwakeInstancesAfterBackupRestoration (3ms)
Launched and connected shader compiler UnityShaderCompiler.exe after 0.03 seconds
Refreshing native plugins compatible for Editor in 1.94 ms, found 3 plugins.
Preloading 0 native plugins for Editor in 0.00 ms.
Unloading 3122 Unused Serialized files (Serialized files now loaded: 0)
Unloading 33 unused Assets / (58.0 KB). Loaded Objects now: 3604.
Memory consumption went from 134.5 MB to 134.4 MB.
Total: 2.436300 ms (FindLiveObjects: 0.158300 ms CreateObjectMapping: 0.049900 ms MarkObjects: 2.143500 ms  DeleteObjects: 0.083900 ms)

AssetImportParameters requested are different than current active one (requested -> active):
  custom:scripting/monoscript/fileName/collectApple.cs: e5d5e5e5e315c37ad09f68a657505da2 -> 1a0bec65c529617693c30c3fc9902405
  custom:scripting/monoscript/fileName/gameHandler.cs: 9728bc5b746ca8113e2dcd11fed84641 -> fd6146b45012306ca5cb5c532fd40cdf
  custom:container-demuxer-ogg: 62fdf1f143b41e24485cea50d1cbac27 -> 
  custom:scripting/monoscript/fileName/Interactor.cs: fd6d3a6ff039bdef0cf1e66a7ec02690 -> b1519c459ed123145efd9e186ecbf8c1
  custom:video-codec-MediaFoundation-h265: 746d11721c4dcdbdad8f713fa42b33f4 -> 
  custom:scripting/monoscript/fileName/mainMenu.cs: 199545bd4e607877ca8104298f20530a -> 66a6305771d81eecc2be5f571b381f11
  custom:video-decoder-ogg-theora: a1e56fd34408186e4bbccfd4996cb3dc -> 
  custom:framework-win-MediaFoundation: 216162199b28c13a410421893ffa2e32 -> 
  custom:scripting/monoscript/fileName/DeCollected.cs: 955ee377d4dcc4a6eecbb3e16bf24df9 -> ede541d78004e4765c18ed6fd5145790
  custom:scripting/monoscript/fileName/spawnApple.cs: d0f855e841ca00899b490f3242f74747 -> e106e8a882b70da2b9c04a399b476f62
  custom:CustomObjectIndexerAttribute: 9a22284fe3817be447336de3de66b15e -> 
  custom:scripting/monoscript/fileName/collectiblesCount.cs: 899a95b8a73f834e3e4c3b2a5cc86505 -> 23d397673da8dec9b47bfcc19bff612c
  custom:container-demuxer-webm: 4f35f7cbe854078d1ac9338744f61a02 -> 
  custom:scripting/monoscript/fileName/testoDaScomparire.cs: d21a67b9151e92b59f2daee229cdecf8 -> f3511b6a84f7f95ace5c97ebb47a4a69
  custom:scripting/monoscript/fileName/walkIntoTheUnknown.cs: 3f05f7f85cdb9e44fbe77e64e8c64f08 -> 8c9860d9ab10da0efebe700bd03f557c
  custom:container-muxer-webm: aa71ff27fc2769a1b78a27578f13a17b -> 
  custom:video-decoder-webm-vp8: 9c59270c3fd7afecdb556c50c9e8de78 -> 
  custom:SearchIndexIgnoredProperties: e643bd26f0fe6173181afceb89e7c659 -> 
  custom:AudioImporter_EditorPlatform: d09bf68614088b80899f8185d706f6e7 -> 
  custom:scripting/monoscript/fileName/mouseLook.cs: 541eae1975d8c19fe0b9cb020a36d5cb -> 5e9e87bd5c1cf02f175e7899d8651bdb
  custom:scripting/monoscript/fileName/cassaCollezionista.cs: 74f405d39ba0871930084f14af83b107 -> 850838f495c9007898aaa5458f6b2c68
  custom:scripting/monoscript/fileName/pauseMenu.cs: c2a295c983174342f6984fc8765261b5 -> 90c4f2ed2d0cb519d76da049b842532a
  custom:scripting/monoscript/fileName/interatoreLetto.cs: f9a7afef6d74837f4307a4fc199cf6f5 -> cecc8f6af81e036c4374473485b9b6bd
  custom:video-encoder-webm-vp8: eb34c28f22e8b96e1ab97ce403110664 -> 
  custom:audio-decoder-ogg-vorbis: bf7c407c2cedff20999df2af8eb42d56 -> 
  custom:scripting/monoscript/fileName/playerMovement.cs: 18f974b9d7cdd5b9e54b7d86c4156301 -> 531a086122cb5e4949e8ed2030c7ad43
  custom:audio-encoder-webm-vorbis: bf7c407c2cedff20999df2af8eb42d56 -> 
  custom:scripting/monoscript/fileName/interactionDoor.cs: dbb0ed372802495000a7fa26fbf1414c -> 6db4ccdf368eaed0f26f29731464204b
========================================================================
Received Prepare
Begin MonoManager ReloadAssembly
- Loaded All Assemblies, in  0.269 seconds
Refreshing native plugins compatible for Editor in 2.51 ms, found 3 plugins.
Native extension for WindowsStandalone target not found
[Package Manager] Server::EnsureServerProcessIsRunning -- launch failed, reason: Unity was launched with the -noUpm command-line argument
[Package Manager] UpmClient::Send -- Unable to send message (not connected to UPM process).
[Package Manager] Cannot connect to Unity Package Manager local server
Mono: successfully reloaded assembly
- Finished resetting the current domain, in  0.748 seconds
Domain Reload Profiling: 1017ms
	BeginReloadAssembly (107ms)
		ExecutionOrderSort (0ms)
		DisableScriptedObjects (2ms)
		BackupInstance (0ms)
		ReleaseScriptingObjects (0ms)
		CreateAndSetChildDomain (29ms)
	RebuildCommonClasses (18ms)
	RebuildNativeTypeToScriptingClass (6ms)
	initialDomainReloadingComplete (20ms)
	LoadAllAssembliesAndSetupDomain (117ms)
		LoadAssemblies (159ms)
		RebuildTransferFunctionScriptingTraits (0ms)
		AnalyzeDomain (9ms)
			TypeCache.Refresh (4ms)
				TypeCache.ScanAssembly (0ms)
			ScanForSourceGeneratedMonoScriptInfo (0ms)
			ResolveRequiredComponents (4ms)
	FinalizeReload (748ms)
		ReleaseScriptCaches (0ms)
		RebuildScriptCaches (0ms)
		SetupLoadedEditorAssemblies (421ms)
			LogAssemblyErrors (0ms)
			InitializePlatformSupportModulesInManaged (4ms)
			SetLoadedEditorAssemblies (4ms)
			RefreshPlugins (0ms)
			BeforeProcessingInitializeOnLoad (40ms)
			ProcessInitializeOnLoadAttributes (355ms)
			ProcessInitializeOnLoadMethodAttributes (14ms)
			AfterProcessingInitializeOnLoad (5ms)
			EditorAssembliesLoaded (0ms)
		ExecutionOrderSort2 (0ms)
		AwakeInstancesAfterBackupRestoration (5ms)
Refreshing native plugins compatible for Editor in 2.60 ms, found 3 plugins.
Preloading 0 native plugins for Editor in 0.00 ms.
Unloading 3102 Unused Serialized files (Serialized files now loaded: 0)
Unloading 24 unused Assets / (31.7 KB). Loaded Objects now: 3607.
Memory consumption went from 130.5 MB to 130.4 MB.
Total: 2.750000 ms (FindLiveObjects: 0.243500 ms CreateObjectMapping: 0.063100 ms MarkObjects: 2.395600 ms  DeleteObjects: 0.047000 ms)

Prepare: number of updated asset objects reloaded= 0
AssetImportParameters requested are different than current active one (requested -> active):
  custom:scripting/monoscript/fileName/collectApple.cs: e5d5e5e5e315c37ad09f68a657505da2 -> 1a0bec65c529617693c30c3fc9902405
  custom:scripting/monoscript/fileName/gameHandler.cs: 9728bc5b746ca8113e2dcd11fed84641 -> fd6146b45012306ca5cb5c532fd40cdf
  custom:container-demuxer-ogg: 62fdf1f143b41e24485cea50d1cbac27 -> 
  custom:scripting/monoscript/fileName/Interactor.cs: fd6d3a6ff039bdef0cf1e66a7ec02690 -> b1519c459ed123145efd9e186ecbf8c1
  custom:video-codec-MediaFoundation-h265: 746d11721c4dcdbdad8f713fa42b33f4 -> 
  custom:scripting/monoscript/fileName/mainMenu.cs: 199545bd4e607877ca8104298f20530a -> 66a6305771d81eecc2be5f571b381f11
  custom:video-decoder-ogg-theora: a1e56fd34408186e4bbccfd4996cb3dc -> 
  custom:framework-win-MediaFoundation: 216162199b28c13a410421893ffa2e32 -> 
  custom:scripting/monoscript/fileName/DeCollected.cs: 955ee377d4dcc4a6eecbb3e16bf24df9 -> ede541d78004e4765c18ed6fd5145790
  custom:scripting/monoscript/fileName/spawnApple.cs: d0f855e841ca00899b490f3242f74747 -> e106e8a882b70da2b9c04a399b476f62
  custom:CustomObjectIndexerAttribute: 9a22284fe3817be447336de3de66b15e -> 
  custom:scripting/monoscript/fileName/collectiblesCount.cs: 899a95b8a73f834e3e4c3b2a5cc86505 -> 23d397673da8dec9b47bfcc19bff612c
  custom:container-demuxer-webm: 4f35f7cbe854078d1ac9338744f61a02 -> 
  custom:scripting/monoscript/fileName/testoDaScomparire.cs: d21a67b9151e92b59f2daee229cdecf8 -> f3511b6a84f7f95ace5c97ebb47a4a69
  custom:scripting/monoscript/fileName/walkIntoTheUnknown.cs: 3f05f7f85cdb9e44fbe77e64e8c64f08 -> 8c9860d9ab10da0efebe700bd03f557c
  custom:container-muxer-webm: aa71ff27fc2769a1b78a27578f13a17b -> 
  custom:video-decoder-webm-vp8: 9c59270c3fd7afecdb556c50c9e8de78 -> 
  custom:SearchIndexIgnoredProperties: e643bd26f0fe6173181afceb89e7c659 -> 
  custom:AudioImporter_EditorPlatform: d09bf68614088b80899f8185d706f6e7 -> 
  custom:scripting/monoscript/fileName/mouseLook.cs: 541eae1975d8c19fe0b9cb020a36d5cb -> 5e9e87bd5c1cf02f175e7899d8651bdb
  custom:scripting/monoscript/fileName/cassaCollezionista.cs: 74f405d39ba0871930084f14af83b107 -> 850838f495c9007898aaa5458f6b2c68
  custom:scripting/monoscript/fileName/pauseMenu.cs: c2a295c983174342f6984fc8765261b5 -> 90c4f2ed2d0cb519d76da049b842532a
  custom:scripting/monoscript/fileName/interatoreLetto.cs: f9a7afef6d74837f4307a4fc199cf6f5 -> cecc8f6af81e036c4374473485b9b6bd
  custom:video-encoder-webm-vp8: eb34c28f22e8b96e1ab97ce403110664 -> 
  custom:audio-decoder-ogg-vorbis: bf7c407c2cedff20999df2af8eb42d56 -> 
  custom:scripting/monoscript/fileName/playerMovement.cs: 18f974b9d7cdd5b9e54b7d86c4156301 -> 531a086122cb5e4949e8ed2030c7ad43
  custom:audio-encoder-webm-vorbis: bf7c407c2cedff20999df2af8eb42d56 -> 
  custom:scripting/monoscript/fileName/interactionDoor.cs: dbb0ed372802495000a7fa26fbf1414c -> 6db4ccdf368eaed0f26f29731464204b
========================================================================
Received Prepare
Begin MonoManager ReloadAssembly
- Loaded All Assemblies, in  0.253 seconds
Refreshing native plugins compatible for Editor in 1.78 ms, found 3 plugins.
Native extension for WindowsStandalone target not found
[Package Manager] Server::EnsureServerProcessIsRunning -- launch failed, reason: Unity was launched with the -noUpm command-line argument
[Package Manager] UpmClient::Send -- Unable to send message (not connected to UPM process).
[Package Manager] Cannot connect to Unity Package Manager local server
Mono: successfully reloaded assembly
- Finished resetting the current domain, in  0.696 seconds
Domain Reload Profiling: 948ms
	BeginReloadAssembly (107ms)
		ExecutionOrderSort (0ms)
		DisableScriptedObjects (2ms)
		BackupInstance (0ms)
		ReleaseScriptingObjects (0ms)
		CreateAndSetChildDomain (26ms)
	RebuildCommonClasses (17ms)
	RebuildNativeTypeToScriptingClass (6ms)
	initialDomainReloadingComplete (18ms)
	LoadAllAssembliesAndSetupDomain (104ms)
		LoadAssemblies (154ms)
		RebuildTransferFunctionScriptingTraits (0ms)
		AnalyzeDomain (7ms)
			TypeCache.Refresh (3ms)
				TypeCache.ScanAssembly (0ms)
			ScanForSourceGeneratedMonoScriptInfo (0ms)
			ResolveRequiredComponents (3ms)
	FinalizeReload (696ms)
		ReleaseScriptCaches (0ms)
		RebuildScriptCaches (0ms)
		SetupLoadedEditorAssemblies (411ms)
			LogAssemblyErrors (0ms)
			InitializePlatformSupportModulesInManaged (3ms)
			SetLoadedEditorAssemblies (3ms)
			RefreshPlugins (0ms)
			BeforeProcessingInitializeOnLoad (39ms)
			ProcessInitializeOnLoadAttributes (349ms)
			ProcessInitializeOnLoadMethodAttributes (11ms)
			AfterProcessingInitializeOnLoad (4ms)
			EditorAssembliesLoaded (0ms)
		ExecutionOrderSort2 (0ms)
		AwakeInstancesAfterBackupRestoration (4ms)
Refreshing native plugins compatible for Editor in 1.70 ms, found 3 plugins.
Preloading 0 native plugins for Editor in 0.00 ms.
Unloading 3102 Unused Serialized files (Serialized files now loaded: 0)
Unloading 24 unused Assets / (31.6 KB). Loaded Objects now: 3610.
Memory consumption went from 130.5 MB to 130.4 MB.
Total: 2.325700 ms (FindLiveObjects: 0.160200 ms CreateObjectMapping: 0.054900 ms MarkObjects: 2.067300 ms  DeleteObjects: 0.042600 ms)

Prepare: number of updated asset objects reloaded= 0
AssetImportParameters requested are different than current active one (requested -> active):
  custom:scripting/monoscript/fileName/collectApple.cs: e5d5e5e5e315c37ad09f68a657505da2 -> 1a0bec65c529617693c30c3fc9902405
  custom:scripting/monoscript/fileName/gameHandler.cs: 9728bc5b746ca8113e2dcd11fed84641 -> fd6146b45012306ca5cb5c532fd40cdf
  custom:container-demuxer-ogg: 62fdf1f143b41e24485cea50d1cbac27 -> 
  custom:scripting/monoscript/fileName/Interactor.cs: fd6d3a6ff039bdef0cf1e66a7ec02690 -> b1519c459ed123145efd9e186ecbf8c1
  custom:video-codec-MediaFoundation-h265: 746d11721c4dcdbdad8f713fa42b33f4 -> 
  custom:scripting/monoscript/fileName/mainMenu.cs: 199545bd4e607877ca8104298f20530a -> 66a6305771d81eecc2be5f571b381f11
  custom:video-decoder-ogg-theora: a1e56fd34408186e4bbccfd4996cb3dc -> 
  custom:framework-win-MediaFoundation: 216162199b28c13a410421893ffa2e32 -> 
  custom:scripting/monoscript/fileName/DeCollected.cs: 955ee377d4dcc4a6eecbb3e16bf24df9 -> ede541d78004e4765c18ed6fd5145790
  custom:scripting/monoscript/fileName/spawnApple.cs: d0f855e841ca00899b490f3242f74747 -> e106e8a882b70da2b9c04a399b476f62
  custom:CustomObjectIndexerAttribute: 9a22284fe3817be447336de3de66b15e -> 
  custom:scripting/monoscript/fileName/collectiblesCount.cs: 899a95b8a73f834e3e4c3b2a5cc86505 -> 23d397673da8dec9b47bfcc19bff612c
  custom:container-demuxer-webm: 4f35f7cbe854078d1ac9338744f61a02 -> 
  custom:scripting/monoscript/fileName/testoDaScomparire.cs: d21a67b9151e92b59f2daee229cdecf8 -> f3511b6a84f7f95ace5c97ebb47a4a69
  custom:scripting/monoscript/fileName/walkIntoTheUnknown.cs: 3f05f7f85cdb9e44fbe77e64e8c64f08 -> 8c9860d9ab10da0efebe700bd03f557c
  custom:container-muxer-webm: aa71ff27fc2769a1b78a27578f13a17b -> 
  custom:video-decoder-webm-vp8: 9c59270c3fd7afecdb556c50c9e8de78 -> 
  custom:SearchIndexIgnoredProperties: e643bd26f0fe6173181afceb89e7c659 -> 
  custom:AudioImporter_EditorPlatform: d09bf68614088b80899f8185d706f6e7 -> 
  custom:scripting/monoscript/fileName/mouseLook.cs: 541eae1975d8c19fe0b9cb020a36d5cb -> 5e9e87bd5c1cf02f175e7899d8651bdb
  custom:scripting/monoscript/fileName/cassaCollezionista.cs: 74f405d39ba0871930084f14af83b107 -> 850838f495c9007898aaa5458f6b2c68
  custom:scripting/monoscript/fileName/pauseMenu.cs: c2a295c983174342f6984fc8765261b5 -> 90c4f2ed2d0cb519d76da049b842532a
  custom:scripting/monoscript/fileName/interatoreLetto.cs: f9a7afef6d74837f4307a4fc199cf6f5 -> cecc8f6af81e036c4374473485b9b6bd
  custom:video-encoder-webm-vp8: eb34c28f22e8b96e1ab97ce403110664 -> 
  custom:audio-decoder-ogg-vorbis: bf7c407c2cedff20999df2af8eb42d56 -> 
  custom:scripting/monoscript/fileName/playerMovement.cs: 18f974b9d7cdd5b9e54b7d86c4156301 -> 531a086122cb5e4949e8ed2030c7ad43
  custom:audio-encoder-webm-vorbis: bf7c407c2cedff20999df2af8eb42d56 -> 
  custom:scripting/monoscript/fileName/interactionDoor.cs: dbb0ed372802495000a7fa26fbf1414c -> 6db4ccdf368eaed0f26f29731464204b
========================================================================
Received Prepare
Begin MonoManager ReloadAssembly
- Loaded All Assemblies, in  0.248 seconds
Refreshing native plugins compatible for Editor in 1.78 ms, found 3 plugins.
Native extension for WindowsStandalone target not found
[Package Manager] Server::EnsureServerProcessIsRunning -- launch failed, reason: Unity was launched with the -noUpm command-line argument
[Package Manager] UpmClient::Send -- Unable to send message (not connected to UPM process).
[Package Manager] Cannot connect to Unity Package Manager local server
Mono: successfully reloaded assembly
- Finished resetting the current domain, in  0.641 seconds
Domain Reload Profiling: 888ms
	BeginReloadAssembly (94ms)
		ExecutionOrderSort (0ms)
		DisableScriptedObjects (2ms)
		BackupInstance (0ms)
		ReleaseScriptingObjects (0ms)
		CreateAndSetChildDomain (26ms)
	RebuildCommonClasses (17ms)
	RebuildNativeTypeToScriptingClass (7ms)
	initialDomainReloadingComplete (21ms)
	LoadAllAssembliesAndSetupDomain (107ms)
		LoadAssemblies (144ms)
		RebuildTransferFunctionScriptingTraits (0ms)
		AnalyzeDomain (8ms)
			TypeCache.Refresh (4ms)
				TypeCache.ScanAssembly (0ms)
			ScanForSourceGeneratedMonoScriptInfo (0ms)
			ResolveRequiredComponents (3ms)
	FinalizeReload (641ms)
		ReleaseScriptCaches (0ms)
		RebuildScriptCaches (0ms)
		SetupLoadedEditorAssemblies (341ms)
			LogAssemblyErrors (0ms)
			InitializePlatformSupportModulesInManaged (3ms)
			SetLoadedEditorAssemblies (3ms)
			RefreshPlugins (0ms)
			BeforeProcessingInitializeOnLoad (33ms)
			ProcessInitializeOnLoadAttributes (289ms)
			ProcessInitializeOnLoadMethodAttributes (10ms)
			AfterProcessingInitializeOnLoad (4ms)
			EditorAssembliesLoaded (0ms)
		ExecutionOrderSort2 (0ms)
		AwakeInstancesAfterBackupRestoration (3ms)
Refreshing native plugins compatible for Editor in 1.74 ms, found 3 plugins.
Preloading 0 native plugins for Editor in 0.00 ms.
Unloading 3102 Unused Serialized files (Serialized files now loaded: 0)
Unloading 24 unused Assets / (31.6 KB). Loaded Objects now: 3613.
Memory consumption went from 130.5 MB to 130.4 MB.
Total: 2.514700 ms (FindLiveObjects: 0.209100 ms CreateObjectMapping: 0.040700 ms MarkObjects: 2.210200 ms  DeleteObjects: 0.054100 ms)

Prepare: number of updated asset objects reloaded= 0
AssetImportParameters requested are different than current active one (requested -> active):
  custom:scripting/monoscript/fileName/collectApple.cs: e5d5e5e5e315c37ad09f68a657505da2 -> 1a0bec65c529617693c30c3fc9902405
  custom:scripting/monoscript/fileName/gameHandler.cs: 9728bc5b746ca8113e2dcd11fed84641 -> fd6146b45012306ca5cb5c532fd40cdf
  custom:container-demuxer-ogg: 62fdf1f143b41e24485cea50d1cbac27 -> 
  custom:scripting/monoscript/fileName/Interactor.cs: fd6d3a6ff039bdef0cf1e66a7ec02690 -> b1519c459ed123145efd9e186ecbf8c1
  custom:video-codec-MediaFoundation-h265: 746d11721c4dcdbdad8f713fa42b33f4 -> 
  custom:scripting/monoscript/fileName/mainMenu.cs: 199545bd4e607877ca8104298f20530a -> 66a6305771d81eecc2be5f571b381f11
  custom:video-decoder-ogg-theora: a1e56fd34408186e4bbccfd4996cb3dc -> 
  custom:framework-win-MediaFoundation: 216162199b28c13a410421893ffa2e32 -> 
  custom:scripting/monoscript/fileName/DeCollected.cs: 955ee377d4dcc4a6eecbb3e16bf24df9 -> ede541d78004e4765c18ed6fd5145790
  custom:scripting/monoscript/fileName/spawnApple.cs: d0f855e841ca00899b490f3242f74747 -> e106e8a882b70da2b9c04a399b476f62
  custom:CustomObjectIndexerAttribute: 9a22284fe3817be447336de3de66b15e -> 
  custom:scripting/monoscript/fileName/collectiblesCount.cs: 899a95b8a73f834e3e4c3b2a5cc86505 -> 23d397673da8dec9b47bfcc19bff612c
  custom:container-demuxer-webm: 4f35f7cbe854078d1ac9338744f61a02 -> 
  custom:scripting/monoscript/fileName/testoDaScomparire.cs: d21a67b9151e92b59f2daee229cdecf8 -> f3511b6a84f7f95ace5c97ebb47a4a69
  custom:scripting/monoscript/fileName/walkIntoTheUnknown.cs: 3f05f7f85cdb9e44fbe77e64e8c64f08 -> 8c9860d9ab10da0efebe700bd03f557c
  custom:container-muxer-webm: aa71ff27fc2769a1b78a27578f13a17b -> 
  custom:video-decoder-webm-vp8: 9c59270c3fd7afecdb556c50c9e8de78 -> 
  custom:SearchIndexIgnoredProperties: e643bd26f0fe6173181afceb89e7c659 -> 
  custom:AudioImporter_EditorPlatform: d09bf68614088b80899f8185d706f6e7 -> 
  custom:scripting/monoscript/fileName/mouseLook.cs: 541eae1975d8c19fe0b9cb020a36d5cb -> 5e9e87bd5c1cf02f175e7899d8651bdb
  custom:scripting/monoscript/fileName/cassaCollezionista.cs: 74f405d39ba0871930084f14af83b107 -> 850838f495c9007898aaa5458f6b2c68
  custom:scripting/monoscript/fileName/pauseMenu.cs: c2a295c983174342f6984fc8765261b5 -> 90c4f2ed2d0cb519d76da049b842532a
  custom:scripting/monoscript/fileName/interatoreLetto.cs: f9a7afef6d74837f4307a4fc199cf6f5 -> cecc8f6af81e036c4374473485b9b6bd
  custom:video-encoder-webm-vp8: eb34c28f22e8b96e1ab97ce403110664 -> 
  custom:audio-decoder-ogg-vorbis: bf7c407c2cedff20999df2af8eb42d56 -> 
  custom:scripting/monoscript/fileName/playerMovement.cs: 18f974b9d7cdd5b9e54b7d86c4156301 -> 531a086122cb5e4949e8ed2030c7ad43
  custom:audio-encoder-webm-vorbis: bf7c407c2cedff20999df2af8eb42d56 -> 
  custom:scripting/monoscript/fileName/interactionDoor.cs: dbb0ed372802495000a7fa26fbf1414c -> 6db4ccdf368eaed0f26f29731464204b
========================================================================
Received Prepare
Begin MonoManager ReloadAssembly
- Loaded All Assemblies, in  0.253 seconds
Refreshing native plugins compatible for Editor in 1.84 ms, found 3 plugins.
Native extension for WindowsStandalone target not found
[Package Manager] Server::EnsureServerProcessIsRunning -- launch failed, reason: Unity was launched with the -noUpm command-line argument
[Package Manager] UpmClient::Send -- Unable to send message (not connected to UPM process).
[Package Manager] Cannot connect to Unity Package Manager local server
Mono: successfully reloaded assembly
- Finished resetting the current domain, in  0.695 seconds
Domain Reload Profiling: 947ms
	BeginReloadAssembly (98ms)
		ExecutionOrderSort (0ms)
		DisableScriptedObjects (2ms)
		BackupInstance (0ms)
		ReleaseScriptingObjects (0ms)
		CreateAndSetChildDomain (26ms)
	RebuildCommonClasses (17ms)
	RebuildNativeTypeToScriptingClass (6ms)
	initialDomainReloadingComplete (16ms)
	LoadAllAssembliesAndSetupDomain (114ms)
		LoadAssemblies (150ms)
		RebuildTransferFunctionScriptingTraits (0ms)
		AnalyzeDomain (12ms)
			TypeCache.Refresh (5ms)
				TypeCache.ScanAssembly (0ms)
			ScanForSourceGeneratedMonoScriptInfo (4ms)
			ResolveRequiredComponents (3ms)
	FinalizeReload (695ms)
		ReleaseScriptCaches (0ms)
		RebuildScriptCaches (0ms)
		SetupLoadedEditorAssemblies (378ms)
			LogAssemblyErrors (0ms)
			InitializePlatformSupportModulesInManaged (4ms)
			SetLoadedEditorAssemblies (3ms)
			RefreshPlugins (0ms)
			BeforeProcessingInitializeOnLoad (41ms)
			ProcessInitializeOnLoadAttributes (315ms)
			ProcessInitializeOnLoadMethodAttributes (10ms)
			AfterProcessingInitializeOnLoad (4ms)
			EditorAssembliesLoaded (0ms)
		ExecutionOrderSort2 (0ms)
		AwakeInstancesAfterBackupRestoration (4ms)
Refreshing native plugins compatible for Editor in 1.57 ms, found 3 plugins.
Preloading 0 native plugins for Editor in 0.00 ms.
Unloading 3102 Unused Serialized files (Serialized files now loaded: 0)
Unloading 24 unused Assets / (31.7 KB). Loaded Objects now: 3616.
Memory consumption went from 130.5 MB to 130.4 MB.
Total: 2.339100 ms (FindLiveObjects: 0.195000 ms CreateObjectMapping: 0.050200 ms MarkObjects: 2.057100 ms  DeleteObjects: 0.036300 ms)

Prepare: number of updated asset objects reloaded= 0
AssetImportParameters requested are different than current active one (requested -> active):
  custom:scripting/monoscript/fileName/collectApple.cs: e5d5e5e5e315c37ad09f68a657505da2 -> 1a0bec65c529617693c30c3fc9902405
  custom:scripting/monoscript/fileName/gameHandler.cs: 9728bc5b746ca8113e2dcd11fed84641 -> fd6146b45012306ca5cb5c532fd40cdf
  custom:container-demuxer-ogg: 62fdf1f143b41e24485cea50d1cbac27 -> 
  custom:scripting/monoscript/fileName/Interactor.cs: fd6d3a6ff039bdef0cf1e66a7ec02690 -> b1519c459ed123145efd9e186ecbf8c1
  custom:video-codec-MediaFoundation-h265: 746d11721c4dcdbdad8f713fa42b33f4 -> 
  custom:scripting/monoscript/fileName/mainMenu.cs: 199545bd4e607877ca8104298f20530a -> 66a6305771d81eecc2be5f571b381f11
  custom:video-decoder-ogg-theora: a1e56fd34408186e4bbccfd4996cb3dc -> 
  custom:framework-win-MediaFoundation: 216162199b28c13a410421893ffa2e32 -> 
  custom:scripting/monoscript/fileName/DeCollected.cs: 955ee377d4dcc4a6eecbb3e16bf24df9 -> ede541d78004e4765c18ed6fd5145790
  custom:scripting/monoscript/fileName/spawnApple.cs: 3f477b36a321fa283c38649a92837938 -> d0f855e841ca00899b490f3242f74747
  custom:CustomObjectIndexerAttribute: 9a22284fe3817be447336de3de66b15e -> 
  custom:scripting/monoscript/fileName/collectiblesCount.cs: 899a95b8a73f834e3e4c3b2a5cc86505 -> 23d397673da8dec9b47bfcc19bff612c
  custom:container-demuxer-webm: 4f35f7cbe854078d1ac9338744f61a02 -> 
  custom:scripting/monoscript/fileName/testoDaScomparire.cs: d21a67b9151e92b59f2daee229cdecf8 -> f3511b6a84f7f95ace5c97ebb47a4a69
  custom:scripting/monoscript/fileName/walkIntoTheUnknown.cs: 3f05f7f85cdb9e44fbe77e64e8c64f08 -> 8c9860d9ab10da0efebe700bd03f557c
  custom:container-muxer-webm: aa71ff27fc2769a1b78a27578f13a17b -> 
  custom:video-decoder-webm-vp8: 9c59270c3fd7afecdb556c50c9e8de78 -> 
  custom:SearchIndexIgnoredProperties: e643bd26f0fe6173181afceb89e7c659 -> 
  custom:AudioImporter_EditorPlatform: d09bf68614088b80899f8185d706f6e7 -> 
  custom:scripting/monoscript/fileName/mouseLook.cs: 541eae1975d8c19fe0b9cb020a36d5cb -> 5e9e87bd5c1cf02f175e7899d8651bdb
  custom:scripting/monoscript/fileName/cassaCollezionista.cs: 74f405d39ba0871930084f14af83b107 -> 850838f495c9007898aaa5458f6b2c68
  custom:scripting/monoscript/fileName/pauseMenu.cs: c2a295c983174342f6984fc8765261b5 -> 90c4f2ed2d0cb519d76da049b842532a
  custom:scripting/monoscript/fileName/interatoreLetto.cs: f9a7afef6d74837f4307a4fc199cf6f5 -> cecc8f6af81e036c4374473485b9b6bd
  custom:video-encoder-webm-vp8: eb34c28f22e8b96e1ab97ce403110664 -> 
  custom:audio-decoder-ogg-vorbis: bf7c407c2cedff20999df2af8eb42d56 -> 
  custom:scripting/monoscript/fileName/playerMovement.cs: 18f974b9d7cdd5b9e54b7d86c4156301 -> 531a086122cb5e4949e8ed2030c7ad43
  custom:audio-encoder-webm-vorbis: bf7c407c2cedff20999df2af8eb42d56 -> 
  custom:scripting/monoscript/fileName/interactionDoor.cs: dbb0ed372802495000a7fa26fbf1414c -> 6db4ccdf368eaed0f26f29731464204b
========================================================================
Received Prepare
Begin MonoManager ReloadAssembly
- Loaded All Assemblies, in  0.283 seconds
Refreshing native plugins compatible for Editor in 2.57 ms, found 3 plugins.
Native extension for WindowsStandalone target not found
[Package Manager] Server::EnsureServerProcessIsRunning -- launch failed, reason: Unity was launched with the -noUpm command-line argument
[Package Manager] UpmClient::Send -- Unable to send message (not connected to UPM process).
[Package Manager] Cannot connect to Unity Package Manager local server
Mono: successfully reloaded assembly
- Finished resetting the current domain, in  0.720 seconds
Domain Reload Profiling: 1003ms
	BeginReloadAssembly (108ms)
		ExecutionOrderSort (0ms)
		DisableScriptedObjects (3ms)
		BackupInstance (0ms)
		ReleaseScriptingObjects (0ms)
		CreateAndSetChildDomain (25ms)
	RebuildCommonClasses (20ms)
	RebuildNativeTypeToScriptingClass (7ms)
	initialDomainReloadingComplete (17ms)
	LoadAllAssembliesAndSetupDomain (130ms)
		LoadAssemblies (169ms)
		RebuildTransferFunctionScriptingTraits (0ms)
		AnalyzeDomain (16ms)
			TypeCache.Refresh (6ms)
				TypeCache.ScanAssembly (0ms)
			ScanForSourceGeneratedMonoScriptInfo (5ms)
			ResolveRequiredComponents (4ms)
	FinalizeReload (721ms)
		ReleaseScriptCaches (0ms)
		RebuildScriptCaches (0ms)
		SetupLoadedEditorAssemblies (378ms)
			LogAssemblyErrors (0ms)
			InitializePlatformSupportModulesInManaged (4ms)
			SetLoadedEditorAssemblies (2ms)
			RefreshPlugins (0ms)
			BeforeProcessingInitializeOnLoad (44ms)
			ProcessInitializeOnLoadAttributes (311ms)
			ProcessInitializeOnLoadMethodAttributes (14ms)
			AfterProcessingInitializeOnLoad (4ms)
			EditorAssembliesLoaded (0ms)
		ExecutionOrderSort2 (0ms)
		AwakeInstancesAfterBackupRestoration (5ms)
Refreshing native plugins compatible for Editor in 1.75 ms, found 3 plugins.
Preloading 0 native plugins for Editor in 0.00 ms.
Unloading 3102 Unused Serialized files (Serialized files now loaded: 0)
Unloading 24 unused Assets / (31.8 KB). Loaded Objects now: 3619.
Memory consumption went from 130.5 MB to 130.4 MB.
Total: 3.098000 ms (FindLiveObjects: 0.330100 ms CreateObjectMapping: 0.064300 ms MarkObjects: 2.658500 ms  DeleteObjects: 0.044700 ms)

Prepare: number of updated asset objects reloaded= 0
AssetImportParameters requested are different than current active one (requested -> active):
  custom:scripting/monoscript/fileName/collectApple.cs: e5d5e5e5e315c37ad09f68a657505da2 -> 1a0bec65c529617693c30c3fc9902405
  custom:scripting/monoscript/fileName/gameHandler.cs: 9728bc5b746ca8113e2dcd11fed84641 -> fd6146b45012306ca5cb5c532fd40cdf
  custom:container-demuxer-ogg: 62fdf1f143b41e24485cea50d1cbac27 -> 
  custom:scripting/monoscript/fileName/Interactor.cs: fd6d3a6ff039bdef0cf1e66a7ec02690 -> b1519c459ed123145efd9e186ecbf8c1
  custom:video-codec-MediaFoundation-h265: 746d11721c4dcdbdad8f713fa42b33f4 -> 
  custom:scripting/monoscript/fileName/mainMenu.cs: 199545bd4e607877ca8104298f20530a -> 66a6305771d81eecc2be5f571b381f11
  custom:video-decoder-ogg-theora: a1e56fd34408186e4bbccfd4996cb3dc -> 
  custom:framework-win-MediaFoundation: 216162199b28c13a410421893ffa2e32 -> 
  custom:scripting/monoscript/fileName/DeCollected.cs: 955ee377d4dcc4a6eecbb3e16bf24df9 -> ede541d78004e4765c18ed6fd5145790
  custom:scripting/monoscript/fileName/spawnApple.cs: 3f477b36a321fa283c38649a92837938 -> d0f855e841ca00899b490f3242f74747
  custom:CustomObjectIndexerAttribute: 9a22284fe3817be447336de3de66b15e -> 
  custom:scripting/monoscript/fileName/collectiblesCount.cs: 899a95b8a73f834e3e4c3b2a5cc86505 -> 23d397673da8dec9b47bfcc19bff612c
  custom:container-demuxer-webm: 4f35f7cbe854078d1ac9338744f61a02 -> 
  custom:scripting/monoscript/fileName/testoDaScomparire.cs: d21a67b9151e92b59f2daee229cdecf8 -> f3511b6a84f7f95ace5c97ebb47a4a69
  custom:scripting/monoscript/fileName/walkIntoTheUnknown.cs: 3f05f7f85cdb9e44fbe77e64e8c64f08 -> 8c9860d9ab10da0efebe700bd03f557c
  custom:container-muxer-webm: aa71ff27fc2769a1b78a27578f13a17b -> 
  custom:video-decoder-webm-vp8: 9c59270c3fd7afecdb556c50c9e8de78 -> 
  custom:SearchIndexIgnoredProperties: e643bd26f0fe6173181afceb89e7c659 -> 
  custom:AudioImporter_EditorPlatform: d09bf68614088b80899f8185d706f6e7 -> 
  custom:scripting/monoscript/fileName/mouseLook.cs: 541eae1975d8c19fe0b9cb020a36d5cb -> 5e9e87bd5c1cf02f175e7899d8651bdb
  custom:scripting/monoscript/fileName/cassaCollezionista.cs: 74f405d39ba0871930084f14af83b107 -> 850838f495c9007898aaa5458f6b2c68
  custom:scripting/monoscript/fileName/pauseMenu.cs: c2a295c983174342f6984fc8765261b5 -> 90c4f2ed2d0cb519d76da049b842532a
  custom:scripting/monoscript/fileName/interatoreLetto.cs: f9a7afef6d74837f4307a4fc199cf6f5 -> cecc8f6af81e036c4374473485b9b6bd
  custom:video-encoder-webm-vp8: eb34c28f22e8b96e1ab97ce403110664 -> 
  custom:audio-decoder-ogg-vorbis: bf7c407c2cedff20999df2af8eb42d56 -> 
  custom:scripting/monoscript/fileName/playerMovement.cs: 18f974b9d7cdd5b9e54b7d86c4156301 -> 531a086122cb5e4949e8ed2030c7ad43
  custom:audio-encoder-webm-vorbis: bf7c407c2cedff20999df2af8eb42d56 -> 
  custom:scripting/monoscript/fileName/interactionDoor.cs: dbb0ed372802495000a7fa26fbf1414c -> 6db4ccdf368eaed0f26f29731464204b
========================================================================
Received Prepare
Begin MonoManager ReloadAssembly
- Loaded All Assemblies, in  0.276 seconds
Refreshing native plugins compatible for Editor in 1.79 ms, found 3 plugins.
Native extension for WindowsStandalone target not found
[Package Manager] Server::EnsureServerProcessIsRunning -- launch failed, reason: Unity was launched with the -noUpm command-line argument
[Package Manager] UpmClient::Send -- Unable to send message (not connected to UPM process).
[Package Manager] Cannot connect to Unity Package Manager local server
Mono: successfully reloaded assembly
- Finished resetting the current domain, in  0.710 seconds
Domain Reload Profiling: 984ms
	BeginReloadAssembly (109ms)
		ExecutionOrderSort (0ms)
		DisableScriptedObjects (4ms)
		BackupInstance (0ms)
		ReleaseScriptingObjects (0ms)
		CreateAndSetChildDomain (25ms)
	RebuildCommonClasses (26ms)
	RebuildNativeTypeToScriptingClass (8ms)
	initialDomainReloadingComplete (18ms)
	LoadAllAssembliesAndSetupDomain (113ms)
		LoadAssemblies (162ms)
		RebuildTransferFunctionScriptingTraits (0ms)
		AnalyzeDomain (7ms)
			TypeCache.Refresh (3ms)
				TypeCache.ScanAssembly (0ms)
			ScanForSourceGeneratedMonoScriptInfo (0ms)
			ResolveRequiredComponents (3ms)
	FinalizeReload (710ms)
		ReleaseScriptCaches (0ms)
		RebuildScriptCaches (0ms)
		SetupLoadedEditorAssemblies (400ms)
			LogAssemblyErrors (0ms)
			InitializePlatformSupportModulesInManaged (4ms)
			SetLoadedEditorAssemblies (2ms)
			RefreshPlugins (0ms)
			BeforeProcessingInitializeOnLoad (37ms)
			ProcessInitializeOnLoadAttributes (339ms)
			ProcessInitializeOnLoadMethodAttributes (14ms)
			AfterProcessingInitializeOnLoad (4ms)
			EditorAssembliesLoaded (0ms)
		ExecutionOrderSort2 (0ms)
		AwakeInstancesAfterBackupRestoration (5ms)
Refreshing native plugins compatible for Editor in 2.11 ms, found 3 plugins.
Preloading 0 native plugins for Editor in 0.00 ms.
Unloading 3102 Unused Serialized files (Serialized files now loaded: 0)
Unloading 24 unused Assets / (31.8 KB). Loaded Objects now: 3622.
Memory consumption went from 130.5 MB to 130.4 MB.
Total: 2.905300 ms (FindLiveObjects: 0.236000 ms CreateObjectMapping: 0.042900 ms MarkObjects: 2.575400 ms  DeleteObjects: 0.050400 ms)

Prepare: number of updated asset objects reloaded= 0
AssetImportParameters requested are different than current active one (requested -> active):
  custom:scripting/monoscript/fileName/collectApple.cs: e5d5e5e5e315c37ad09f68a657505da2 -> 1a0bec65c529617693c30c3fc9902405
  custom:scripting/monoscript/fileName/gameHandler.cs: 9728bc5b746ca8113e2dcd11fed84641 -> fd6146b45012306ca5cb5c532fd40cdf
  custom:container-demuxer-ogg: 62fdf1f143b41e24485cea50d1cbac27 -> 
  custom:scripting/monoscript/fileName/Interactor.cs: fd6d3a6ff039bdef0cf1e66a7ec02690 -> b1519c459ed123145efd9e186ecbf8c1
  custom:video-codec-MediaFoundation-h265: 746d11721c4dcdbdad8f713fa42b33f4 -> 
  custom:scripting/monoscript/fileName/mainMenu.cs: 199545bd4e607877ca8104298f20530a -> 66a6305771d81eecc2be5f571b381f11
  custom:video-decoder-ogg-theora: a1e56fd34408186e4bbccfd4996cb3dc -> 
  custom:framework-win-MediaFoundation: 216162199b28c13a410421893ffa2e32 -> 
  custom:scripting/monoscript/fileName/DeCollected.cs: 955ee377d4dcc4a6eecbb3e16bf24df9 -> ede541d78004e4765c18ed6fd5145790
  custom:scripting/monoscript/fileName/spawnApple.cs: 3f477b36a321fa283c38649a92837938 -> d0f855e841ca00899b490f3242f74747
  custom:CustomObjectIndexerAttribute: 9a22284fe3817be447336de3de66b15e -> 
  custom:scripting/monoscript/fileName/collectiblesCount.cs: 899a95b8a73f834e3e4c3b2a5cc86505 -> 23d397673da8dec9b47bfcc19bff612c
  custom:container-demuxer-webm: 4f35f7cbe854078d1ac9338744f61a02 -> 
  custom:scripting/monoscript/fileName/testoDaScomparire.cs: d21a67b9151e92b59f2daee229cdecf8 -> f3511b6a84f7f95ace5c97ebb47a4a69
  custom:scripting/monoscript/fileName/walkIntoTheUnknown.cs: 3f05f7f85cdb9e44fbe77e64e8c64f08 -> 8c9860d9ab10da0efebe700bd03f557c
  custom:container-muxer-webm: aa71ff27fc2769a1b78a27578f13a17b -> 
  custom:video-decoder-webm-vp8: 9c59270c3fd7afecdb556c50c9e8de78 -> 
  custom:SearchIndexIgnoredProperties: e643bd26f0fe6173181afceb89e7c659 -> 
  custom:AudioImporter_EditorPlatform: d09bf68614088b80899f8185d706f6e7 -> 
  custom:scripting/monoscript/fileName/mouseLook.cs: 541eae1975d8c19fe0b9cb020a36d5cb -> 5e9e87bd5c1cf02f175e7899d8651bdb
  custom:scripting/monoscript/fileName/cassaCollezionista.cs: 74f405d39ba0871930084f14af83b107 -> 850838f495c9007898aaa5458f6b2c68
  custom:scripting/monoscript/fileName/pauseMenu.cs: c2a295c983174342f6984fc8765261b5 -> 90c4f2ed2d0cb519d76da049b842532a
  custom:scripting/monoscript/fileName/interatoreLetto.cs: f9a7afef6d74837f4307a4fc199cf6f5 -> cecc8f6af81e036c4374473485b9b6bd
  custom:video-encoder-webm-vp8: eb34c28f22e8b96e1ab97ce403110664 -> 
  custom:audio-decoder-ogg-vorbis: bf7c407c2cedff20999df2af8eb42d56 -> 
  custom:scripting/monoscript/fileName/playerMovement.cs: 18f974b9d7cdd5b9e54b7d86c4156301 -> 531a086122cb5e4949e8ed2030c7ad43
  custom:audio-encoder-webm-vorbis: bf7c407c2cedff20999df2af8eb42d56 -> 
  custom:scripting/monoscript/fileName/interactionDoor.cs: dbb0ed372802495000a7fa26fbf1414c -> 6db4ccdf368eaed0f26f29731464204b
========================================================================
Received Prepare
Begin MonoManager ReloadAssembly
- Loaded All Assemblies, in  0.246 seconds
Refreshing native plugins compatible for Editor in 1.82 ms, found 3 plugins.
Native extension for WindowsStandalone target not found
[Package Manager] Server::EnsureServerProcessIsRunning -- launch failed, reason: Unity was launched with the -noUpm command-line argument
[Package Manager] UpmClient::Send -- Unable to send message (not connected to UPM process).
[Package Manager] Cannot connect to Unity Package Manager local server
Mono: successfully reloaded assembly
- Finished resetting the current domain, in  0.661 seconds
Domain Reload Profiling: 907ms
	BeginReloadAssembly (98ms)
		ExecutionOrderSort (0ms)
		DisableScriptedObjects (2ms)
		BackupInstance (0ms)
		ReleaseScriptingObjects (0ms)
		CreateAndSetChildDomain (27ms)
	RebuildCommonClasses (18ms)
	RebuildNativeTypeToScriptingClass (6ms)
	initialDomainReloadingComplete (16ms)
	LoadAllAssembliesAndSetupDomain (107ms)
		LoadAssemblies (146ms)
		RebuildTransferFunctionScriptingTraits (0ms)
		AnalyzeDomain (8ms)
			TypeCache.Refresh (3ms)
				TypeCache.ScanAssembly (0ms)
			ScanForSourceGeneratedMonoScriptInfo (0ms)
			ResolveRequiredComponents (4ms)
	FinalizeReload (662ms)
		ReleaseScriptCaches (0ms)
		RebuildScriptCaches (0ms)
		SetupLoadedEditorAssemblies (358ms)
			LogAssemblyErrors (0ms)
			InitializePlatformSupportModulesInManaged (4ms)
			SetLoadedEditorAssemblies (2ms)
			RefreshPlugins (0ms)
			BeforeProcessingInitializeOnLoad (32ms)
			ProcessInitializeOnLoadAttributes (305ms)
			ProcessInitializeOnLoadMethodAttributes (11ms)
			AfterProcessingInitializeOnLoad (4ms)
			EditorAssembliesLoaded (0ms)
		ExecutionOrderSort2 (0ms)
		AwakeInstancesAfterBackupRestoration (4ms)
Refreshing native plugins compatible for Editor in 1.65 ms, found 3 plugins.
Preloading 0 native plugins for Editor in 0.00 ms.
Unloading 3102 Unused Serialized files (Serialized files now loaded: 0)
Unloading 24 unused Assets / (31.8 KB). Loaded Objects now: 3625.
Memory consumption went from 130.5 MB to 130.5 MB.
Total: 2.356600 ms (FindLiveObjects: 0.219100 ms CreateObjectMapping: 0.050200 ms MarkObjects: 2.046900 ms  DeleteObjects: 0.039600 ms)

Prepare: number of updated asset objects reloaded= 0
AssetImportParameters requested are different than current active one (requested -> active):
  custom:scripting/monoscript/fileName/collectApple.cs: e5d5e5e5e315c37ad09f68a657505da2 -> 1a0bec65c529617693c30c3fc9902405
  custom:scripting/monoscript/fileName/gameHandler.cs: 9728bc5b746ca8113e2dcd11fed84641 -> fd6146b45012306ca5cb5c532fd40cdf
  custom:container-demuxer-ogg: 62fdf1f143b41e24485cea50d1cbac27 -> 
  custom:scripting/monoscript/fileName/Interactor.cs: fd6d3a6ff039bdef0cf1e66a7ec02690 -> b1519c459ed123145efd9e186ecbf8c1
  custom:video-codec-MediaFoundation-h265: 746d11721c4dcdbdad8f713fa42b33f4 -> 
  custom:scripting/monoscript/fileName/mainMenu.cs: 199545bd4e607877ca8104298f20530a -> 66a6305771d81eecc2be5f571b381f11
  custom:video-decoder-ogg-theora: a1e56fd34408186e4bbccfd4996cb3dc -> 
  custom:framework-win-MediaFoundation: 216162199b28c13a410421893ffa2e32 -> 
  custom:scripting/monoscript/fileName/DeCollected.cs: 955ee377d4dcc4a6eecbb3e16bf24df9 -> ede541d78004e4765c18ed6fd5145790
  custom:scripting/monoscript/fileName/spawnApple.cs: 3f477b36a321fa283c38649a92837938 -> d0f855e841ca00899b490f3242f74747
  custom:CustomObjectIndexerAttribute: 9a22284fe3817be447336de3de66b15e -> 
  custom:scripting/monoscript/fileName/collectiblesCount.cs: 899a95b8a73f834e3e4c3b2a5cc86505 -> 23d397673da8dec9b47bfcc19bff612c
  custom:container-demuxer-webm: 4f35f7cbe854078d1ac9338744f61a02 -> 
  custom:scripting/monoscript/fileName/testoDaScomparire.cs: d21a67b9151e92b59f2daee229cdecf8 -> f3511b6a84f7f95ace5c97ebb47a4a69
  custom:scripting/monoscript/fileName/walkIntoTheUnknown.cs: 3f05f7f85cdb9e44fbe77e64e8c64f08 -> 8c9860d9ab10da0efebe700bd03f557c
  custom:container-muxer-webm: aa71ff27fc2769a1b78a27578f13a17b -> 
  custom:video-decoder-webm-vp8: 9c59270c3fd7afecdb556c50c9e8de78 -> 
  custom:SearchIndexIgnoredProperties: e643bd26f0fe6173181afceb89e7c659 -> 
  custom:AudioImporter_EditorPlatform: d09bf68614088b80899f8185d706f6e7 -> 
  custom:scripting/monoscript/fileName/mouseLook.cs: 541eae1975d8c19fe0b9cb020a36d5cb -> 5e9e87bd5c1cf02f175e7899d8651bdb
  custom:scripting/monoscript/fileName/cassaCollezionista.cs: 74f405d39ba0871930084f14af83b107 -> 850838f495c9007898aaa5458f6b2c68
  custom:scripting/monoscript/fileName/pauseMenu.cs: c2a295c983174342f6984fc8765261b5 -> 90c4f2ed2d0cb519d76da049b842532a
  custom:scripting/monoscript/fileName/interatoreLetto.cs: f9a7afef6d74837f4307a4fc199cf6f5 -> cecc8f6af81e036c4374473485b9b6bd
  custom:video-encoder-webm-vp8: eb34c28f22e8b96e1ab97ce403110664 -> 
  custom:audio-decoder-ogg-vorbis: bf7c407c2cedff20999df2af8eb42d56 -> 
  custom:scripting/monoscript/fileName/playerMovement.cs: 18f974b9d7cdd5b9e54b7d86c4156301 -> 531a086122cb5e4949e8ed2030c7ad43
  custom:audio-encoder-webm-vorbis: bf7c407c2cedff20999df2af8eb42d56 -> 
  custom:scripting/monoscript/fileName/interactionDoor.cs: dbb0ed372802495000a7fa26fbf1414c -> 6db4ccdf368eaed0f26f29731464204b
========================================================================
Received Prepare
Begin MonoManager ReloadAssembly
- Loaded All Assemblies, in  0.263 seconds
Refreshing native plugins compatible for Editor in 1.78 ms, found 3 plugins.
Native extension for WindowsStandalone target not found
[Package Manager] Server::EnsureServerProcessIsRunning -- launch failed, reason: Unity was launched with the -noUpm command-line argument
[Package Manager] UpmClient::Send -- Unable to send message (not connected to UPM process).
[Package Manager] Cannot connect to Unity Package Manager local server
Mono: successfully reloaded assembly
- Finished resetting the current domain, in  0.716 seconds
Domain Reload Profiling: 977ms
	BeginReloadAssembly (102ms)
		ExecutionOrderSort (0ms)
		DisableScriptedObjects (2ms)
		BackupInstance (0ms)
		ReleaseScriptingObjects (0ms)
		CreateAndSetChildDomain (27ms)
	RebuildCommonClasses (24ms)
	RebuildNativeTypeToScriptingClass (10ms)
	initialDomainReloadingComplete (18ms)
	LoadAllAssembliesAndSetupDomain (108ms)
		LoadAssemblies (152ms)
		RebuildTransferFunctionScriptingTraits (0ms)
		AnalyzeDomain (7ms)
			TypeCache.Refresh (3ms)
				TypeCache.ScanAssembly (0ms)
			ScanForSourceGeneratedMonoScriptInfo (0ms)
			ResolveRequiredComponents (3ms)
	FinalizeReload (716ms)
		ReleaseScriptCaches (0ms)
		RebuildScriptCaches (0ms)
		SetupLoadedEditorAssemblies (403ms)
			LogAssemblyErrors (0ms)
			InitializePlatformSupportModulesInManaged (3ms)
			SetLoadedEditorAssemblies (2ms)
			RefreshPlugins (0ms)
			BeforeProcessingInitializeOnLoad (40ms)
			ProcessInitializeOnLoadAttributes (341ms)
			ProcessInitializeOnLoadMethodAttributes (12ms)
			AfterProcessingInitializeOnLoad (5ms)
			EditorAssembliesLoaded (0ms)
		ExecutionOrderSort2 (0ms)
		AwakeInstancesAfterBackupRestoration (5ms)
Refreshing native plugins compatible for Editor in 2.11 ms, found 3 plugins.
Preloading 0 native plugins for Editor in 0.00 ms.
Unloading 3102 Unused Serialized files (Serialized files now loaded: 0)
Unloading 24 unused Assets / (31.8 KB). Loaded Objects now: 3628.
Memory consumption went from 130.5 MB to 130.5 MB.
Total: 2.927200 ms (FindLiveObjects: 0.229900 ms CreateObjectMapping: 0.041600 ms MarkObjects: 2.605200 ms  DeleteObjects: 0.049400 ms)

Prepare: number of updated asset objects reloaded= 0
AssetImportParameters requested are different than current active one (requested -> active):
  custom:scripting/monoscript/fileName/collectApple.cs: e5d5e5e5e315c37ad09f68a657505da2 -> 1a0bec65c529617693c30c3fc9902405
  custom:scripting/monoscript/fileName/gameHandler.cs: 9728bc5b746ca8113e2dcd11fed84641 -> fd6146b45012306ca5cb5c532fd40cdf
  custom:container-demuxer-ogg: 62fdf1f143b41e24485cea50d1cbac27 -> 
  custom:scripting/monoscript/fileName/Interactor.cs: fd6d3a6ff039bdef0cf1e66a7ec02690 -> b1519c459ed123145efd9e186ecbf8c1
  custom:video-codec-MediaFoundation-h265: 746d11721c4dcdbdad8f713fa42b33f4 -> 
  custom:scripting/monoscript/fileName/mainMenu.cs: 199545bd4e607877ca8104298f20530a -> 66a6305771d81eecc2be5f571b381f11
  custom:video-decoder-ogg-theora: a1e56fd34408186e4bbccfd4996cb3dc -> 
  custom:framework-win-MediaFoundation: 216162199b28c13a410421893ffa2e32 -> 
  custom:scripting/monoscript/fileName/DeCollected.cs: 955ee377d4dcc4a6eecbb3e16bf24df9 -> ede541d78004e4765c18ed6fd5145790
  custom:scripting/monoscript/fileName/spawnApple.cs: 3f477b36a321fa283c38649a92837938 -> d0f855e841ca00899b490f3242f74747
  custom:CustomObjectIndexerAttribute: 9a22284fe3817be447336de3de66b15e -> 
  custom:scripting/monoscript/fileName/collectiblesCount.cs: 899a95b8a73f834e3e4c3b2a5cc86505 -> 23d397673da8dec9b47bfcc19bff612c
  custom:container-demuxer-webm: 4f35f7cbe854078d1ac9338744f61a02 -> 
  custom:scripting/monoscript/fileName/testoDaScomparire.cs: d21a67b9151e92b59f2daee229cdecf8 -> f3511b6a84f7f95ace5c97ebb47a4a69
  custom:scripting/monoscript/fileName/walkIntoTheUnknown.cs: 3f05f7f85cdb9e44fbe77e64e8c64f08 -> 8c9860d9ab10da0efebe700bd03f557c
  custom:container-muxer-webm: aa71ff27fc2769a1b78a27578f13a17b -> 
  custom:video-decoder-webm-vp8: 9c59270c3fd7afecdb556c50c9e8de78 -> 
  custom:SearchIndexIgnoredProperties: e643bd26f0fe6173181afceb89e7c659 -> 
  custom:AudioImporter_EditorPlatform: d09bf68614088b80899f8185d706f6e7 -> 
  custom:scripting/monoscript/fileName/mouseLook.cs: 541eae1975d8c19fe0b9cb020a36d5cb -> 5e9e87bd5c1cf02f175e7899d8651bdb
  custom:scripting/monoscript/fileName/cassaCollezionista.cs: 74f405d39ba0871930084f14af83b107 -> 850838f495c9007898aaa5458f6b2c68
  custom:scripting/monoscript/fileName/pauseMenu.cs: c2a295c983174342f6984fc8765261b5 -> 90c4f2ed2d0cb519d76da049b842532a
  custom:scripting/monoscript/fileName/interatoreLetto.cs: f9a7afef6d74837f4307a4fc199cf6f5 -> cecc8f6af81e036c4374473485b9b6bd
  custom:video-encoder-webm-vp8: eb34c28f22e8b96e1ab97ce403110664 -> 
  custom:audio-decoder-ogg-vorbis: bf7c407c2cedff20999df2af8eb42d56 -> 
  custom:scripting/monoscript/fileName/playerMovement.cs: 18f974b9d7cdd5b9e54b7d86c4156301 -> 531a086122cb5e4949e8ed2030c7ad43
  custom:audio-encoder-webm-vorbis: bf7c407c2cedff20999df2af8eb42d56 -> 
  custom:scripting/monoscript/fileName/interactionDoor.cs: dbb0ed372802495000a7fa26fbf1414c -> 6db4ccdf368eaed0f26f29731464204b
========================================================================
Received Prepare
Begin MonoManager ReloadAssembly
- Loaded All Assemblies, in  0.284 seconds
Refreshing native plugins compatible for Editor in 1.83 ms, found 3 plugins.
Native extension for WindowsStandalone target not found
[Package Manager] Server::EnsureServerProcessIsRunning -- launch failed, reason: Unity was launched with the -noUpm command-line argument
[Package Manager] UpmClient::Send -- Unable to send message (not connected to UPM process).
[Package Manager] Cannot connect to Unity Package Manager local server
Mono: successfully reloaded assembly
- Finished resetting the current domain, in  0.714 seconds
Domain Reload Profiling: 996ms
	BeginReloadAssembly (105ms)
		ExecutionOrderSort (0ms)
		DisableScriptedObjects (2ms)
		BackupInstance (0ms)
		ReleaseScriptingObjects (0ms)
		CreateAndSetChildDomain (32ms)
	RebuildCommonClasses (19ms)
	RebuildNativeTypeToScriptingClass (10ms)
	initialDomainReloadingComplete (21ms)
	LoadAllAssembliesAndSetupDomain (128ms)
		LoadAssemblies (163ms)
		RebuildTransferFunctionScriptingTraits (0ms)
		AnalyzeDomain (13ms)
			TypeCache.Refresh (5ms)
				TypeCache.ScanAssembly (0ms)
			ScanForSourceGeneratedMonoScriptInfo (4ms)
			ResolveRequiredComponents (3ms)
	FinalizeReload (714ms)
		ReleaseScriptCaches (0ms)
		RebuildScriptCaches (0ms)
		SetupLoadedEditorAssemblies (392ms)
			LogAssemblyErrors (0ms)
			InitializePlatformSupportModulesInManaged (4ms)
			SetLoadedEditorAssemblies (3ms)
			RefreshPlugins (0ms)
			BeforeProcessingInitializeOnLoad (38ms)
			ProcessInitializeOnLoadAttributes (332ms)
			ProcessInitializeOnLoadMethodAttributes (11ms)
			AfterProcessingInitializeOnLoad (4ms)
			EditorAssembliesLoaded (0ms)
		ExecutionOrderSort2 (0ms)
		AwakeInstancesAfterBackupRestoration (3ms)
Refreshing native plugins compatible for Editor in 1.65 ms, found 3 plugins.
Preloading 0 native plugins for Editor in 0.00 ms.
Unloading 3102 Unused Serialized files (Serialized files now loaded: 0)
Unloading 24 unused Assets / (31.7 KB). Loaded Objects now: 3631.
Memory consumption went from 130.5 MB to 130.5 MB.
Total: 2.798200 ms (FindLiveObjects: 0.325400 ms CreateObjectMapping: 0.070500 ms MarkObjects: 2.359300 ms  DeleteObjects: 0.042200 ms)

Prepare: number of updated asset objects reloaded= 0
AssetImportParameters requested are different than current active one (requested -> active):
  custom:scripting/monoscript/fileName/collectApple.cs: e5d5e5e5e315c37ad09f68a657505da2 -> 1a0bec65c529617693c30c3fc9902405
  custom:scripting/monoscript/fileName/gameHandler.cs: 9728bc5b746ca8113e2dcd11fed84641 -> fd6146b45012306ca5cb5c532fd40cdf
  custom:container-demuxer-ogg: 62fdf1f143b41e24485cea50d1cbac27 -> 
  custom:scripting/monoscript/fileName/Interactor.cs: fd6d3a6ff039bdef0cf1e66a7ec02690 -> b1519c459ed123145efd9e186ecbf8c1
  custom:video-codec-MediaFoundation-h265: 746d11721c4dcdbdad8f713fa42b33f4 -> 
  custom:scripting/monoscript/fileName/mainMenu.cs: 199545bd4e607877ca8104298f20530a -> 66a6305771d81eecc2be5f571b381f11
  custom:video-decoder-ogg-theora: a1e56fd34408186e4bbccfd4996cb3dc -> 
  custom:framework-win-MediaFoundation: 216162199b28c13a410421893ffa2e32 -> 
  custom:scripting/monoscript/fileName/DeCollected.cs: 955ee377d4dcc4a6eecbb3e16bf24df9 -> ede541d78004e4765c18ed6fd5145790
  custom:scripting/monoscript/fileName/spawnApple.cs: 3f477b36a321fa283c38649a92837938 -> d0f855e841ca00899b490f3242f74747
  custom:CustomObjectIndexerAttribute: 9a22284fe3817be447336de3de66b15e -> 
  custom:scripting/monoscript/fileName/collectiblesCount.cs: 899a95b8a73f834e3e4c3b2a5cc86505 -> 23d397673da8dec9b47bfcc19bff612c
  custom:container-demuxer-webm: 4f35f7cbe854078d1ac9338744f61a02 -> 
  custom:scripting/monoscript/fileName/testoDaScomparire.cs: d21a67b9151e92b59f2daee229cdecf8 -> f3511b6a84f7f95ace5c97ebb47a4a69
  custom:scripting/monoscript/fileName/walkIntoTheUnknown.cs: 3f05f7f85cdb9e44fbe77e64e8c64f08 -> 8c9860d9ab10da0efebe700bd03f557c
  custom:container-muxer-webm: aa71ff27fc2769a1b78a27578f13a17b -> 
  custom:video-decoder-webm-vp8: 9c59270c3fd7afecdb556c50c9e8de78 -> 
  custom:SearchIndexIgnoredProperties: e643bd26f0fe6173181afceb89e7c659 -> 
  custom:AudioImporter_EditorPlatform: d09bf68614088b80899f8185d706f6e7 -> 
  custom:scripting/monoscript/fileName/mouseLook.cs: 541eae1975d8c19fe0b9cb020a36d5cb -> 5e9e87bd5c1cf02f175e7899d8651bdb
  custom:scripting/monoscript/fileName/cassaCollezionista.cs: 74f405d39ba0871930084f14af83b107 -> 850838f495c9007898aaa5458f6b2c68
  custom:scripting/monoscript/fileName/pauseMenu.cs: c2a295c983174342f6984fc8765261b5 -> 90c4f2ed2d0cb519d76da049b842532a
  custom:scripting/monoscript/fileName/interatoreLetto.cs: f9a7afef6d74837f4307a4fc199cf6f5 -> cecc8f6af81e036c4374473485b9b6bd
  custom:video-encoder-webm-vp8: eb34c28f22e8b96e1ab97ce403110664 -> 
  custom:audio-decoder-ogg-vorbis: bf7c407c2cedff20999df2af8eb42d56 -> 
  custom:scripting/monoscript/fileName/playerMovement.cs: 18f974b9d7cdd5b9e54b7d86c4156301 -> 531a086122cb5e4949e8ed2030c7ad43
  custom:audio-encoder-webm-vorbis: bf7c407c2cedff20999df2af8eb42d56 -> 
  custom:scripting/monoscript/fileName/interactionDoor.cs: dbb0ed372802495000a7fa26fbf1414c -> 6db4ccdf368eaed0f26f29731464204b
========================================================================
Received Prepare
Begin MonoManager ReloadAssembly
- Loaded All Assemblies, in  0.286 seconds
Refreshing native plugins compatible for Editor in 2.31 ms, found 3 plugins.
Native extension for WindowsStandalone target not found
[Package Manager] Server::EnsureServerProcessIsRunning -- launch failed, reason: Unity was launched with the -noUpm command-line argument
[Package Manager] UpmClient::Send -- Unable to send message (not connected to UPM process).
[Package Manager] Cannot connect to Unity Package Manager local server
Mono: successfully reloaded assembly
- Finished resetting the current domain, in  0.734 seconds
Domain Reload Profiling: 1019ms
	BeginReloadAssembly (103ms)
		ExecutionOrderSort (0ms)
		DisableScriptedObjects (3ms)
		BackupInstance (0ms)
		ReleaseScriptingObjects (0ms)
		CreateAndSetChildDomain (27ms)
	RebuildCommonClasses (26ms)
	RebuildNativeTypeToScriptingClass (9ms)
	initialDomainReloadingComplete (20ms)
	LoadAllAssembliesAndSetupDomain (127ms)
		LoadAssemblies (168ms)
		RebuildTransferFunctionScriptingTraits (0ms)
		AnalyzeDomain (7ms)
			TypeCache.Refresh (3ms)
				TypeCache.ScanAssembly (0ms)
			ScanForSourceGeneratedMonoScriptInfo (0ms)
			ResolveRequiredComponents (3ms)
	FinalizeReload (734ms)
		ReleaseScriptCaches (0ms)
		RebuildScriptCaches (0ms)
		SetupLoadedEditorAssemblies (417ms)
			LogAssemblyErrors (0ms)
			InitializePlatformSupportModulesInManaged (5ms)
			SetLoadedEditorAssemblies (2ms)
			RefreshPlugins (0ms)
			BeforeProcessingInitializeOnLoad (38ms)
			ProcessInitializeOnLoadAttributes (354ms)
			ProcessInitializeOnLoadMethodAttributes (13ms)
			AfterProcessingInitializeOnLoad (5ms)
			EditorAssembliesLoaded (0ms)
		ExecutionOrderSort2 (0ms)
		AwakeInstancesAfterBackupRestoration (5ms)
Refreshing native plugins compatible for Editor in 1.80 ms, found 3 plugins.
Preloading 0 native plugins for Editor in 0.00 ms.
Unloading 3102 Unused Serialized files (Serialized files now loaded: 0)
Unloading 24 unused Assets / (31.7 KB). Loaded Objects now: 3634.
Memory consumption went from 130.5 MB to 130.5 MB.
Total: 3.020600 ms (FindLiveObjects: 0.778200 ms CreateObjectMapping: 0.095500 ms MarkObjects: 2.100000 ms  DeleteObjects: 0.046300 ms)

Prepare: number of updated asset objects reloaded= 0
AssetImportParameters requested are different than current active one (requested -> active):
  custom:scripting/monoscript/fileName/collectApple.cs: e5d5e5e5e315c37ad09f68a657505da2 -> 1a0bec65c529617693c30c3fc9902405
  custom:scripting/monoscript/fileName/gameHandler.cs: 9728bc5b746ca8113e2dcd11fed84641 -> fd6146b45012306ca5cb5c532fd40cdf
  custom:container-demuxer-ogg: 62fdf1f143b41e24485cea50d1cbac27 -> 
  custom:scripting/monoscript/fileName/Interactor.cs: fd6d3a6ff039bdef0cf1e66a7ec02690 -> b1519c459ed123145efd9e186ecbf8c1
  custom:video-codec-MediaFoundation-h265: 746d11721c4dcdbdad8f713fa42b33f4 -> 
  custom:scripting/monoscript/fileName/mainMenu.cs: 199545bd4e607877ca8104298f20530a -> 66a6305771d81eecc2be5f571b381f11
  custom:video-decoder-ogg-theora: a1e56fd34408186e4bbccfd4996cb3dc -> 
  custom:framework-win-MediaFoundation: 216162199b28c13a410421893ffa2e32 -> 
  custom:scripting/monoscript/fileName/DeCollected.cs: 955ee377d4dcc4a6eecbb3e16bf24df9 -> ede541d78004e4765c18ed6fd5145790
  custom:scripting/monoscript/fileName/spawnApple.cs: 3f477b36a321fa283c38649a92837938 -> d0f855e841ca00899b490f3242f74747
  custom:CustomObjectIndexerAttribute: 9a22284fe3817be447336de3de66b15e -> 
  custom:scripting/monoscript/fileName/collectiblesCount.cs: 899a95b8a73f834e3e4c3b2a5cc86505 -> 23d397673da8dec9b47bfcc19bff612c
  custom:container-demuxer-webm: 4f35f7cbe854078d1ac9338744f61a02 -> 
  custom:scripting/monoscript/fileName/testoDaScomparire.cs: d21a67b9151e92b59f2daee229cdecf8 -> f3511b6a84f7f95ace5c97ebb47a4a69
  custom:scripting/monoscript/fileName/walkIntoTheUnknown.cs: 3f05f7f85cdb9e44fbe77e64e8c64f08 -> 8c9860d9ab10da0efebe700bd03f557c
  custom:container-muxer-webm: aa71ff27fc2769a1b78a27578f13a17b -> 
  custom:video-decoder-webm-vp8: 9c59270c3fd7afecdb556c50c9e8de78 -> 
  custom:SearchIndexIgnoredProperties: e643bd26f0fe6173181afceb89e7c659 -> 
  custom:AudioImporter_EditorPlatform: d09bf68614088b80899f8185d706f6e7 -> 
  custom:scripting/monoscript/fileName/mouseLook.cs: 541eae1975d8c19fe0b9cb020a36d5cb -> 5e9e87bd5c1cf02f175e7899d8651bdb
  custom:scripting/monoscript/fileName/cassaCollezionista.cs: 74f405d39ba0871930084f14af83b107 -> 850838f495c9007898aaa5458f6b2c68
  custom:scripting/monoscript/fileName/pauseMenu.cs: c2a295c983174342f6984fc8765261b5 -> 90c4f2ed2d0cb519d76da049b842532a
  custom:scripting/monoscript/fileName/interatoreLetto.cs: f9a7afef6d74837f4307a4fc199cf6f5 -> cecc8f6af81e036c4374473485b9b6bd
  custom:video-encoder-webm-vp8: eb34c28f22e8b96e1ab97ce403110664 -> 
  custom:audio-decoder-ogg-vorbis: bf7c407c2cedff20999df2af8eb42d56 -> 
  custom:scripting/monoscript/fileName/playerMovement.cs: 18f974b9d7cdd5b9e54b7d86c4156301 -> 531a086122cb5e4949e8ed2030c7ad43
  custom:audio-encoder-webm-vorbis: bf7c407c2cedff20999df2af8eb42d56 -> 
  custom:scripting/monoscript/fileName/interactionDoor.cs: dbb0ed372802495000a7fa26fbf1414c -> 6db4ccdf368eaed0f26f29731464204b
========================================================================
Received Prepare
Begin MonoManager ReloadAssembly
- Loaded All Assemblies, in  0.288 seconds
Refreshing native plugins compatible for Editor in 1.91 ms, found 3 plugins.
Native extension for WindowsStandalone target not found
[Package Manager] Server::EnsureServerProcessIsRunning -- launch failed, reason: Unity was launched with the -noUpm command-line argument
[Package Manager] UpmClient::Send -- Unable to send message (not connected to UPM process).
[Package Manager] Cannot connect to Unity Package Manager local server
Mono: successfully reloaded assembly
- Finished resetting the current domain, in  0.706 seconds
Domain Reload Profiling: 993ms
	BeginReloadAssembly (114ms)
		ExecutionOrderSort (0ms)
		DisableScriptedObjects (2ms)
		BackupInstance (0ms)
		ReleaseScriptingObjects (0ms)
		CreateAndSetChildDomain (31ms)
	RebuildCommonClasses (17ms)
	RebuildNativeTypeToScriptingClass (7ms)
	initialDomainReloadingComplete (17ms)
	LoadAllAssembliesAndSetupDomain (132ms)
		LoadAssemblies (175ms)
		RebuildTransferFunctionScriptingTraits (0ms)
		AnalyzeDomain (12ms)
			TypeCache.Refresh (5ms)
				TypeCache.ScanAssembly (0ms)
			ScanForSourceGeneratedMonoScriptInfo (4ms)
			ResolveRequiredComponents (3ms)
	FinalizeReload (706ms)
		ReleaseScriptCaches (0ms)
		RebuildScriptCaches (0ms)
		SetupLoadedEditorAssemblies (375ms)
			LogAssemblyErrors (0ms)
			InitializePlatformSupportModulesInManaged (4ms)
			SetLoadedEditorAssemblies (2ms)
			RefreshPlugins (0ms)
			BeforeProcessingInitializeOnLoad (39ms)
			ProcessInitializeOnLoadAttributes (313ms)
			ProcessInitializeOnLoadMethodAttributes (13ms)
			AfterProcessingInitializeOnLoad (5ms)
			EditorAssembliesLoaded (0ms)
		ExecutionOrderSort2 (0ms)
		AwakeInstancesAfterBackupRestoration (5ms)
Refreshing native plugins compatible for Editor in 2.04 ms, found 3 plugins.
Preloading 0 native plugins for Editor in 0.00 ms.
Unloading 3102 Unused Serialized files (Serialized files now loaded: 0)
Unloading 24 unused Assets / (31.6 KB). Loaded Objects now: 3637.
Memory consumption went from 130.5 MB to 130.5 MB.
Total: 2.355400 ms (FindLiveObjects: 0.212000 ms CreateObjectMapping: 0.042800 ms MarkObjects: 2.060200 ms  DeleteObjects: 0.039900 ms)

Prepare: number of updated asset objects reloaded= 0
AssetImportParameters requested are different than current active one (requested -> active):
  custom:scripting/monoscript/fileName/collectApple.cs: e5d5e5e5e315c37ad09f68a657505da2 -> 1a0bec65c529617693c30c3fc9902405
  custom:scripting/monoscript/fileName/gameHandler.cs: 9728bc5b746ca8113e2dcd11fed84641 -> fd6146b45012306ca5cb5c532fd40cdf
  custom:container-demuxer-ogg: 62fdf1f143b41e24485cea50d1cbac27 -> 
  custom:scripting/monoscript/fileName/Interactor.cs: fd6d3a6ff039bdef0cf1e66a7ec02690 -> b1519c459ed123145efd9e186ecbf8c1
  custom:video-codec-MediaFoundation-h265: 746d11721c4dcdbdad8f713fa42b33f4 -> 
  custom:scripting/monoscript/fileName/mainMenu.cs: 199545bd4e607877ca8104298f20530a -> 66a6305771d81eecc2be5f571b381f11
  custom:video-decoder-ogg-theora: a1e56fd34408186e4bbccfd4996cb3dc -> 
  custom:framework-win-MediaFoundation: 216162199b28c13a410421893ffa2e32 -> 
  custom:scripting/monoscript/fileName/DeCollected.cs: 955ee377d4dcc4a6eecbb3e16bf24df9 -> ede541d78004e4765c18ed6fd5145790
  custom:scripting/monoscript/fileName/spawnApple.cs: 3f477b36a321fa283c38649a92837938 -> d0f855e841ca00899b490f3242f74747
  custom:CustomObjectIndexerAttribute: 9a22284fe3817be447336de3de66b15e -> 
  custom:scripting/monoscript/fileName/collectiblesCount.cs: 899a95b8a73f834e3e4c3b2a5cc86505 -> 23d397673da8dec9b47bfcc19bff612c
  custom:container-demuxer-webm: 4f35f7cbe854078d1ac9338744f61a02 -> 
  custom:scripting/monoscript/fileName/testoDaScomparire.cs: d21a67b9151e92b59f2daee229cdecf8 -> f3511b6a84f7f95ace5c97ebb47a4a69
  custom:scripting/monoscript/fileName/walkIntoTheUnknown.cs: 3f05f7f85cdb9e44fbe77e64e8c64f08 -> 8c9860d9ab10da0efebe700bd03f557c
  custom:container-muxer-webm: aa71ff27fc2769a1b78a27578f13a17b -> 
  custom:video-decoder-webm-vp8: 9c59270c3fd7afecdb556c50c9e8de78 -> 
  custom:SearchIndexIgnoredProperties: e643bd26f0fe6173181afceb89e7c659 -> 
  custom:AudioImporter_EditorPlatform: d09bf68614088b80899f8185d706f6e7 -> 
  custom:scripting/monoscript/fileName/mouseLook.cs: 541eae1975d8c19fe0b9cb020a36d5cb -> 5e9e87bd5c1cf02f175e7899d8651bdb
  custom:scripting/monoscript/fileName/cassaCollezionista.cs: 74f405d39ba0871930084f14af83b107 -> 850838f495c9007898aaa5458f6b2c68
  custom:scripting/monoscript/fileName/pauseMenu.cs: c2a295c983174342f6984fc8765261b5 -> 90c4f2ed2d0cb519d76da049b842532a
  custom:scripting/monoscript/fileName/interatoreLetto.cs: f9a7afef6d74837f4307a4fc199cf6f5 -> cecc8f6af81e036c4374473485b9b6bd
  custom:video-encoder-webm-vp8: eb34c28f22e8b96e1ab97ce403110664 -> 
  custom:audio-decoder-ogg-vorbis: bf7c407c2cedff20999df2af8eb42d56 -> 
  custom:scripting/monoscript/fileName/playerMovement.cs: 18f974b9d7cdd5b9e54b7d86c4156301 -> 531a086122cb5e4949e8ed2030c7ad43
  custom:audio-encoder-webm-vorbis: bf7c407c2cedff20999df2af8eb42d56 -> 
  custom:scripting/monoscript/fileName/interactionDoor.cs: dbb0ed372802495000a7fa26fbf1414c -> 6db4ccdf368eaed0f26f29731464204b
========================================================================
Received Prepare
Begin MonoManager ReloadAssembly
- Loaded All Assemblies, in  0.273 seconds
Refreshing native plugins compatible for Editor in 2.52 ms, found 3 plugins.
Native extension for WindowsStandalone target not found
[Package Manager] Server::EnsureServerProcessIsRunning -- launch failed, reason: Unity was launched with the -noUpm command-line argument
[Package Manager] UpmClient::Send -- Unable to send message (not connected to UPM process).
[Package Manager] Cannot connect to Unity Package Manager local server
Mono: successfully reloaded assembly
- Finished resetting the current domain, in  0.738 seconds
Domain Reload Profiling: 1010ms
	BeginReloadAssembly (111ms)
		ExecutionOrderSort (0ms)
		DisableScriptedObjects (4ms)
		BackupInstance (0ms)
		ReleaseScriptingObjects (0ms)
		CreateAndSetChildDomain (30ms)
	RebuildCommonClasses (17ms)
	RebuildNativeTypeToScriptingClass (6ms)
	initialDomainReloadingComplete (16ms)
	LoadAllAssembliesAndSetupDomain (121ms)
		LoadAssemblies (166ms)
		RebuildTransferFunctionScriptingTraits (0ms)
		AnalyzeDomain (10ms)
			TypeCache.Refresh (4ms)
				TypeCache.ScanAssembly (0ms)
			ScanForSourceGeneratedMonoScriptInfo (0ms)
			ResolveRequiredComponents (4ms)
	FinalizeReload (738ms)
		ReleaseScriptCaches (0ms)
		RebuildScriptCaches (0ms)
		SetupLoadedEditorAssemblies (422ms)
			LogAssemblyErrors (0ms)
			InitializePlatformSupportModulesInManaged (4ms)
			SetLoadedEditorAssemblies (3ms)
			RefreshPlugins (0ms)
			BeforeProcessingInitializeOnLoad (39ms)
			ProcessInitializeOnLoadAttributes (356ms)
			ProcessInitializeOnLoadMethodAttributes (14ms)
			AfterProcessingInitializeOnLoad (6ms)
			EditorAssembliesLoaded (0ms)
		ExecutionOrderSort2 (0ms)
		AwakeInstancesAfterBackupRestoration (4ms)
Refreshing native plugins compatible for Editor in 2.15 ms, found 3 plugins.
Preloading 0 native plugins for Editor in 0.00 ms.
Unloading 3102 Unused Serialized files (Serialized files now loaded: 0)
Unloading 24 unused Assets / (31.7 KB). Loaded Objects now: 3640.
Memory consumption went from 130.5 MB to 130.5 MB.
Total: 2.487400 ms (FindLiveObjects: 0.244100 ms CreateObjectMapping: 0.049700 ms MarkObjects: 2.149100 ms  DeleteObjects: 0.043500 ms)

Prepare: number of updated asset objects reloaded= 0
AssetImportParameters requested are different than current active one (requested -> active):
  custom:scripting/monoscript/fileName/collectApple.cs: e5d5e5e5e315c37ad09f68a657505da2 -> 1a0bec65c529617693c30c3fc9902405
  custom:scripting/monoscript/fileName/gameHandler.cs: 9728bc5b746ca8113e2dcd11fed84641 -> fd6146b45012306ca5cb5c532fd40cdf
  custom:container-demuxer-ogg: 62fdf1f143b41e24485cea50d1cbac27 -> 
  custom:scripting/monoscript/fileName/Interactor.cs: fd6d3a6ff039bdef0cf1e66a7ec02690 -> b1519c459ed123145efd9e186ecbf8c1
  custom:video-codec-MediaFoundation-h265: 746d11721c4dcdbdad8f713fa42b33f4 -> 
  custom:scripting/monoscript/fileName/mainMenu.cs: 199545bd4e607877ca8104298f20530a -> 66a6305771d81eecc2be5f571b381f11
  custom:video-decoder-ogg-theora: a1e56fd34408186e4bbccfd4996cb3dc -> 
  custom:framework-win-MediaFoundation: 216162199b28c13a410421893ffa2e32 -> 
  custom:scripting/monoscript/fileName/DeCollected.cs: 955ee377d4dcc4a6eecbb3e16bf24df9 -> ede541d78004e4765c18ed6fd5145790
  custom:scripting/monoscript/fileName/spawnApple.cs: 3f477b36a321fa283c38649a92837938 -> d0f855e841ca00899b490f3242f74747
  custom:CustomObjectIndexerAttribute: 9a22284fe3817be447336de3de66b15e -> 
  custom:scripting/monoscript/fileName/collectiblesCount.cs: 899a95b8a73f834e3e4c3b2a5cc86505 -> 23d397673da8dec9b47bfcc19bff612c
  custom:container-demuxer-webm: 4f35f7cbe854078d1ac9338744f61a02 -> 
  custom:scripting/monoscript/fileName/testoDaScomparire.cs: d21a67b9151e92b59f2daee229cdecf8 -> f3511b6a84f7f95ace5c97ebb47a4a69
  custom:scripting/monoscript/fileName/walkIntoTheUnknown.cs: 3f05f7f85cdb9e44fbe77e64e8c64f08 -> 8c9860d9ab10da0efebe700bd03f557c
  custom:container-muxer-webm: aa71ff27fc2769a1b78a27578f13a17b -> 
  custom:video-decoder-webm-vp8: 9c59270c3fd7afecdb556c50c9e8de78 -> 
  custom:SearchIndexIgnoredProperties: e643bd26f0fe6173181afceb89e7c659 -> 
  custom:AudioImporter_EditorPlatform: d09bf68614088b80899f8185d706f6e7 -> 
  custom:scripting/monoscript/fileName/mouseLook.cs: 541eae1975d8c19fe0b9cb020a36d5cb -> 5e9e87bd5c1cf02f175e7899d8651bdb
  custom:scripting/monoscript/fileName/cassaCollezionista.cs: 74f405d39ba0871930084f14af83b107 -> 850838f495c9007898aaa5458f6b2c68
  custom:scripting/monoscript/fileName/pauseMenu.cs: c2a295c983174342f6984fc8765261b5 -> 90c4f2ed2d0cb519d76da049b842532a
  custom:scripting/monoscript/fileName/interatoreLetto.cs: f9a7afef6d74837f4307a4fc199cf6f5 -> cecc8f6af81e036c4374473485b9b6bd
  custom:video-encoder-webm-vp8: eb34c28f22e8b96e1ab97ce403110664 -> 
  custom:audio-decoder-ogg-vorbis: bf7c407c2cedff20999df2af8eb42d56 -> 
  custom:scripting/monoscript/fileName/playerMovement.cs: 18f974b9d7cdd5b9e54b7d86c4156301 -> 531a086122cb5e4949e8ed2030c7ad43
  custom:audio-encoder-webm-vorbis: bf7c407c2cedff20999df2af8eb42d56 -> 
  custom:scripting/monoscript/fileName/interactionDoor.cs: dbb0ed372802495000a7fa26fbf1414c -> 6db4ccdf368eaed0f26f29731464204b
========================================================================
Received Prepare
Begin MonoManager ReloadAssembly
- Loaded All Assemblies, in  0.258 seconds
Refreshing native plugins compatible for Editor in 1.79 ms, found 3 plugins.
Native extension for WindowsStandalone target not found
[Package Manager] Server::EnsureServerProcessIsRunning -- launch failed, reason: Unity was launched with the -noUpm command-line argument
[Package Manager] UpmClient::Send -- Unable to send message (not connected to UPM process).
[Package Manager] Cannot connect to Unity Package Manager local server
Mono: successfully reloaded assembly
- Finished resetting the current domain, in  0.711 seconds
Domain Reload Profiling: 968ms
	BeginReloadAssembly (97ms)
		ExecutionOrderSort (0ms)
		DisableScriptedObjects (2ms)
		BackupInstance (0ms)
		ReleaseScriptingObjects (0ms)
		CreateAndSetChildDomain (25ms)
	RebuildCommonClasses (18ms)
	RebuildNativeTypeToScriptingClass (6ms)
	initialDomainReloadingComplete (18ms)
	LoadAllAssembliesAndSetupDomain (118ms)
		LoadAssemblies (152ms)
		RebuildTransferFunctionScriptingTraits (0ms)
		AnalyzeDomain (14ms)
			TypeCache.Refresh (5ms)
				TypeCache.ScanAssembly (0ms)
			ScanForSourceGeneratedMonoScriptInfo (4ms)
			ResolveRequiredComponents (3ms)
	FinalizeReload (711ms)
		ReleaseScriptCaches (0ms)
		RebuildScriptCaches (0ms)
		SetupLoadedEditorAssemblies (395ms)
			LogAssemblyErrors (0ms)
			InitializePlatformSupportModulesInManaged (5ms)
			SetLoadedEditorAssemblies (3ms)
			RefreshPlugins (0ms)
			BeforeProcessingInitializeOnLoad (38ms)
			ProcessInitializeOnLoadAttributes (335ms)
			ProcessInitializeOnLoadMethodAttributes (12ms)
			AfterProcessingInitializeOnLoad (4ms)
			EditorAssembliesLoaded (0ms)
		ExecutionOrderSort2 (0ms)
		AwakeInstancesAfterBackupRestoration (4ms)
Refreshing native plugins compatible for Editor in 1.72 ms, found 3 plugins.
Preloading 0 native plugins for Editor in 0.00 ms.
Unloading 3103 Unused Serialized files (Serialized files now loaded: 0)
Unloading 24 unused Assets / (31.7 KB). Loaded Objects now: 3644.
Memory consumption went from 130.5 MB to 130.5 MB.
Total: 2.403800 ms (FindLiveObjects: 0.254700 ms CreateObjectMapping: 0.043900 ms MarkObjects: 2.062500 ms  DeleteObjects: 0.042100 ms)

Prepare: number of updated asset objects reloaded= 0
AssetImportParameters requested are different than current active one (requested -> active):
  custom:scripting/monoscript/fileName/collectApple.cs: e5d5e5e5e315c37ad09f68a657505da2 -> 1a0bec65c529617693c30c3fc9902405
  custom:scripting/monoscript/fileName/gameHandler.cs: 9728bc5b746ca8113e2dcd11fed84641 -> fd6146b45012306ca5cb5c532fd40cdf
  custom:container-demuxer-ogg: 62fdf1f143b41e24485cea50d1cbac27 -> 
  custom:scripting/monoscript/fileName/Interactor.cs: fd6d3a6ff039bdef0cf1e66a7ec02690 -> b1519c459ed123145efd9e186ecbf8c1
  custom:video-codec-MediaFoundation-h265: 746d11721c4dcdbdad8f713fa42b33f4 -> 
  custom:scripting/monoscript/fileName/mainMenu.cs: 199545bd4e607877ca8104298f20530a -> 66a6305771d81eecc2be5f571b381f11
  custom:video-decoder-ogg-theora: a1e56fd34408186e4bbccfd4996cb3dc -> 
  custom:framework-win-MediaFoundation: 216162199b28c13a410421893ffa2e32 -> 
  custom:scripting/monoscript/fileName/DeCollected.cs: 955ee377d4dcc4a6eecbb3e16bf24df9 -> ede541d78004e4765c18ed6fd5145790
  custom:scripting/monoscript/fileName/spawnApple.cs: 3f477b36a321fa283c38649a92837938 -> d0f855e841ca00899b490f3242f74747
  custom:CustomObjectIndexerAttribute: 9a22284fe3817be447336de3de66b15e -> 
  custom:scripting/monoscript/fileName/collectiblesCount.cs: 899a95b8a73f834e3e4c3b2a5cc86505 -> 23d397673da8dec9b47bfcc19bff612c
  custom:container-demuxer-webm: 4f35f7cbe854078d1ac9338744f61a02 -> 
  custom:scripting/monoscript/fileName/testoDaScomparire.cs: d21a67b9151e92b59f2daee229cdecf8 -> f3511b6a84f7f95ace5c97ebb47a4a69
  custom:scripting/monoscript/fileName/walkIntoTheUnknown.cs: 3f05f7f85cdb9e44fbe77e64e8c64f08 -> 8c9860d9ab10da0efebe700bd03f557c
  custom:container-muxer-webm: aa71ff27fc2769a1b78a27578f13a17b -> 
  custom:video-decoder-webm-vp8: 9c59270c3fd7afecdb556c50c9e8de78 -> 
  custom:SearchIndexIgnoredProperties: e643bd26f0fe6173181afceb89e7c659 -> 
  custom:AudioImporter_EditorPlatform: d09bf68614088b80899f8185d706f6e7 -> 
  custom:scripting/monoscript/fileName/mouseLook.cs: 541eae1975d8c19fe0b9cb020a36d5cb -> 5e9e87bd5c1cf02f175e7899d8651bdb
  custom:scripting/monoscript/fileName/cassaCollezionista.cs: 74f405d39ba0871930084f14af83b107 -> 850838f495c9007898aaa5458f6b2c68
  custom:scripting/monoscript/fileName/pauseMenu.cs: c2a295c983174342f6984fc8765261b5 -> 90c4f2ed2d0cb519d76da049b842532a
  custom:scripting/monoscript/fileName/interatoreLetto.cs: f9a7afef6d74837f4307a4fc199cf6f5 -> cecc8f6af81e036c4374473485b9b6bd
  custom:video-encoder-webm-vp8: eb34c28f22e8b96e1ab97ce403110664 -> 
  custom:audio-decoder-ogg-vorbis: bf7c407c2cedff20999df2af8eb42d56 -> 
  custom:scripting/monoscript/fileName/playerMovement.cs: 18f974b9d7cdd5b9e54b7d86c4156301 -> 531a086122cb5e4949e8ed2030c7ad43
  custom:audio-encoder-webm-vorbis: bf7c407c2cedff20999df2af8eb42d56 -> 
  custom:scripting/monoscript/fileName/interactionDoor.cs: dbb0ed372802495000a7fa26fbf1414c -> 6db4ccdf368eaed0f26f29731464204b
========================================================================
Received Prepare
Begin MonoManager ReloadAssembly
- Loaded All Assemblies, in  0.272 seconds
Refreshing native plugins compatible for Editor in 2.56 ms, found 3 plugins.
Native extension for WindowsStandalone target not found
[Package Manager] Server::EnsureServerProcessIsRunning -- launch failed, reason: Unity was launched with the -noUpm command-line argument
[Package Manager] UpmClient::Send -- Unable to send message (not connected to UPM process).
[Package Manager] Cannot connect to Unity Package Manager local server
Mono: successfully reloaded assembly
- Finished resetting the current domain, in  0.734 seconds
Domain Reload Profiling: 1005ms
	BeginReloadAssembly (98ms)
		ExecutionOrderSort (0ms)
		DisableScriptedObjects (2ms)
		BackupInstance (0ms)
		ReleaseScriptingObjects (0ms)
		CreateAndSetChildDomain (25ms)
	RebuildCommonClasses (17ms)
	RebuildNativeTypeToScriptingClass (6ms)
	initialDomainReloadingComplete (21ms)
	LoadAllAssembliesAndSetupDomain (128ms)
		LoadAssemblies (160ms)
		RebuildTransferFunctionScriptingTraits (0ms)
		AnalyzeDomain (16ms)
			TypeCache.Refresh (6ms)
				TypeCache.ScanAssembly (0ms)
			ScanForSourceGeneratedMonoScriptInfo (5ms)
			ResolveRequiredComponents (3ms)
	FinalizeReload (734ms)
		ReleaseScriptCaches (0ms)
		RebuildScriptCaches (0ms)
		SetupLoadedEditorAssemblies (396ms)
			LogAssemblyErrors (0ms)
			InitializePlatformSupportModulesInManaged (4ms)
			SetLoadedEditorAssemblies (2ms)
			RefreshPlugins (0ms)
			BeforeProcessingInitializeOnLoad (37ms)
			ProcessInitializeOnLoadAttributes (338ms)
			ProcessInitializeOnLoadMethodAttributes (10ms)
			AfterProcessingInitializeOnLoad (4ms)
			EditorAssembliesLoaded (0ms)
		ExecutionOrderSort2 (0ms)
		AwakeInstancesAfterBackupRestoration (5ms)
Refreshing native plugins compatible for Editor in 1.60 ms, found 3 plugins.
Preloading 0 native plugins for Editor in 0.00 ms.
Unloading 3103 Unused Serialized files (Serialized files now loaded: 0)
Unloading 24 unused Assets / (31.8 KB). Loaded Objects now: 3647.
Memory consumption went from 130.5 MB to 130.5 MB.
Total: 2.338200 ms (FindLiveObjects: 0.210300 ms CreateObjectMapping: 0.049100 ms MarkObjects: 2.041500 ms  DeleteObjects: 0.036600 ms)

Prepare: number of updated asset objects reloaded= 0
AssetImportParameters requested are different than current active one (requested -> active):
  custom:scripting/monoscript/fileName/collectApple.cs: e5d5e5e5e315c37ad09f68a657505da2 -> 1a0bec65c529617693c30c3fc9902405
  custom:scripting/monoscript/fileName/gameHandler.cs: 9728bc5b746ca8113e2dcd11fed84641 -> fd6146b45012306ca5cb5c532fd40cdf
  custom:container-demuxer-ogg: 62fdf1f143b41e24485cea50d1cbac27 -> 
  custom:scripting/monoscript/fileName/Interactor.cs: fd6d3a6ff039bdef0cf1e66a7ec02690 -> b1519c459ed123145efd9e186ecbf8c1
  custom:video-codec-MediaFoundation-h265: 746d11721c4dcdbdad8f713fa42b33f4 -> 
  custom:scripting/monoscript/fileName/mainMenu.cs: 199545bd4e607877ca8104298f20530a -> 66a6305771d81eecc2be5f571b381f11
  custom:video-decoder-ogg-theora: a1e56fd34408186e4bbccfd4996cb3dc -> 
  custom:framework-win-MediaFoundation: 216162199b28c13a410421893ffa2e32 -> 
  custom:scripting/monoscript/fileName/DeCollected.cs: 955ee377d4dcc4a6eecbb3e16bf24df9 -> ede541d78004e4765c18ed6fd5145790
  custom:scripting/monoscript/fileName/spawnApple.cs: 3f477b36a321fa283c38649a92837938 -> d0f855e841ca00899b490f3242f74747
  custom:CustomObjectIndexerAttribute: 9a22284fe3817be447336de3de66b15e -> 
  custom:scripting/monoscript/fileName/collectiblesCount.cs: 899a95b8a73f834e3e4c3b2a5cc86505 -> 23d397673da8dec9b47bfcc19bff612c
  custom:container-demuxer-webm: 4f35f7cbe854078d1ac9338744f61a02 -> 
  custom:scripting/monoscript/fileName/testoDaScomparire.cs: d21a67b9151e92b59f2daee229cdecf8 -> f3511b6a84f7f95ace5c97ebb47a4a69
  custom:scripting/monoscript/fileName/walkIntoTheUnknown.cs: 3f05f7f85cdb9e44fbe77e64e8c64f08 -> 8c9860d9ab10da0efebe700bd03f557c
  custom:container-muxer-webm: aa71ff27fc2769a1b78a27578f13a17b -> 
  custom:video-decoder-webm-vp8: 9c59270c3fd7afecdb556c50c9e8de78 -> 
  custom:SearchIndexIgnoredProperties: e643bd26f0fe6173181afceb89e7c659 -> 
  custom:AudioImporter_EditorPlatform: d09bf68614088b80899f8185d706f6e7 -> 
  custom:scripting/monoscript/fileName/mouseLook.cs: 541eae1975d8c19fe0b9cb020a36d5cb -> 5e9e87bd5c1cf02f175e7899d8651bdb
  custom:scripting/monoscript/fileName/cassaCollezionista.cs: 74f405d39ba0871930084f14af83b107 -> 850838f495c9007898aaa5458f6b2c68
  custom:scripting/monoscript/fileName/pauseMenu.cs: c2a295c983174342f6984fc8765261b5 -> 90c4f2ed2d0cb519d76da049b842532a
  custom:scripting/monoscript/fileName/interatoreLetto.cs: f9a7afef6d74837f4307a4fc199cf6f5 -> cecc8f6af81e036c4374473485b9b6bd
  custom:video-encoder-webm-vp8: eb34c28f22e8b96e1ab97ce403110664 -> 
  custom:audio-decoder-ogg-vorbis: bf7c407c2cedff20999df2af8eb42d56 -> 
  custom:scripting/monoscript/fileName/playerMovement.cs: 18f974b9d7cdd5b9e54b7d86c4156301 -> 531a086122cb5e4949e8ed2030c7ad43
  custom:audio-encoder-webm-vorbis: bf7c407c2cedff20999df2af8eb42d56 -> 
  custom:scripting/monoscript/fileName/interactionDoor.cs: dbb0ed372802495000a7fa26fbf1414c -> 6db4ccdf368eaed0f26f29731464204b
========================================================================
Received Prepare
Begin MonoManager ReloadAssembly
- Loaded All Assemblies, in  0.279 seconds
Refreshing native plugins compatible for Editor in 2.31 ms, found 3 plugins.
Native extension for WindowsStandalone target not found
[Package Manager] Server::EnsureServerProcessIsRunning -- launch failed, reason: Unity was launched with the -noUpm command-line argument
[Package Manager] UpmClient::Send -- Unable to send message (not connected to UPM process).
[Package Manager] Cannot connect to Unity Package Manager local server
Mono: successfully reloaded assembly
- Finished resetting the current domain, in  0.710 seconds
Domain Reload Profiling: 987ms
	BeginReloadAssembly (103ms)
		ExecutionOrderSort (0ms)
		DisableScriptedObjects (3ms)
		BackupInstance (0ms)
		ReleaseScriptingObjects (0ms)
		CreateAndSetChildDomain (26ms)
	RebuildCommonClasses (18ms)
	RebuildNativeTypeToScriptingClass (6ms)
	initialDomainReloadingComplete (16ms)
	LoadAllAssembliesAndSetupDomain (135ms)
		LoadAssemblies (172ms)
		RebuildTransferFunctionScriptingTraits (0ms)
		AnalyzeDomain (14ms)
			TypeCache.Refresh (5ms)
				TypeCache.ScanAssembly (0ms)
			ScanForSourceGeneratedMonoScriptInfo (4ms)
			ResolveRequiredComponents (3ms)
	FinalizeReload (710ms)
		ReleaseScriptCaches (0ms)
		RebuildScriptCaches (0ms)
		SetupLoadedEditorAssemblies (394ms)
			LogAssemblyErrors (0ms)
			InitializePlatformSupportModulesInManaged (4ms)
			SetLoadedEditorAssemblies (2ms)
			RefreshPlugins (0ms)
			BeforeProcessingInitializeOnLoad (39ms)
			ProcessInitializeOnLoadAttributes (335ms)
			ProcessInitializeOnLoadMethodAttributes (11ms)
			AfterProcessingInitializeOnLoad (4ms)
			EditorAssembliesLoaded (0ms)
		ExecutionOrderSort2 (0ms)
		AwakeInstancesAfterBackupRestoration (4ms)
Refreshing native plugins compatible for Editor in 1.66 ms, found 3 plugins.
Preloading 0 native plugins for Editor in 0.00 ms.
Unloading 3103 Unused Serialized files (Serialized files now loaded: 0)
Unloading 24 unused Assets / (31.8 KB). Loaded Objects now: 3650.
Memory consumption went from 130.5 MB to 130.5 MB.
Total: 2.139400 ms (FindLiveObjects: 0.153600 ms CreateObjectMapping: 0.040800 ms MarkObjects: 1.903200 ms  DeleteObjects: 0.041200 ms)

Prepare: number of updated asset objects reloaded= 0
AssetImportParameters requested are different than current active one (requested -> active):
  custom:scripting/monoscript/fileName/collectApple.cs: e5d5e5e5e315c37ad09f68a657505da2 -> 1a0bec65c529617693c30c3fc9902405
  custom:scripting/monoscript/fileName/gameHandler.cs: 9728bc5b746ca8113e2dcd11fed84641 -> fd6146b45012306ca5cb5c532fd40cdf
  custom:container-demuxer-ogg: 62fdf1f143b41e24485cea50d1cbac27 -> 
  custom:scripting/monoscript/fileName/Interactor.cs: fd6d3a6ff039bdef0cf1e66a7ec02690 -> b1519c459ed123145efd9e186ecbf8c1
  custom:video-codec-MediaFoundation-h265: 746d11721c4dcdbdad8f713fa42b33f4 -> 
  custom:scripting/monoscript/fileName/mainMenu.cs: 199545bd4e607877ca8104298f20530a -> 66a6305771d81eecc2be5f571b381f11
  custom:video-decoder-ogg-theora: a1e56fd34408186e4bbccfd4996cb3dc -> 
  custom:framework-win-MediaFoundation: 216162199b28c13a410421893ffa2e32 -> 
  custom:scripting/monoscript/fileName/DeCollected.cs: 955ee377d4dcc4a6eecbb3e16bf24df9 -> ede541d78004e4765c18ed6fd5145790
  custom:scripting/monoscript/fileName/spawnApple.cs: 3f477b36a321fa283c38649a92837938 -> d0f855e841ca00899b490f3242f74747
  custom:CustomObjectIndexerAttribute: 9a22284fe3817be447336de3de66b15e -> 
  custom:scripting/monoscript/fileName/collectiblesCount.cs: 899a95b8a73f834e3e4c3b2a5cc86505 -> 23d397673da8dec9b47bfcc19bff612c
  custom:container-demuxer-webm: 4f35f7cbe854078d1ac9338744f61a02 -> 
  custom:scripting/monoscript/fileName/testoDaScomparire.cs: d21a67b9151e92b59f2daee229cdecf8 -> f3511b6a84f7f95ace5c97ebb47a4a69
  custom:scripting/monoscript/fileName/walkIntoTheUnknown.cs: 3f05f7f85cdb9e44fbe77e64e8c64f08 -> 8c9860d9ab10da0efebe700bd03f557c
  custom:container-muxer-webm: aa71ff27fc2769a1b78a27578f13a17b -> 
  custom:video-decoder-webm-vp8: 9c59270c3fd7afecdb556c50c9e8de78 -> 
  custom:SearchIndexIgnoredProperties: e643bd26f0fe6173181afceb89e7c659 -> 
  custom:AudioImporter_EditorPlatform: d09bf68614088b80899f8185d706f6e7 -> 
  custom:scripting/monoscript/fileName/mouseLook.cs: 541eae1975d8c19fe0b9cb020a36d5cb -> 5e9e87bd5c1cf02f175e7899d8651bdb
  custom:scripting/monoscript/fileName/cassaCollezionista.cs: 74f405d39ba0871930084f14af83b107 -> 850838f495c9007898aaa5458f6b2c68
  custom:scripting/monoscript/fileName/pauseMenu.cs: c2a295c983174342f6984fc8765261b5 -> 90c4f2ed2d0cb519d76da049b842532a
  custom:scripting/monoscript/fileName/interatoreLetto.cs: f9a7afef6d74837f4307a4fc199cf6f5 -> cecc8f6af81e036c4374473485b9b6bd
  custom:video-encoder-webm-vp8: eb34c28f22e8b96e1ab97ce403110664 -> 
  custom:audio-decoder-ogg-vorbis: bf7c407c2cedff20999df2af8eb42d56 -> 
  custom:scripting/monoscript/fileName/playerMovement.cs: 18f974b9d7cdd5b9e54b7d86c4156301 -> 531a086122cb5e4949e8ed2030c7ad43
  custom:audio-encoder-webm-vorbis: bf7c407c2cedff20999df2af8eb42d56 -> 
  custom:scripting/monoscript/fileName/interactionDoor.cs: dbb0ed372802495000a7fa26fbf1414c -> 6db4ccdf368eaed0f26f29731464204b
========================================================================
Received Prepare
Begin MonoManager ReloadAssembly
- Loaded All Assemblies, in  0.246 seconds
Refreshing native plugins compatible for Editor in 2.09 ms, found 3 plugins.
Native extension for WindowsStandalone target not found
[Package Manager] Server::EnsureServerProcessIsRunning -- launch failed, reason: Unity was launched with the -noUpm command-line argument
[Package Manager] UpmClient::Send -- Unable to send message (not connected to UPM process).
[Package Manager] Cannot connect to Unity Package Manager local server
Mono: successfully reloaded assembly
- Finished resetting the current domain, in  0.698 seconds
Domain Reload Profiling: 943ms
	BeginReloadAssembly (99ms)
		ExecutionOrderSort (0ms)
		DisableScriptedObjects (2ms)
		BackupInstance (0ms)
		ReleaseScriptingObjects (0ms)
		CreateAndSetChildDomain (27ms)
	RebuildCommonClasses (19ms)
	RebuildNativeTypeToScriptingClass (6ms)
	initialDomainReloadingComplete (17ms)
	LoadAllAssembliesAndSetupDomain (104ms)
		LoadAssemblies (143ms)
		RebuildTransferFunctionScriptingTraits (0ms)
		AnalyzeDomain (8ms)
			TypeCache.Refresh (3ms)
				TypeCache.ScanAssembly (0ms)
			ScanForSourceGeneratedMonoScriptInfo (0ms)
			ResolveRequiredComponents (3ms)
	FinalizeReload (698ms)
		ReleaseScriptCaches (0ms)
		RebuildScriptCaches (0ms)
		SetupLoadedEditorAssemblies (395ms)
			LogAssemblyErrors (0ms)
			InitializePlatformSupportModulesInManaged (4ms)
			SetLoadedEditorAssemblies (2ms)
			RefreshPlugins (0ms)
			BeforeProcessingInitializeOnLoad (37ms)
			ProcessInitializeOnLoadAttributes (335ms)
			ProcessInitializeOnLoadMethodAttributes (14ms)
			AfterProcessingInitializeOnLoad (4ms)
			EditorAssembliesLoaded (0ms)
		ExecutionOrderSort2 (0ms)
		AwakeInstancesAfterBackupRestoration (4ms)
Refreshing native plugins compatible for Editor in 2.08 ms, found 3 plugins.
Preloading 0 native plugins for Editor in 0.00 ms.
Unloading 3103 Unused Serialized files (Serialized files now loaded: 0)
Unloading 24 unused Assets / (31.8 KB). Loaded Objects now: 3653.
Memory consumption went from 130.5 MB to 130.5 MB.
Total: 2.529200 ms (FindLiveObjects: 0.223400 ms CreateObjectMapping: 0.043500 ms MarkObjects: 2.210700 ms  DeleteObjects: 0.050400 ms)

Prepare: number of updated asset objects reloaded= 0
AssetImportParameters requested are different than current active one (requested -> active):
  custom:scripting/monoscript/fileName/collectApple.cs: e5d5e5e5e315c37ad09f68a657505da2 -> 1a0bec65c529617693c30c3fc9902405
  custom:scripting/monoscript/fileName/gameHandler.cs: 9728bc5b746ca8113e2dcd11fed84641 -> fd6146b45012306ca5cb5c532fd40cdf
  custom:container-demuxer-ogg: 62fdf1f143b41e24485cea50d1cbac27 -> 
  custom:scripting/monoscript/fileName/Interactor.cs: fd6d3a6ff039bdef0cf1e66a7ec02690 -> b1519c459ed123145efd9e186ecbf8c1
  custom:video-codec-MediaFoundation-h265: 746d11721c4dcdbdad8f713fa42b33f4 -> 
  custom:scripting/monoscript/fileName/mainMenu.cs: 199545bd4e607877ca8104298f20530a -> 66a6305771d81eecc2be5f571b381f11
  custom:video-decoder-ogg-theora: a1e56fd34408186e4bbccfd4996cb3dc -> 
  custom:framework-win-MediaFoundation: 216162199b28c13a410421893ffa2e32 -> 
  custom:scripting/monoscript/fileName/DeCollected.cs: 955ee377d4dcc4a6eecbb3e16bf24df9 -> ede541d78004e4765c18ed6fd5145790
  custom:scripting/monoscript/fileName/spawnApple.cs: 3f477b36a321fa283c38649a92837938 -> d0f855e841ca00899b490f3242f74747
  custom:CustomObjectIndexerAttribute: 9a22284fe3817be447336de3de66b15e -> 
  custom:scripting/monoscript/fileName/collectiblesCount.cs: 899a95b8a73f834e3e4c3b2a5cc86505 -> 23d397673da8dec9b47bfcc19bff612c
  custom:container-demuxer-webm: 4f35f7cbe854078d1ac9338744f61a02 -> 
  custom:scripting/monoscript/fileName/testoDaScomparire.cs: d21a67b9151e92b59f2daee229cdecf8 -> f3511b6a84f7f95ace5c97ebb47a4a69
  custom:scripting/monoscript/fileName/walkIntoTheUnknown.cs: 3f05f7f85cdb9e44fbe77e64e8c64f08 -> 8c9860d9ab10da0efebe700bd03f557c
  custom:container-muxer-webm: aa71ff27fc2769a1b78a27578f13a17b -> 
  custom:video-decoder-webm-vp8: 9c59270c3fd7afecdb556c50c9e8de78 -> 
  custom:SearchIndexIgnoredProperties: e643bd26f0fe6173181afceb89e7c659 -> 
  custom:AudioImporter_EditorPlatform: d09bf68614088b80899f8185d706f6e7 -> 
  custom:scripting/monoscript/fileName/mouseLook.cs: 541eae1975d8c19fe0b9cb020a36d5cb -> 5e9e87bd5c1cf02f175e7899d8651bdb
  custom:scripting/monoscript/fileName/cassaCollezionista.cs: 74f405d39ba0871930084f14af83b107 -> 850838f495c9007898aaa5458f6b2c68
  custom:scripting/monoscript/fileName/pauseMenu.cs: c2a295c983174342f6984fc8765261b5 -> 90c4f2ed2d0cb519d76da049b842532a
  custom:scripting/monoscript/fileName/interatoreLetto.cs: f9a7afef6d74837f4307a4fc199cf6f5 -> cecc8f6af81e036c4374473485b9b6bd
  custom:video-encoder-webm-vp8: eb34c28f22e8b96e1ab97ce403110664 -> 
  custom:audio-decoder-ogg-vorbis: bf7c407c2cedff20999df2af8eb42d56 -> 
  custom:scripting/monoscript/fileName/playerMovement.cs: 18f974b9d7cdd5b9e54b7d86c4156301 -> 531a086122cb5e4949e8ed2030c7ad43
  custom:audio-encoder-webm-vorbis: bf7c407c2cedff20999df2af8eb42d56 -> 
  custom:scripting/monoscript/fileName/interactionDoor.cs: dbb0ed372802495000a7fa26fbf1414c -> 6db4ccdf368eaed0f26f29731464204b
