Using pre-set license
Built from '2022.3/staging' branch; Version is '2022.3.32f1 (c8300dc0a3fa) revision 13119501'; Using compiler version '192829333'; Build Type 'Release'
OS: 'Windows 11  (10.0.22631) 64bit Professional' Language: 'it' Physical Memory: 32399 MB
BatchMode: 1, IsHumanControllingUs: 0, StartBugReporterOnCrash: 0, Is64bit: 1, IsPro: 1

COMMAND LINE ARGUMENTS:
C:\Program Files\Unity\Hub\Editor\2022.3.32f1\Editor\Unity.exe
-adb2
-batchMode
-noUpm
-name
AssetImportWorker4
-projectPath
C:/Users/ICTS23-25.149/Documents/GitHub/AppleBox/AppleBox
-logFile
Logs/AssetImportWorker4.log
-srvPort
53474
Successfully changed project path to: C:/Users/ICTS23-25.149/Documents/GitHub/AppleBox/AppleBox
C:/Users/ICTS23-25.149/Documents/GitHub/AppleBox/AppleBox
[UnityMemory] Configuration Parameters - Can be set up in boot.config
    "memorysetup-bucket-allocator-granularity=16"
    "memorysetup-bucket-allocator-bucket-count=8"
    "memorysetup-bucket-allocator-block-size=33554432"
    "memorysetup-bucket-allocator-block-count=8"
    "memorysetup-main-allocator-block-size=16777216"
    "memorysetup-thread-allocator-block-size=16777216"
    "memorysetup-gfx-main-allocator-block-size=16777216"
    "memorysetup-gfx-thread-allocator-block-size=16777216"
    "memorysetup-cache-allocator-block-size=4194304"
    "memorysetup-typetree-allocator-block-size=2097152"
    "memorysetup-profiler-bucket-allocator-granularity=16"
    "memorysetup-profiler-bucket-allocator-bucket-count=8"
    "memorysetup-profiler-bucket-allocator-block-size=33554432"
    "memorysetup-profiler-bucket-allocator-block-count=8"
    "memorysetup-profiler-allocator-block-size=16777216"
    "memorysetup-profiler-editor-allocator-block-size=1048576"
    "memorysetup-temp-allocator-size-main=16777216"
    "memorysetup-job-temp-allocator-block-size=2097152"
    "memorysetup-job-temp-allocator-block-size-background=1048576"
    "memorysetup-job-temp-allocator-reduction-small-platforms=262144"
    "memorysetup-allocator-temp-initial-block-size-main=262144"
    "memorysetup-allocator-temp-initial-block-size-worker=262144"
    "memorysetup-temp-allocator-size-background-worker=32768"
    "memorysetup-temp-allocator-size-job-worker=262144"
    "memorysetup-temp-allocator-size-preload-manager=33554432"
    "memorysetup-temp-allocator-size-nav-mesh-worker=65536"
    "memorysetup-temp-allocator-size-audio-worker=65536"
    "memorysetup-temp-allocator-size-cloud-worker=32768"
    "memorysetup-temp-allocator-size-gi-baking-worker=262144"
    "memorysetup-temp-allocator-size-gfx=262144"
Player connection [34768] Host "[IP] 172.20.213.160 [Port] 0 [Flags] 2 [Guid] 1402426414 [EditorId] 1402426414 [Version] 1048832 [Id] WindowsEditor(7,WSA15-09) [Debug] 1 [PackageName] WindowsEditor [ProjectName] Editor" joined multi-casting on [225.0.0.222:54997]...

Player connection [34768] Host "[IP] 172.20.213.160 [Port] 0 [Flags] 2 [Guid] 1402426414 [EditorId] 1402426414 [Version] 1048832 [Id] WindowsEditor(7,WSA15-09) [Debug] 1 [PackageName] WindowsEditor [ProjectName] Editor" joined alternative multi-casting on [225.0.0.222:34997]...

[PhysX] Initialized MultithreadedTaskDispatcher with 32 workers.
Refreshing native plugins compatible for Editor in 4.60 ms, found 3 plugins.
Preloading 0 native plugins for Editor in 0.00 ms.
Initialize engine version: 2022.3.32f1 (c8300dc0a3fa)
[Subsystems] Discovering subsystems at path C:/Program Files/Unity/Hub/Editor/2022.3.32f1/Editor/Data/Resources/UnitySubsystems
[Subsystems] Discovering subsystems at path C:/Users/ICTS23-25.149/Documents/GitHub/AppleBox/AppleBox/Assets
GfxDevice: creating device client; threaded=0; jobified=0
Direct3D:
    Version:  Direct3D 11.0 [level 11.1]
    Renderer: NVIDIA GeForce RTX 4080 (ID=0x2704)
    Vendor:   NVIDIA
    VRAM:     16064 MB
    Driver:   31.0.15.3640
Initialize mono
Mono path[0] = 'C:/Program Files/Unity/Hub/Editor/2022.3.32f1/Editor/Data/Managed'
Mono path[1] = 'C:/Program Files/Unity/Hub/Editor/2022.3.32f1/Editor/Data/MonoBleedingEdge/lib/mono/unityjit-win32'
Mono config path = 'C:/Program Files/Unity/Hub/Editor/2022.3.32f1/Editor/Data/MonoBleedingEdge/etc'
Using monoOptions --debugger-agent=transport=dt_socket,embedding=1,server=y,suspend=n,address=127.0.0.1:56480
Begin MonoManager ReloadAssembly
Registering precompiled unity dll's ...
Register platform support module: C:/Program Files/Unity/Hub/Editor/2022.3.32f1/Editor/Data/PlaybackEngines/WindowsStandaloneSupport/UnityEditor.WindowsStandalone.Extensions.dll
Registered in 0.003692 seconds.
- Loaded All Assemblies, in  0.196 seconds
Native extension for WindowsStandalone target not found
Mono: successfully reloaded assembly
- Finished resetting the current domain, in  0.148 seconds
Domain Reload Profiling: 343ms
	BeginReloadAssembly (63ms)
		ExecutionOrderSort (0ms)
		DisableScriptedObjects (0ms)
		BackupInstance (0ms)
		ReleaseScriptingObjects (0ms)
		CreateAndSetChildDomain (0ms)
	RebuildCommonClasses (19ms)
	RebuildNativeTypeToScriptingClass (6ms)
	initialDomainReloadingComplete (32ms)
	LoadAllAssembliesAndSetupDomain (75ms)
		LoadAssemblies (62ms)
		RebuildTransferFunctionScriptingTraits (0ms)
		AnalyzeDomain (74ms)
			TypeCache.Refresh (74ms)
				TypeCache.ScanAssembly (66ms)
			ScanForSourceGeneratedMonoScriptInfo (0ms)
			ResolveRequiredComponents (0ms)
	FinalizeReload (148ms)
		ReleaseScriptCaches (0ms)
		RebuildScriptCaches (0ms)
		SetupLoadedEditorAssemblies (117ms)
			LogAssemblyErrors (0ms)
			InitializePlatformSupportModulesInManaged (5ms)
			SetLoadedEditorAssemblies (4ms)
			RefreshPlugins (0ms)
			BeforeProcessingInitializeOnLoad (1ms)
			ProcessInitializeOnLoadAttributes (80ms)
			ProcessInitializeOnLoadMethodAttributes (26ms)
			AfterProcessingInitializeOnLoad (0ms)
			EditorAssembliesLoaded (0ms)
		ExecutionOrderSort2 (0ms)
		AwakeInstancesAfterBackupRestoration (0ms)
========================================================================
Worker process is ready to serve import requests
Begin MonoManager ReloadAssembly
Symbol file data-000001CD0B527290 doesn't match image C:\Users\ICTS23-25.149\Documents\GitHub\AppleBox\AppleBox\Library\ScriptAssemblies\Unity.Timeline.dll
Symbol file LoadedFromMemory is not a mono symbol file
Symbol file data-000001CD2EB85060 doesn't match image C:\Users\ICTS23-25.149\Documents\GitHub\AppleBox\AppleBox\Library\ScriptAssemblies\Unity.TestTools.CodeCoverage.Editor.OpenCover.Mono.Reflection.dll
Symbol file LoadedFromMemory is not a mono symbol file
Symbol file data-000001CD2E194020 doesn't match image C:\Users\ICTS23-25.149\Documents\GitHub\AppleBox\AppleBox\Library\ScriptAssemblies\UnityEngine.UI.dll
Symbol file LoadedFromMemory is not a mono symbol file
Symbol file data-000001CD2EB85060 doesn't match image C:\Users\ICTS23-25.149\Documents\GitHub\AppleBox\AppleBox\Library\ScriptAssemblies\Unity.EditorCoroutines.Editor.dll
Symbol file LoadedFromMemory is not a mono symbol file
Symbol file data-000001CD2E194020 doesn't match image C:\Users\ICTS23-25.149\Documents\GitHub\AppleBox\AppleBox\Library\ScriptAssemblies\Unity.VisualScripting.SettingsProvider.Editor.dll
Symbol file LoadedFromMemory is not a mono symbol file
Symbol file data-000001CD2D6D4CB0 doesn't match image C:\Users\ICTS23-25.149\Documents\GitHub\AppleBox\AppleBox\Library\ScriptAssemblies\Unity.Performance.Profile-Analyzer.Editor.dll
Symbol file LoadedFromMemory is not a mono symbol file
Symbol file data-000001CD2D6F5CC0 doesn't match image C:\Users\ICTS23-25.149\Documents\GitHub\AppleBox\AppleBox\Library\ScriptAssemblies\Unity.TestTools.CodeCoverage.Editor.dll
Symbol file LoadedFromMemory is not a mono symbol file
Symbol file data-000001CD2D6FC6D0 doesn't match image C:\Users\ICTS23-25.149\Documents\GitHub\AppleBox\AppleBox\Library\ScriptAssemblies\Unity.TestTools.CodeCoverage.Editor.OpenCover.Model.dll
Symbol file LoadedFromMemory is not a mono symbol file
Symbol file data-000001CD2D66B860 doesn't match image C:\Users\ICTS23-25.149\Documents\GitHub\AppleBox\AppleBox\Library\ScriptAssemblies\Unity.PlasticSCM.Editor.dll
Symbol file LoadedFromMemory is not a mono symbol file
Symbol file data-000001CD2E371830 doesn't match image C:\Users\ICTS23-25.149\Documents\GitHub\AppleBox\AppleBox\Library\ScriptAssemblies\UnityEngine.TestRunner.dll
Symbol file LoadedFromMemory is not a mono symbol file
Symbol file data-000001CD2E371830 doesn't match image C:\Users\ICTS23-25.149\Documents\GitHub\AppleBox\AppleBox\Library\ScriptAssemblies\Unity.VisualScripting.State.Editor.dll
Symbol file LoadedFromMemory is not a mono symbol file
Symbol file data-000001CD2D72E010 doesn't match image C:\Users\ICTS23-25.149\Documents\GitHub\AppleBox\AppleBox\Library\ScriptAssemblies\Unity.Timeline.Editor.dll
Symbol file LoadedFromMemory is not a mono symbol file
Symbol file data-000001CD2D714EE0 doesn't match image C:\Users\ICTS23-25.149\Documents\GitHub\AppleBox\AppleBox\Library\ScriptAssemblies\Unity.Settings.Editor.dll
Symbol file LoadedFromMemory is not a mono symbol file
Symbol file data-000001CD2D714EE0 doesn't match image C:\Users\ICTS23-25.149\Documents\GitHub\AppleBox\AppleBox\Library\ScriptAssemblies\Unity.VisualScripting.Shared.Editor.dll
Symbol file LoadedFromMemory is not a mono symbol file
Symbol file data-000001CD2E1D5430 doesn't match image C:\Users\ICTS23-25.149\Documents\GitHub\AppleBox\AppleBox\Library\ScriptAssemblies\Unity.CollabProxy.Editor.dll
Symbol file LoadedFromMemory is not a mono symbol file
Symbol file data-000001CD2D69C680 doesn't match image C:\Users\ICTS23-25.149\Documents\GitHub\AppleBox\AppleBox\Library\ScriptAssemblies\Unity.VisualStudio.Editor.dll
Symbol file LoadedFromMemory is not a mono symbol file
Symbol file data-000001CD2EADC020 doesn't match image C:\Users\ICTS23-25.149\Documents\GitHub\AppleBox\AppleBox\Library\ScriptAssemblies\Unity.TextMeshPro.dll
Symbol file LoadedFromMemory is not a mono symbol file
Symbol file data-000001CD2EADC020 doesn't match image C:\Users\ICTS23-25.149\Documents\GitHub\AppleBox\AppleBox\Library\ScriptAssemblies\Unity.VisualScripting.Core.dll
Symbol file LoadedFromMemory is not a mono symbol file
Symbol file data-000001CD2D69C680 doesn't match image C:\Users\ICTS23-25.149\Documents\GitHub\AppleBox\AppleBox\Library\ScriptAssemblies\Unity.TextMeshPro.Editor.dll
Symbol file LoadedFromMemory is not a mono symbol file
Symbol file data-000001CD2EB14A30 doesn't match image C:\Users\ICTS23-25.149\Documents\GitHub\AppleBox\AppleBox\Library\ScriptAssemblies\UnityEditor.UI.dll
Symbol file LoadedFromMemory is not a mono symbol file
Symbol file data-000001CD0B3A0E50 doesn't match image C:\Users\ICTS23-25.149\Documents\GitHub\AppleBox\AppleBox\Library\ScriptAssemblies\Unity.VisualScripting.Core.Editor.dll
Symbol file LoadedFromMemory is not a mono symbol file
Symbol file data-000001CD2EB14A30 doesn't match image C:\Users\ICTS23-25.149\Documents\GitHub\AppleBox\AppleBox\Library\ScriptAssemblies\Unity.Rider.Editor.dll
Symbol file LoadedFromMemory is not a mono symbol file
Symbol file data-000001CD2D714EE0 doesn't match image C:\Users\ICTS23-25.149\Documents\GitHub\AppleBox\AppleBox\Library\ScriptAssemblies\Unity.VisualScripting.State.dll
Symbol file LoadedFromMemory is not a mono symbol file
Symbol file data-000001CD2D714EE0 doesn't match image C:\Users\ICTS23-25.149\Documents\GitHub\AppleBox\AppleBox\Library\ScriptAssemblies\Unity.VSCode.Editor.dll
Symbol file LoadedFromMemory is not a mono symbol file
Symbol file data-000001CD2DC282D0 doesn't match image C:\Users\ICTS23-25.149\Documents\GitHub\AppleBox\AppleBox\Library\ScriptAssemblies\UnityEditor.TestRunner.dll
Symbol file LoadedFromMemory is not a mono symbol file
Symbol file data-000001CD0B6A7920 doesn't match image C:\Users\ICTS23-25.149\Documents\GitHub\AppleBox\AppleBox\Library\ScriptAssemblies\Unity.VisualScripting.Flow.dll
Symbol file LoadedFromMemory is not a mono symbol file
Symbol file data-000001CD2DC282D0 doesn't match image C:\Users\ICTS23-25.149\Documents\GitHub\AppleBox\AppleBox\Library\ScriptAssemblies\Unity.VisualScripting.Flow.Editor.dll
Symbol file LoadedFromMemory is not a mono symbol file
- Loaded All Assemblies, in  0.358 seconds
Refreshing native plugins compatible for Editor in 2.51 ms, found 3 plugins.
Native extension for WindowsStandalone target not found
Package Manager log level set to [2]
[Package Manager] Server::EnsureServerProcessIsRunning -- launch failed, reason: Unity was launched with the -noUpm command-line argument
[Package Manager] UpmClient::Send -- Unable to send message (not connected to UPM process).
[Package Manager] Cannot connect to Unity Package Manager local server
Mono: successfully reloaded assembly
- Finished resetting the current domain, in  0.365 seconds
Domain Reload Profiling: 722ms
	BeginReloadAssembly (84ms)
		ExecutionOrderSort (0ms)
		DisableScriptedObjects (3ms)
		BackupInstance (0ms)
		ReleaseScriptingObjects (0ms)
		CreateAndSetChildDomain (13ms)
	RebuildCommonClasses (19ms)
	RebuildNativeTypeToScriptingClass (6ms)
	initialDomainReloadingComplete (24ms)
	LoadAllAssembliesAndSetupDomain (224ms)
		LoadAssemblies (173ms)
		RebuildTransferFunctionScriptingTraits (0ms)
		AnalyzeDomain (101ms)
			TypeCache.Refresh (88ms)
				TypeCache.ScanAssembly (79ms)
			ScanForSourceGeneratedMonoScriptInfo (9ms)
			ResolveRequiredComponents (3ms)
	FinalizeReload (365ms)
		ReleaseScriptCaches (0ms)
		RebuildScriptCaches (0ms)
		SetupLoadedEditorAssemblies (289ms)
			LogAssemblyErrors (0ms)
			InitializePlatformSupportModulesInManaged (3ms)
			SetLoadedEditorAssemblies (2ms)
			RefreshPlugins (0ms)
			BeforeProcessingInitializeOnLoad (37ms)
			ProcessInitializeOnLoadAttributes (232ms)
			ProcessInitializeOnLoadMethodAttributes (11ms)
			AfterProcessingInitializeOnLoad (4ms)
			EditorAssembliesLoaded (0ms)
		ExecutionOrderSort2 (0ms)
		AwakeInstancesAfterBackupRestoration (4ms)
Launched and connected shader compiler UnityShaderCompiler.exe after 0.02 seconds
Refreshing native plugins compatible for Editor in 2.02 ms, found 3 plugins.
Preloading 0 native plugins for Editor in 0.00 ms.
Unloading 3505 Unused Serialized files (Serialized files now loaded: 0)
Unloading 40 unused Assets / (58.6 KB). Loaded Objects now: 3991.
Memory consumption went from 143.6 MB to 143.5 MB.
Total: 2.203500 ms (FindLiveObjects: 0.158300 ms CreateObjectMapping: 0.041200 ms MarkObjects: 1.930100 ms  DeleteObjects: 0.073300 ms)

AssetImportParameters requested are different than current active one (requested -> active):
  custom:container-demuxer-ogg: 62fdf1f143b41e24485cea50d1cbac27 -> 
  custom:video-codec-MediaFoundation-h265: 746d11721c4dcdbdad8f713fa42b33f4 -> 
  custom:video-decoder-ogg-theora: a1e56fd34408186e4bbccfd4996cb3dc -> 
  custom:framework-win-MediaFoundation: 216162199b28c13a410421893ffa2e32 -> 
  custom:CustomObjectIndexerAttribute: 9a22284fe3817be447336de3de66b15e -> 
  custom:container-demuxer-webm: 4f35f7cbe854078d1ac9338744f61a02 -> 
  custom:container-muxer-webm: aa71ff27fc2769a1b78a27578f13a17b -> 
  custom:video-decoder-webm-vp8: 9c59270c3fd7afecdb556c50c9e8de78 -> 
  custom:SearchIndexIgnoredProperties: e643bd26f0fe6173181afceb89e7c659 -> 
  custom:AudioImporter_EditorPlatform: d09bf68614088b80899f8185d706f6e7 -> 
  custom:video-encoder-webm-vp8: eb34c28f22e8b96e1ab97ce403110664 -> 
  custom:audio-decoder-ogg-vorbis: bf7c407c2cedff20999df2af8eb42d56 -> 
  custom:audio-encoder-webm-vorbis: bf7c407c2cedff20999df2af8eb42d56 -> 
========================================================================
Received Import Request.
  Time since last request: 612495.720090 seconds.
  path: Assets/Creative stuff Fabio/marroneHUD.mat
  artifactKey: Guid(1031f729eb4122e4097dc08dfe1c2eb7) Importer(815301076,1909f56bfc062723c751e8b465ee728b)
Start importing Assets/Creative stuff Fabio/marroneHUD.mat using Guid(1031f729eb4122e4097dc08dfe1c2eb7) Importer(815301076,1909f56bfc062723c751e8b465ee728b) [PhysX] Initialized MultithreadedTaskDispatcher with 32 workers.
[PhysX] Initialized MultithreadedTaskDispatcher with 32 workers.
 -> (artifact id: '53fec342377c4056d8fb110a0439c594') in 0.076039 seconds
Number of updated asset objects reloaded before import = 0
Number of asset objects unloaded after import = 1
========================================================================
Received Import Request.
  Time since last request: 3.560581 seconds.
  path: Assets/Creative stuff Fabio/rossoHUD.mat
  artifactKey: Guid(47d0dc51d989d6c47bb42212e93039c3) Importer(815301076,1909f56bfc062723c751e8b465ee728b)
Start importing Assets/Creative stuff Fabio/rossoHUD.mat using Guid(47d0dc51d989d6c47bb42212e93039c3) Importer(815301076,1909f56bfc062723c751e8b465ee728b) [PhysX] Initialized MultithreadedTaskDispatcher with 32 workers.
[PhysX] Initialized MultithreadedTaskDispatcher with 32 workers.
 -> (artifact id: 'ae1ebffc080f1cdf0fcc6dec5ff06d12') in 0.010294 seconds
Number of updated asset objects reloaded before import = 0
Number of asset objects unloaded after import = 1
========================================================================
Received Import Request.
  Time since last request: 3.450132 seconds.
  path: Assets/Creative stuff Fabio/verdeHUD.mat
  artifactKey: Guid(271ce71a7c82e4242979d84248ad94b1) Importer(815301076,1909f56bfc062723c751e8b465ee728b)
Start importing Assets/Creative stuff Fabio/verdeHUD.mat using Guid(271ce71a7c82e4242979d84248ad94b1) Importer(815301076,1909f56bfc062723c751e8b465ee728b) [PhysX] Initialized MultithreadedTaskDispatcher with 32 workers.
[PhysX] Initialized MultithreadedTaskDispatcher with 32 workers.
 -> (artifact id: 'a3ba868a49f004b7cce38248f764c5b5') in 0.009990 seconds
Number of updated asset objects reloaded before import = 0
Number of asset objects unloaded after import = 1
========================================================================
Received Import Request.
  Time since last request: 4.945376 seconds.
  path: Assets/Creative stuff Fabio/OOBRenderMela.prefab
  artifactKey: Guid(3c3f362965e1e8b44bdbc736316b03e6) Importer(815301076,1909f56bfc062723c751e8b465ee728b)
Start importing Assets/Creative stuff Fabio/OOBRenderMela.prefab using Guid(3c3f362965e1e8b44bdbc736316b03e6) Importer(815301076,1909f56bfc062723c751e8b465ee728b) [PhysX] Initialized MultithreadedTaskDispatcher with 32 workers.
[PhysX] Initialized MultithreadedTaskDispatcher with 32 workers.
 -> (artifact id: '2429aa6f0a708b19964e9d4d70ae30c6') in 0.021138 seconds
Number of updated asset objects reloaded before import = 0
Number of asset objects unloaded after import = 54
========================================================================
Received Import Request.
  Time since last request: 4.435419 seconds.
  path: Assets/Creative stuff Fabio/OOBRenderMela.prefab
  artifactKey: Guid(3c3f362965e1e8b44bdbc736316b03e6) Importer(815301076,1909f56bfc062723c751e8b465ee728b)
Start importing Assets/Creative stuff Fabio/OOBRenderMela.prefab using Guid(3c3f362965e1e8b44bdbc736316b03e6) Importer(815301076,1909f56bfc062723c751e8b465ee728b) [PhysX] Initialized MultithreadedTaskDispatcher with 32 workers.
[PhysX] Initialized MultithreadedTaskDispatcher with 32 workers.
 -> (artifact id: '78d1caebfab9e6ee0270215ca90ab302') in 0.007095 seconds
Number of updated asset objects reloaded before import = 0
Number of asset objects unloaded after import = 54
========================================================================
Received Import Request.
  Time since last request: 3.086497 seconds.
  path: Assets/Creative stuff Fabio/OOBRenderMela.prefab
  artifactKey: Guid(3c3f362965e1e8b44bdbc736316b03e6) Importer(815301076,1909f56bfc062723c751e8b465ee728b)
Start importing Assets/Creative stuff Fabio/OOBRenderMela.prefab using Guid(3c3f362965e1e8b44bdbc736316b03e6) Importer(815301076,1909f56bfc062723c751e8b465ee728b) [PhysX] Initialized MultithreadedTaskDispatcher with 32 workers.
[PhysX] Initialized MultithreadedTaskDispatcher with 32 workers.
 -> (artifact id: 'a5a40128e706e820ab5ec8024c5abe65') in 0.009285 seconds
Number of updated asset objects reloaded before import = 0
Number of asset objects unloaded after import = 54
========================================================================
Received Prepare
Begin MonoManager ReloadAssembly
Symbol file data-000001CD0BD41010 doesn't match image C:\Users\ICTS23-25.149\Documents\GitHub\AppleBox\AppleBox\Library\ScriptAssemblies\Unity.Timeline.dll
Symbol file LoadedFromMemory is not a mono symbol file
Symbol file data-000001CD0BB12A60 doesn't match image C:\Users\ICTS23-25.149\Documents\GitHub\AppleBox\AppleBox\Library\ScriptAssemblies\Unity.TestTools.CodeCoverage.Editor.OpenCover.Mono.Reflection.dll
Symbol file LoadedFromMemory is not a mono symbol file
Symbol file data-000001CD2F706C80 doesn't match image C:\Users\ICTS23-25.149\Documents\GitHub\AppleBox\AppleBox\Library\ScriptAssemblies\UnityEngine.UI.dll
Symbol file LoadedFromMemory is not a mono symbol file
Symbol file data-000001CD0BB12A60 doesn't match image C:\Users\ICTS23-25.149\Documents\GitHub\AppleBox\AppleBox\Library\ScriptAssemblies\Unity.EditorCoroutines.Editor.dll
Symbol file LoadedFromMemory is not a mono symbol file
Symbol file data-000001CD38903010 doesn't match image C:\Users\ICTS23-25.149\Documents\GitHub\AppleBox\AppleBox\Library\ScriptAssemblies\Unity.VisualScripting.SettingsProvider.Editor.dll
Symbol file LoadedFromMemory is not a mono symbol file
Symbol file data-000001CD2F706C80 doesn't match image C:\Users\ICTS23-25.149\Documents\GitHub\AppleBox\AppleBox\Library\ScriptAssemblies\Unity.Performance.Profile-Analyzer.Editor.dll
Symbol file LoadedFromMemory is not a mono symbol file
Symbol file data-000001CD37452030 doesn't match image C:\Users\ICTS23-25.149\Documents\GitHub\AppleBox\AppleBox\Library\ScriptAssemblies\Unity.TestTools.CodeCoverage.Editor.dll
Symbol file LoadedFromMemory is not a mono symbol file
Symbol file data-000001CD0BE7E960 doesn't match image C:\Users\ICTS23-25.149\Documents\GitHub\AppleBox\AppleBox\Library\ScriptAssemblies\Unity.TestTools.CodeCoverage.Editor.OpenCover.Model.dll
Symbol file LoadedFromMemory is not a mono symbol file
Symbol file data-000001CD2ECAA010 doesn't match image C:\Users\ICTS23-25.149\Documents\GitHub\AppleBox\AppleBox\Library\ScriptAssemblies\Unity.PlasticSCM.Editor.dll
Symbol file LoadedFromMemory is not a mono symbol file
Symbol file data-000001CD37452030 doesn't match image C:\Users\ICTS23-25.149\Documents\GitHub\AppleBox\AppleBox\Library\ScriptAssemblies\UnityEngine.TestRunner.dll
Symbol file LoadedFromMemory is not a mono symbol file
Symbol file data-000001CD0BE7E960 doesn't match image C:\Users\ICTS23-25.149\Documents\GitHub\AppleBox\AppleBox\Library\ScriptAssemblies\Unity.VisualScripting.State.Editor.dll
Symbol file LoadedFromMemory is not a mono symbol file
Symbol file data-000001CD2DA7C010 doesn't match image C:\Users\ICTS23-25.149\Documents\GitHub\AppleBox\AppleBox\Library\ScriptAssemblies\Unity.Timeline.Editor.dll
Symbol file LoadedFromMemory is not a mono symbol file
Symbol file data-000001CD387C1030 doesn't match image C:\Users\ICTS23-25.149\Documents\GitHub\AppleBox\AppleBox\Library\ScriptAssemblies\Unity.Settings.Editor.dll
Symbol file LoadedFromMemory is not a mono symbol file
Symbol file data-000001CD387C1030 doesn't match image C:\Users\ICTS23-25.149\Documents\GitHub\AppleBox\AppleBox\Library\ScriptAssemblies\Unity.VisualScripting.Shared.Editor.dll
Symbol file LoadedFromMemory is not a mono symbol file
Symbol file data-000001CD387C1030 doesn't match image C:\Users\ICTS23-25.149\Documents\GitHub\AppleBox\AppleBox\Library\ScriptAssemblies\Unity.CollabProxy.Editor.dll
Symbol file LoadedFromMemory is not a mono symbol file
Symbol file data-000001CD37452030 doesn't match image C:\Users\ICTS23-25.149\Documents\GitHub\AppleBox\AppleBox\Library\ScriptAssemblies\Unity.VisualStudio.Editor.dll
Symbol file LoadedFromMemory is not a mono symbol file
Symbol file data-000001CD2D72E010 doesn't match image C:\Users\ICTS23-25.149\Documents\GitHub\AppleBox\AppleBox\Library\ScriptAssemblies\Unity.TextMeshPro.dll
Symbol file LoadedFromMemory is not a mono symbol file
Symbol file data-000001CD36F30080 doesn't match image C:\Users\ICTS23-25.149\Documents\GitHub\AppleBox\AppleBox\Library\ScriptAssemblies\Unity.VisualScripting.Core.dll
Symbol file LoadedFromMemory is not a mono symbol file
Symbol file data-000001CD2DC282D0 doesn't match image C:\Users\ICTS23-25.149\Documents\GitHub\AppleBox\AppleBox\Library\ScriptAssemblies\Unity.TextMeshPro.Editor.dll
Symbol file LoadedFromMemory is not a mono symbol file
Symbol file data-000001CD387C1030 doesn't match image C:\Users\ICTS23-25.149\Documents\GitHub\AppleBox\AppleBox\Library\ScriptAssemblies\UnityEditor.UI.dll
Symbol file LoadedFromMemory is not a mono symbol file
Symbol file data-000001CD37282030 doesn't match image C:\Users\ICTS23-25.149\Documents\GitHub\AppleBox\AppleBox\Library\ScriptAssemblies\Unity.VisualScripting.Core.Editor.dll
Symbol file LoadedFromMemory is not a mono symbol file
Symbol file data-000001CD387C1030 doesn't match image C:\Users\ICTS23-25.149\Documents\GitHub\AppleBox\AppleBox\Library\ScriptAssemblies\Unity.Rider.Editor.dll
Symbol file LoadedFromMemory is not a mono symbol file
Symbol file data-000001CD0B8B1680 doesn't match image C:\Users\ICTS23-25.149\Documents\GitHub\AppleBox\AppleBox\Library\ScriptAssemblies\Unity.VisualScripting.State.dll
Symbol file LoadedFromMemory is not a mono symbol file
Symbol file data-000001CD3799E620 doesn't match image C:\Users\ICTS23-25.149\Documents\GitHub\AppleBox\AppleBox\Library\ScriptAssemblies\Unity.VSCode.Editor.dll
Symbol file LoadedFromMemory is not a mono symbol file
Symbol file data-000001CD2E39B010 doesn't match image C:\Users\ICTS23-25.149\Documents\GitHub\AppleBox\AppleBox\Library\ScriptAssemblies\UnityEditor.TestRunner.dll
Symbol file LoadedFromMemory is not a mono symbol file
Symbol file data-000001CD0B56C860 doesn't match image C:\Users\ICTS23-25.149\Documents\GitHub\AppleBox\AppleBox\Library\ScriptAssemblies\Unity.VisualScripting.Flow.dll
Symbol file LoadedFromMemory is not a mono symbol file
Symbol file data-000001CD0B56C860 doesn't match image C:\Users\ICTS23-25.149\Documents\GitHub\AppleBox\AppleBox\Library\ScriptAssemblies\Unity.VisualScripting.Flow.Editor.dll
Symbol file LoadedFromMemory is not a mono symbol file
- Loaded All Assemblies, in  0.271 seconds
Refreshing native plugins compatible for Editor in 2.77 ms, found 3 plugins.
Native extension for WindowsStandalone target not found
[Package Manager] Server::EnsureServerProcessIsRunning -- launch failed, reason: Unity was launched with the -noUpm command-line argument
[Package Manager] UpmClient::Send -- Unable to send message (not connected to UPM process).
[Package Manager] Cannot connect to Unity Package Manager local server
Mono: successfully reloaded assembly
- Finished resetting the current domain, in  0.610 seconds
Domain Reload Profiling: 879ms
	BeginReloadAssembly (98ms)
		ExecutionOrderSort (0ms)
		DisableScriptedObjects (2ms)
		BackupInstance (0ms)
		ReleaseScriptingObjects (0ms)
		CreateAndSetChildDomain (22ms)
	RebuildCommonClasses (19ms)
	RebuildNativeTypeToScriptingClass (9ms)
	initialDomainReloadingComplete (18ms)
	LoadAllAssembliesAndSetupDomain (125ms)
		LoadAssemblies (164ms)
		RebuildTransferFunctionScriptingTraits (0ms)
		AnalyzeDomain (11ms)
			TypeCache.Refresh (6ms)
				TypeCache.ScanAssembly (0ms)
			ScanForSourceGeneratedMonoScriptInfo (0ms)
			ResolveRequiredComponents (4ms)
	FinalizeReload (610ms)
		ReleaseScriptCaches (0ms)
		RebuildScriptCaches (0ms)
		SetupLoadedEditorAssemblies (322ms)
			LogAssemblyErrors (0ms)
			InitializePlatformSupportModulesInManaged (4ms)
			SetLoadedEditorAssemblies (2ms)
			RefreshPlugins (0ms)
			BeforeProcessingInitializeOnLoad (39ms)
			ProcessInitializeOnLoadAttributes (258ms)
			ProcessInitializeOnLoadMethodAttributes (14ms)
			AfterProcessingInitializeOnLoad (4ms)
			EditorAssembliesLoaded (0ms)
		ExecutionOrderSort2 (0ms)
		AwakeInstancesAfterBackupRestoration (5ms)
Refreshing native plugins compatible for Editor in 2.86 ms, found 3 plugins.
Preloading 0 native plugins for Editor in 0.00 ms.
Unloading 3484 Unused Serialized files (Serialized files now loaded: 0)
Unloading 25 unused Assets / (32.2 KB). Loaded Objects now: 4035.
Memory consumption went from 144.0 MB to 143.9 MB.
Total: 2.638900 ms (FindLiveObjects: 0.332000 ms CreateObjectMapping: 0.112900 ms MarkObjects: 2.153000 ms  DeleteObjects: 0.040500 ms)

Prepare: number of updated asset objects reloaded= 0
AssetImportParameters requested are different than current active one (requested -> active):
  custom:container-demuxer-ogg: 62fdf1f143b41e24485cea50d1cbac27 -> 
  custom:video-codec-MediaFoundation-h265: 746d11721c4dcdbdad8f713fa42b33f4 -> 
  custom:video-decoder-ogg-theora: a1e56fd34408186e4bbccfd4996cb3dc -> 
  custom:framework-win-MediaFoundation: 216162199b28c13a410421893ffa2e32 -> 
  custom:CustomObjectIndexerAttribute: 9a22284fe3817be447336de3de66b15e -> 
  custom:container-demuxer-webm: 4f35f7cbe854078d1ac9338744f61a02 -> 
  custom:container-muxer-webm: aa71ff27fc2769a1b78a27578f13a17b -> 
  custom:video-decoder-webm-vp8: 9c59270c3fd7afecdb556c50c9e8de78 -> 
  custom:SearchIndexIgnoredProperties: e643bd26f0fe6173181afceb89e7c659 -> 
  custom:AudioImporter_EditorPlatform: d09bf68614088b80899f8185d706f6e7 -> 
  custom:video-encoder-webm-vp8: eb34c28f22e8b96e1ab97ce403110664 -> 
  custom:audio-decoder-ogg-vorbis: bf7c407c2cedff20999df2af8eb42d56 -> 
  custom:audio-encoder-webm-vorbis: bf7c407c2cedff20999df2af8eb42d56 -> 
========================================================================
Received Prepare
Begin MonoManager ReloadAssembly
Symbol file data-000001CD0BD41010 doesn't match image C:\Users\ICTS23-25.149\Documents\GitHub\AppleBox\AppleBox\Library\ScriptAssemblies\Unity.Timeline.dll
Symbol file LoadedFromMemory is not a mono symbol file
Symbol file data-000001CD37E22CA0 doesn't match image C:\Users\ICTS23-25.149\Documents\GitHub\AppleBox\AppleBox\Library\ScriptAssemblies\Unity.TestTools.CodeCoverage.Editor.OpenCover.Mono.Reflection.dll
Symbol file LoadedFromMemory is not a mono symbol file
Symbol file data-000001CD2DE14040 doesn't match image C:\Users\ICTS23-25.149\Documents\GitHub\AppleBox\AppleBox\Library\ScriptAssemblies\UnityEngine.UI.dll
Symbol file LoadedFromMemory is not a mono symbol file
Symbol file data-000001CD37E22CA0 doesn't match image C:\Users\ICTS23-25.149\Documents\GitHub\AppleBox\AppleBox\Library\ScriptAssemblies\Unity.EditorCoroutines.Editor.dll
Symbol file LoadedFromMemory is not a mono symbol file
Symbol file data-000001CD37AC8010 doesn't match image C:\Users\ICTS23-25.149\Documents\GitHub\AppleBox\AppleBox\Library\ScriptAssemblies\Unity.VisualScripting.SettingsProvider.Editor.dll
Symbol file LoadedFromMemory is not a mono symbol file
Symbol file data-000001CD37CE5030 doesn't match image C:\Users\ICTS23-25.149\Documents\GitHub\AppleBox\AppleBox\Library\ScriptAssemblies\Unity.Performance.Profile-Analyzer.Editor.dll
Symbol file LoadedFromMemory is not a mono symbol file
Symbol file data-000001CD39CE07E0 doesn't match image C:\Users\ICTS23-25.149\Documents\GitHub\AppleBox\AppleBox\Library\ScriptAssemblies\Unity.TestTools.CodeCoverage.Editor.dll
Symbol file LoadedFromMemory is not a mono symbol file
Symbol file data-000001CD0BCFCEB0 doesn't match image C:\Users\ICTS23-25.149\Documents\GitHub\AppleBox\AppleBox\Library\ScriptAssemblies\Unity.TestTools.CodeCoverage.Editor.OpenCover.Model.dll
Symbol file LoadedFromMemory is not a mono symbol file
Symbol file data-000001CD0BA65010 doesn't match image C:\Users\ICTS23-25.149\Documents\GitHub\AppleBox\AppleBox\Library\ScriptAssemblies\Unity.PlasticSCM.Editor.dll
Symbol file LoadedFromMemory is not a mono symbol file
Symbol file data-000001CD0C137020 doesn't match image C:\Users\ICTS23-25.149\Documents\GitHub\AppleBox\AppleBox\Library\ScriptAssemblies\UnityEngine.TestRunner.dll
Symbol file LoadedFromMemory is not a mono symbol file
Symbol file data-000001CD3704C010 doesn't match image C:\Users\ICTS23-25.149\Documents\GitHub\AppleBox\AppleBox\Library\ScriptAssemblies\Unity.VisualScripting.State.Editor.dll
Symbol file LoadedFromMemory is not a mono symbol file
Symbol file data-000001CD0BA65010 doesn't match image C:\Users\ICTS23-25.149\Documents\GitHub\AppleBox\AppleBox\Library\ScriptAssemblies\Unity.Timeline.Editor.dll
Symbol file LoadedFromMemory is not a mono symbol file
Symbol file data-000001CD0BCFCEB0 doesn't match image C:\Users\ICTS23-25.149\Documents\GitHub\AppleBox\AppleBox\Library\ScriptAssemblies\Unity.Settings.Editor.dll
Symbol file LoadedFromMemory is not a mono symbol file
Symbol file data-000001CD0BCFCEB0 doesn't match image C:\Users\ICTS23-25.149\Documents\GitHub\AppleBox\AppleBox\Library\ScriptAssemblies\Unity.VisualScripting.Shared.Editor.dll
Symbol file LoadedFromMemory is not a mono symbol file
Symbol file data-000001CD0BCFCEB0 doesn't match image C:\Users\ICTS23-25.149\Documents\GitHub\AppleBox\AppleBox\Library\ScriptAssemblies\Unity.CollabProxy.Editor.dll
Symbol file LoadedFromMemory is not a mono symbol file
Symbol file data-000001CD39CE07E0 doesn't match image C:\Users\ICTS23-25.149\Documents\GitHub\AppleBox\AppleBox\Library\ScriptAssemblies\Unity.VisualStudio.Editor.dll
Symbol file LoadedFromMemory is not a mono symbol file
Symbol file data-000001CD2E1EA030 doesn't match image C:\Users\ICTS23-25.149\Documents\GitHub\AppleBox\AppleBox\Library\ScriptAssemblies\Unity.TextMeshPro.dll
Symbol file LoadedFromMemory is not a mono symbol file
Symbol file data-000001CD37DD1040 doesn't match image C:\Users\ICTS23-25.149\Documents\GitHub\AppleBox\AppleBox\Library\ScriptAssemblies\Unity.VisualScripting.Core.dll
Symbol file LoadedFromMemory is not a mono symbol file
Symbol file data-000001CD2DB11010 doesn't match image C:\Users\ICTS23-25.149\Documents\GitHub\AppleBox\AppleBox\Library\ScriptAssemblies\Unity.TextMeshPro.Editor.dll
Symbol file LoadedFromMemory is not a mono symbol file
Symbol file data-000001CD3704C010 doesn't match image C:\Users\ICTS23-25.149\Documents\GitHub\AppleBox\AppleBox\Library\ScriptAssemblies\UnityEditor.UI.dll
Symbol file LoadedFromMemory is not a mono symbol file
Symbol file data-000001CD37340020 doesn't match image C:\Users\ICTS23-25.149\Documents\GitHub\AppleBox\AppleBox\Library\ScriptAssemblies\Unity.VisualScripting.Core.Editor.dll
Symbol file LoadedFromMemory is not a mono symbol file
Symbol file data-000001CD0BF3DAA0 doesn't match image C:\Users\ICTS23-25.149\Documents\GitHub\AppleBox\AppleBox\Library\ScriptAssemblies\Unity.Rider.Editor.dll
Symbol file LoadedFromMemory is not a mono symbol file
Symbol file data-000001CD0BAB3360 doesn't match image C:\Users\ICTS23-25.149\Documents\GitHub\AppleBox\AppleBox\Library\ScriptAssemblies\Unity.VisualScripting.State.dll
Symbol file LoadedFromMemory is not a mono symbol file
Symbol file data-000001CD0BAB3360 doesn't match image C:\Users\ICTS23-25.149\Documents\GitHub\AppleBox\AppleBox\Library\ScriptAssemblies\Unity.VSCode.Editor.dll
Symbol file LoadedFromMemory is not a mono symbol file
Symbol file data-000001CD37CE5030 doesn't match image C:\Users\ICTS23-25.149\Documents\GitHub\AppleBox\AppleBox\Library\ScriptAssemblies\UnityEditor.TestRunner.dll
Symbol file LoadedFromMemory is not a mono symbol file
Symbol file data-000001CD2E1EA030 doesn't match image C:\Users\ICTS23-25.149\Documents\GitHub\AppleBox\AppleBox\Library\ScriptAssemblies\Unity.VisualScripting.Flow.dll
Symbol file LoadedFromMemory is not a mono symbol file
Symbol file data-000001CD37CE5030 doesn't match image C:\Users\ICTS23-25.149\Documents\GitHub\AppleBox\AppleBox\Library\ScriptAssemblies\Unity.VisualScripting.Flow.Editor.dll
Symbol file LoadedFromMemory is not a mono symbol file
- Loaded All Assemblies, in  0.272 seconds
Refreshing native plugins compatible for Editor in 2.44 ms, found 3 plugins.
Native extension for WindowsStandalone target not found
[Package Manager] Server::EnsureServerProcessIsRunning -- launch failed, reason: Unity was launched with the -noUpm command-line argument
[Package Manager] UpmClient::Send -- Unable to send message (not connected to UPM process).
[Package Manager] Cannot connect to Unity Package Manager local server
Mono: successfully reloaded assembly
- Finished resetting the current domain, in  0.632 seconds
Domain Reload Profiling: 902ms
	BeginReloadAssembly (96ms)
		ExecutionOrderSort (0ms)
		DisableScriptedObjects (3ms)
		BackupInstance (0ms)
		ReleaseScriptingObjects (0ms)
		CreateAndSetChildDomain (21ms)
	RebuildCommonClasses (18ms)
	RebuildNativeTypeToScriptingClass (6ms)
	initialDomainReloadingComplete (16ms)
	LoadAllAssembliesAndSetupDomain (134ms)
		LoadAssemblies (169ms)
		RebuildTransferFunctionScriptingTraits (0ms)
		AnalyzeDomain (13ms)
			TypeCache.Refresh (6ms)
				TypeCache.ScanAssembly (0ms)
			ScanForSourceGeneratedMonoScriptInfo (0ms)
			ResolveRequiredComponents (5ms)
	FinalizeReload (632ms)
		ReleaseScriptCaches (0ms)
		RebuildScriptCaches (0ms)
		SetupLoadedEditorAssemblies (331ms)
			LogAssemblyErrors (0ms)
			InitializePlatformSupportModulesInManaged (4ms)
			SetLoadedEditorAssemblies (3ms)
			RefreshPlugins (0ms)
			BeforeProcessingInitializeOnLoad (43ms)
			ProcessInitializeOnLoadAttributes (263ms)
			ProcessInitializeOnLoadMethodAttributes (13ms)
			AfterProcessingInitializeOnLoad (4ms)
			EditorAssembliesLoaded (0ms)
		ExecutionOrderSort2 (0ms)
		AwakeInstancesAfterBackupRestoration (5ms)
Refreshing native plugins compatible for Editor in 2.11 ms, found 3 plugins.
Preloading 0 native plugins for Editor in 0.00 ms.
Unloading 3485 Unused Serialized files (Serialized files now loaded: 0)
Unloading 25 unused Assets / (32.2 KB). Loaded Objects now: 4038.
Memory consumption went from 144.2 MB to 144.2 MB.
Total: 2.059400 ms (FindLiveObjects: 0.157800 ms CreateObjectMapping: 0.045100 ms MarkObjects: 1.809400 ms  DeleteObjects: 0.046100 ms)

Prepare: number of updated asset objects reloaded= 0
AssetImportParameters requested are different than current active one (requested -> active):
  custom:container-demuxer-ogg: 62fdf1f143b41e24485cea50d1cbac27 -> 
  custom:video-codec-MediaFoundation-h265: 746d11721c4dcdbdad8f713fa42b33f4 -> 
  custom:video-decoder-ogg-theora: a1e56fd34408186e4bbccfd4996cb3dc -> 
  custom:framework-win-MediaFoundation: 216162199b28c13a410421893ffa2e32 -> 
  custom:CustomObjectIndexerAttribute: 9a22284fe3817be447336de3de66b15e -> 
  custom:container-demuxer-webm: 4f35f7cbe854078d1ac9338744f61a02 -> 
  custom:container-muxer-webm: aa71ff27fc2769a1b78a27578f13a17b -> 
  custom:video-decoder-webm-vp8: 9c59270c3fd7afecdb556c50c9e8de78 -> 
  custom:SearchIndexIgnoredProperties: e643bd26f0fe6173181afceb89e7c659 -> 
  custom:AudioImporter_EditorPlatform: d09bf68614088b80899f8185d706f6e7 -> 
  custom:video-encoder-webm-vp8: eb34c28f22e8b96e1ab97ce403110664 -> 
  custom:audio-decoder-ogg-vorbis: bf7c407c2cedff20999df2af8eb42d56 -> 
  custom:audio-encoder-webm-vorbis: bf7c407c2cedff20999df2af8eb42d56 -> 
========================================================================
Received Prepare
Begin MonoManager ReloadAssembly
Symbol file data-000001CD0BD41010 doesn't match image C:\Users\ICTS23-25.149\Documents\GitHub\AppleBox\AppleBox\Library\ScriptAssemblies\Unity.Timeline.dll
Symbol file LoadedFromMemory is not a mono symbol file
Symbol file data-000001CD36F5A460 doesn't match image C:\Users\ICTS23-25.149\Documents\GitHub\AppleBox\AppleBox\Library\ScriptAssemblies\Unity.TestTools.CodeCoverage.Editor.OpenCover.Mono.Reflection.dll
Symbol file LoadedFromMemory is not a mono symbol file
Symbol file data-000001CD2EA50030 doesn't match image C:\Users\ICTS23-25.149\Documents\GitHub\AppleBox\AppleBox\Library\ScriptAssemblies\UnityEngine.UI.dll
Symbol file LoadedFromMemory is not a mono symbol file
Symbol file data-000001CD36F5A460 doesn't match image C:\Users\ICTS23-25.149\Documents\GitHub\AppleBox\AppleBox\Library\ScriptAssemblies\Unity.EditorCoroutines.Editor.dll
Symbol file LoadedFromMemory is not a mono symbol file
Symbol file data-000001CD0B322020 doesn't match image C:\Users\ICTS23-25.149\Documents\GitHub\AppleBox\AppleBox\Library\ScriptAssemblies\Unity.VisualScripting.SettingsProvider.Editor.dll
Symbol file LoadedFromMemory is not a mono symbol file
Symbol file data-000001CD2F550010 doesn't match image C:\Users\ICTS23-25.149\Documents\GitHub\AppleBox\AppleBox\Library\ScriptAssemblies\Unity.Performance.Profile-Analyzer.Editor.dll
Symbol file LoadedFromMemory is not a mono symbol file
Symbol file data-000001CD2DD9A040 doesn't match image C:\Users\ICTS23-25.149\Documents\GitHub\AppleBox\AppleBox\Library\ScriptAssemblies\Unity.TestTools.CodeCoverage.Editor.dll
Symbol file LoadedFromMemory is not a mono symbol file
Symbol file data-000001CD37AC8010 doesn't match image C:\Users\ICTS23-25.149\Documents\GitHub\AppleBox\AppleBox\Library\ScriptAssemblies\Unity.TestTools.CodeCoverage.Editor.OpenCover.Model.dll
Symbol file LoadedFromMemory is not a mono symbol file
Symbol file data-000001CD0BA65010 doesn't match image C:\Users\ICTS23-25.149\Documents\GitHub\AppleBox\AppleBox\Library\ScriptAssemblies\Unity.PlasticSCM.Editor.dll
Symbol file LoadedFromMemory is not a mono symbol file
Symbol file data-000001CD9C2CB020 doesn't match image C:\Users\ICTS23-25.149\Documents\GitHub\AppleBox\AppleBox\Library\ScriptAssemblies\UnityEngine.TestRunner.dll
Symbol file LoadedFromMemory is not a mono symbol file
Symbol file data-000001CD3704C010 doesn't match image C:\Users\ICTS23-25.149\Documents\GitHub\AppleBox\AppleBox\Library\ScriptAssemblies\Unity.VisualScripting.State.Editor.dll
Symbol file LoadedFromMemory is not a mono symbol file
Symbol file data-000001CD9CE1F020 doesn't match image C:\Users\ICTS23-25.149\Documents\GitHub\AppleBox\AppleBox\Library\ScriptAssemblies\Unity.Timeline.Editor.dll
Symbol file LoadedFromMemory is not a mono symbol file
Symbol file data-000001CD37AC8010 doesn't match image C:\Users\ICTS23-25.149\Documents\GitHub\AppleBox\AppleBox\Library\ScriptAssemblies\Unity.Settings.Editor.dll
Symbol file LoadedFromMemory is not a mono symbol file
Symbol file data-000001CD37AC8010 doesn't match image C:\Users\ICTS23-25.149\Documents\GitHub\AppleBox\AppleBox\Library\ScriptAssemblies\Unity.VisualScripting.Shared.Editor.dll
Symbol file LoadedFromMemory is not a mono symbol file
Symbol file data-000001CD37AC8010 doesn't match image C:\Users\ICTS23-25.149\Documents\GitHub\AppleBox\AppleBox\Library\ScriptAssemblies\Unity.CollabProxy.Editor.dll
Symbol file LoadedFromMemory is not a mono symbol file
Symbol file data-000001CD2DD9A040 doesn't match image C:\Users\ICTS23-25.149\Documents\GitHub\AppleBox\AppleBox\Library\ScriptAssemblies\Unity.VisualStudio.Editor.dll
Symbol file LoadedFromMemory is not a mono symbol file
Symbol file data-000001CD0B527290 doesn't match image C:\Users\ICTS23-25.149\Documents\GitHub\AppleBox\AppleBox\Library\ScriptAssemblies\Unity.TextMeshPro.dll
Symbol file LoadedFromMemory is not a mono symbol file
Symbol file data-000001CD3811E030 doesn't match image C:\Users\ICTS23-25.149\Documents\GitHub\AppleBox\AppleBox\Library\ScriptAssemblies\Unity.VisualScripting.Core.dll
Symbol file LoadedFromMemory is not a mono symbol file
Symbol file data-000001CD37EDA020 doesn't match image C:\Users\ICTS23-25.149\Documents\GitHub\AppleBox\AppleBox\Library\ScriptAssemblies\Unity.TextMeshPro.Editor.dll
Symbol file LoadedFromMemory is not a mono symbol file
Symbol file data-000001CD3704C010 doesn't match image C:\Users\ICTS23-25.149\Documents\GitHub\AppleBox\AppleBox\Library\ScriptAssemblies\UnityEditor.UI.dll
Symbol file LoadedFromMemory is not a mono symbol file
Symbol file data-000001CD37340020 doesn't match image C:\Users\ICTS23-25.149\Documents\GitHub\AppleBox\AppleBox\Library\ScriptAssemblies\Unity.VisualScripting.Core.Editor.dll
Symbol file LoadedFromMemory is not a mono symbol file
Symbol file data-000001CD38903010 doesn't match image C:\Users\ICTS23-25.149\Documents\GitHub\AppleBox\AppleBox\Library\ScriptAssemblies\Unity.Rider.Editor.dll
Symbol file LoadedFromMemory is not a mono symbol file
Symbol file data-000001CD37AC8010 doesn't match image C:\Users\ICTS23-25.149\Documents\GitHub\AppleBox\AppleBox\Library\ScriptAssemblies\Unity.VisualScripting.State.dll
Symbol file LoadedFromMemory is not a mono symbol file
Symbol file data-000001CD37AC8010 doesn't match image C:\Users\ICTS23-25.149\Documents\GitHub\AppleBox\AppleBox\Library\ScriptAssemblies\Unity.VSCode.Editor.dll
Symbol file LoadedFromMemory is not a mono symbol file
Symbol file data-000001CD36F30080 doesn't match image C:\Users\ICTS23-25.149\Documents\GitHub\AppleBox\AppleBox\Library\ScriptAssemblies\UnityEditor.TestRunner.dll
Symbol file LoadedFromMemory is not a mono symbol file
Symbol file data-000001CD2E1EA030 doesn't match image C:\Users\ICTS23-25.149\Documents\GitHub\AppleBox\AppleBox\Library\ScriptAssemblies\Unity.VisualScripting.Flow.dll
Symbol file LoadedFromMemory is not a mono symbol file
Symbol file data-000001CD2F550010 doesn't match image C:\Users\ICTS23-25.149\Documents\GitHub\AppleBox\AppleBox\Library\ScriptAssemblies\Unity.VisualScripting.Flow.Editor.dll
Symbol file LoadedFromMemory is not a mono symbol file
- Loaded All Assemblies, in  0.255 seconds
Refreshing native plugins compatible for Editor in 2.85 ms, found 3 plugins.
Native extension for WindowsStandalone target not found
[Package Manager] Server::EnsureServerProcessIsRunning -- launch failed, reason: Unity was launched with the -noUpm command-line argument
[Package Manager] UpmClient::Send -- Unable to send message (not connected to UPM process).
[Package Manager] Cannot connect to Unity Package Manager local server
Mono: successfully reloaded assembly
- Finished resetting the current domain, in  0.610 seconds
Domain Reload Profiling: 864ms
	BeginReloadAssembly (91ms)
		ExecutionOrderSort (0ms)
		DisableScriptedObjects (2ms)
		BackupInstance (0ms)
		ReleaseScriptingObjects (0ms)
		CreateAndSetChildDomain (19ms)
	RebuildCommonClasses (19ms)
	RebuildNativeTypeToScriptingClass (6ms)
	initialDomainReloadingComplete (17ms)
	LoadAllAssembliesAndSetupDomain (120ms)
		LoadAssemblies (159ms)
		RebuildTransferFunctionScriptingTraits (0ms)
		AnalyzeDomain (9ms)
			TypeCache.Refresh (5ms)
				TypeCache.ScanAssembly (0ms)
			ScanForSourceGeneratedMonoScriptInfo (0ms)
			ResolveRequiredComponents (3ms)
	FinalizeReload (610ms)
		ReleaseScriptCaches (0ms)
		RebuildScriptCaches (0ms)
		SetupLoadedEditorAssemblies (330ms)
			LogAssemblyErrors (0ms)
			InitializePlatformSupportModulesInManaged (4ms)
			SetLoadedEditorAssemblies (3ms)
			RefreshPlugins (0ms)
			BeforeProcessingInitializeOnLoad (41ms)
			ProcessInitializeOnLoadAttributes (265ms)
			ProcessInitializeOnLoadMethodAttributes (12ms)
			AfterProcessingInitializeOnLoad (4ms)
			EditorAssembliesLoaded (0ms)
		ExecutionOrderSort2 (0ms)
		AwakeInstancesAfterBackupRestoration (5ms)
Refreshing native plugins compatible for Editor in 2.45 ms, found 3 plugins.
Preloading 0 native plugins for Editor in 0.00 ms.
Unloading 3485 Unused Serialized files (Serialized files now loaded: 0)
Unloading 25 unused Assets / (32.2 KB). Loaded Objects now: 4041.
Memory consumption went from 144.2 MB to 144.2 MB.
Total: 2.216000 ms (FindLiveObjects: 0.166800 ms CreateObjectMapping: 0.051100 ms MarkObjects: 1.958700 ms  DeleteObjects: 0.038700 ms)

Prepare: number of updated asset objects reloaded= 0
AssetImportParameters requested are different than current active one (requested -> active):
  custom:container-demuxer-ogg: 62fdf1f143b41e24485cea50d1cbac27 -> 
  custom:video-codec-MediaFoundation-h265: 746d11721c4dcdbdad8f713fa42b33f4 -> 
  custom:video-decoder-ogg-theora: a1e56fd34408186e4bbccfd4996cb3dc -> 
  custom:framework-win-MediaFoundation: 216162199b28c13a410421893ffa2e32 -> 
  custom:CustomObjectIndexerAttribute: 9a22284fe3817be447336de3de66b15e -> 
  custom:container-demuxer-webm: 4f35f7cbe854078d1ac9338744f61a02 -> 
  custom:container-muxer-webm: aa71ff27fc2769a1b78a27578f13a17b -> 
  custom:video-decoder-webm-vp8: 9c59270c3fd7afecdb556c50c9e8de78 -> 
  custom:SearchIndexIgnoredProperties: e643bd26f0fe6173181afceb89e7c659 -> 
  custom:AudioImporter_EditorPlatform: d09bf68614088b80899f8185d706f6e7 -> 
  custom:video-encoder-webm-vp8: eb34c28f22e8b96e1ab97ce403110664 -> 
  custom:audio-decoder-ogg-vorbis: bf7c407c2cedff20999df2af8eb42d56 -> 
  custom:audio-encoder-webm-vorbis: bf7c407c2cedff20999df2af8eb42d56 -> 
========================================================================
Received Import Request.
  Time since last request: 397.712444 seconds.
  path: Assets/Creative stuff Fabio/pomoRotateAnim.anim
  artifactKey: Guid(4a7191b84ef5cbf4d9e6953722944164) Importer(815301076,1909f56bfc062723c751e8b465ee728b)
Start importing Assets/Creative stuff Fabio/pomoRotateAnim.anim using Guid(4a7191b84ef5cbf4d9e6953722944164) Importer(815301076,1909f56bfc062723c751e8b465ee728b) [PhysX] Initialized MultithreadedTaskDispatcher with 32 workers.
 -> (artifact id: 'f7654be0571f7d4ee6ac960160f7ac9c') in 0.013423 seconds
Number of updated asset objects reloaded before import = 0
Number of asset objects unloaded after import = 1
========================================================================
Received Prepare
Begin MonoManager ReloadAssembly
Symbol file data-000001CD0BD41010 doesn't match image C:\Users\ICTS23-25.149\Documents\GitHub\AppleBox\AppleBox\Library\ScriptAssemblies\Unity.Timeline.dll
Symbol file LoadedFromMemory is not a mono symbol file
Symbol file data-000001CD2E1D4BD0 doesn't match image C:\Users\ICTS23-25.149\Documents\GitHub\AppleBox\AppleBox\Library\ScriptAssemblies\Unity.TestTools.CodeCoverage.Editor.OpenCover.Mono.Reflection.dll
Symbol file LoadedFromMemory is not a mono symbol file
Symbol file data-000001CD2DE14040 doesn't match image C:\Users\ICTS23-25.149\Documents\GitHub\AppleBox\AppleBox\Library\ScriptAssemblies\UnityEngine.UI.dll
Symbol file LoadedFromMemory is not a mono symbol file
Symbol file data-000001CD392AC080 doesn't match image C:\Users\ICTS23-25.149\Documents\GitHub\AppleBox\AppleBox\Library\ScriptAssemblies\Unity.EditorCoroutines.Editor.dll
Symbol file LoadedFromMemory is not a mono symbol file
Symbol file data-000001CD39210AE0 doesn't match image C:\Users\ICTS23-25.149\Documents\GitHub\AppleBox\AppleBox\Library\ScriptAssemblies\Unity.VisualScripting.SettingsProvider.Editor.dll
Symbol file LoadedFromMemory is not a mono symbol file
Symbol file data-000001CD37A96020 doesn't match image C:\Users\ICTS23-25.149\Documents\GitHub\AppleBox\AppleBox\Library\ScriptAssemblies\Unity.Performance.Profile-Analyzer.Editor.dll
Symbol file LoadedFromMemory is not a mono symbol file
Symbol file data-000001CD2E075F40 doesn't match image C:\Users\ICTS23-25.149\Documents\GitHub\AppleBox\AppleBox\Library\ScriptAssemblies\Unity.TestTools.CodeCoverage.Editor.dll
Symbol file LoadedFromMemory is not a mono symbol file
Symbol file data-000001CD37E22CA0 doesn't match image C:\Users\ICTS23-25.149\Documents\GitHub\AppleBox\AppleBox\Library\ScriptAssemblies\Unity.TestTools.CodeCoverage.Editor.OpenCover.Model.dll
Symbol file LoadedFromMemory is not a mono symbol file
Symbol file data-000001CD9BD12360 doesn't match image C:\Users\ICTS23-25.149\Documents\GitHub\AppleBox\AppleBox\Library\ScriptAssemblies\Unity.PlasticSCM.Editor.dll
Symbol file LoadedFromMemory is not a mono symbol file
Symbol file data-000001CD9C074D40 doesn't match image C:\Users\ICTS23-25.149\Documents\GitHub\AppleBox\AppleBox\Library\ScriptAssemblies\UnityEngine.TestRunner.dll
Symbol file LoadedFromMemory is not a mono symbol file
Symbol file data-000001CD3980B280 doesn't match image C:\Users\ICTS23-25.149\Documents\GitHub\AppleBox\AppleBox\Library\ScriptAssemblies\Unity.VisualScripting.State.Editor.dll
Symbol file LoadedFromMemory is not a mono symbol file
Symbol file data-000001CD0B7C6D70 doesn't match image C:\Users\ICTS23-25.149\Documents\GitHub\AppleBox\AppleBox\Library\ScriptAssemblies\Unity.Timeline.Editor.dll
Symbol file LoadedFromMemory is not a mono symbol file
Symbol file data-000001CD2F08A010 doesn't match image C:\Users\ICTS23-25.149\Documents\GitHub\AppleBox\AppleBox\Library\ScriptAssemblies\Unity.Settings.Editor.dll
Symbol file LoadedFromMemory is not a mono symbol file
Symbol file data-000001CD2F8B8030 doesn't match image C:\Users\ICTS23-25.149\Documents\GitHub\AppleBox\AppleBox\Library\ScriptAssemblies\Unity.VisualScripting.Shared.Editor.dll
Symbol file LoadedFromMemory is not a mono symbol file
Symbol file data-000001CD2DDB4020 doesn't match image C:\Users\ICTS23-25.149\Documents\GitHub\AppleBox\AppleBox\Library\ScriptAssemblies\Unity.CollabProxy.Editor.dll
Symbol file LoadedFromMemory is not a mono symbol file
Symbol file data-000001CD2F4399B0 doesn't match image C:\Users\ICTS23-25.149\Documents\GitHub\AppleBox\AppleBox\Library\ScriptAssemblies\Unity.VisualStudio.Editor.dll
Symbol file LoadedFromMemory is not a mono symbol file
Symbol file data-000001CD3925D470 doesn't match image C:\Users\ICTS23-25.149\Documents\GitHub\AppleBox\AppleBox\Library\ScriptAssemblies\Unity.TextMeshPro.dll
Symbol file LoadedFromMemory is not a mono symbol file
Symbol file data-000001CD9C207160 doesn't match image C:\Users\ICTS23-25.149\Documents\GitHub\AppleBox\AppleBox\Library\ScriptAssemblies\Unity.VisualScripting.Core.dll
Symbol file LoadedFromMemory is not a mono symbol file
Symbol file data-000001CD3986F380 doesn't match image C:\Users\ICTS23-25.149\Documents\GitHub\AppleBox\AppleBox\Library\ScriptAssemblies\Unity.TextMeshPro.Editor.dll
Symbol file LoadedFromMemory is not a mono symbol file
Symbol file data-000001CD391D3670 doesn't match image C:\Users\ICTS23-25.149\Documents\GitHub\AppleBox\AppleBox\Library\ScriptAssemblies\UnityEditor.UI.dll
Symbol file LoadedFromMemory is not a mono symbol file
Symbol file data-000001CD384BE010 doesn't match image C:\Users\ICTS23-25.149\Documents\GitHub\AppleBox\AppleBox\Library\ScriptAssemblies\Unity.VisualScripting.Core.Editor.dll
Symbol file LoadedFromMemory is not a mono symbol file
Symbol file data-000001CD39361880 doesn't match image C:\Users\ICTS23-25.149\Documents\GitHub\AppleBox\AppleBox\Library\ScriptAssemblies\Unity.Rider.Editor.dll
Symbol file LoadedFromMemory is not a mono symbol file
Symbol file data-000001CD38003010 doesn't match image C:\Users\ICTS23-25.149\Documents\GitHub\AppleBox\AppleBox\Library\ScriptAssemblies\Unity.VisualScripting.State.dll
Symbol file LoadedFromMemory is not a mono symbol file
Symbol file data-000001CD9BD9FB60 doesn't match image C:\Users\ICTS23-25.149\Documents\GitHub\AppleBox\AppleBox\Library\ScriptAssemblies\Unity.VSCode.Editor.dll
Symbol file LoadedFromMemory is not a mono symbol file
Symbol file data-000001CD39853910 doesn't match image C:\Users\ICTS23-25.149\Documents\GitHub\AppleBox\AppleBox\Library\ScriptAssemblies\UnityEditor.TestRunner.dll
Symbol file LoadedFromMemory is not a mono symbol file
Symbol file data-000001CD3925D470 doesn't match image C:\Users\ICTS23-25.149\Documents\GitHub\AppleBox\AppleBox\Library\ScriptAssemblies\Unity.VisualScripting.Flow.dll
Symbol file LoadedFromMemory is not a mono symbol file
Symbol file data-000001CD37A96020 doesn't match image C:\Users\ICTS23-25.149\Documents\GitHub\AppleBox\AppleBox\Library\ScriptAssemblies\Unity.VisualScripting.Flow.Editor.dll
Symbol file LoadedFromMemory is not a mono symbol file
- Loaded All Assemblies, in  0.265 seconds
Refreshing native plugins compatible for Editor in 2.17 ms, found 3 plugins.
Native extension for WindowsStandalone target not found
[Package Manager] Server::EnsureServerProcessIsRunning -- launch failed, reason: Unity was launched with the -noUpm command-line argument
[Package Manager] UpmClient::Send -- Unable to send message (not connected to UPM process).
[Package Manager] Cannot connect to Unity Package Manager local server
Mono: successfully reloaded assembly
- Finished resetting the current domain, in  0.624 seconds
Domain Reload Profiling: 888ms
	BeginReloadAssembly (95ms)
		ExecutionOrderSort (0ms)
		DisableScriptedObjects (3ms)
		BackupInstance (0ms)
		ReleaseScriptingObjects (0ms)
		CreateAndSetChildDomain (20ms)
	RebuildCommonClasses (19ms)
	RebuildNativeTypeToScriptingClass (6ms)
	initialDomainReloadingComplete (17ms)
	LoadAllAssembliesAndSetupDomain (127ms)
		LoadAssemblies (166ms)
		RebuildTransferFunctionScriptingTraits (0ms)
		AnalyzeDomain (10ms)
			TypeCache.Refresh (4ms)
				TypeCache.ScanAssembly (0ms)
			ScanForSourceGeneratedMonoScriptInfo (0ms)
			ResolveRequiredComponents (3ms)
	FinalizeReload (624ms)
		ReleaseScriptCaches (0ms)
		RebuildScriptCaches (0ms)
		SetupLoadedEditorAssemblies (333ms)
			LogAssemblyErrors (0ms)
			InitializePlatformSupportModulesInManaged (5ms)
			SetLoadedEditorAssemblies (2ms)
			RefreshPlugins (0ms)
			BeforeProcessingInitializeOnLoad (38ms)
			ProcessInitializeOnLoadAttributes (271ms)
			ProcessInitializeOnLoadMethodAttributes (13ms)
			AfterProcessingInitializeOnLoad (5ms)
			EditorAssembliesLoaded (0ms)
		ExecutionOrderSort2 (0ms)
		AwakeInstancesAfterBackupRestoration (5ms)
Refreshing native plugins compatible for Editor in 2.79 ms, found 3 plugins.
Preloading 0 native plugins for Editor in 0.00 ms.
Unloading 3484 Unused Serialized files (Serialized files now loaded: 0)
Unloading 25 unused Assets / (32.2 KB). Loaded Objects now: 4044.
Memory consumption went from 144.0 MB to 143.9 MB.
Total: 2.157900 ms (FindLiveObjects: 0.170200 ms CreateObjectMapping: 0.050200 ms MarkObjects: 1.897300 ms  DeleteObjects: 0.039600 ms)

Prepare: number of updated asset objects reloaded= 0
AssetImportParameters requested are different than current active one (requested -> active):
  custom:container-demuxer-ogg: 62fdf1f143b41e24485cea50d1cbac27 -> 
  custom:video-codec-MediaFoundation-h265: 746d11721c4dcdbdad8f713fa42b33f4 -> 
  custom:video-decoder-ogg-theora: a1e56fd34408186e4bbccfd4996cb3dc -> 
  custom:framework-win-MediaFoundation: 216162199b28c13a410421893ffa2e32 -> 
  custom:CustomObjectIndexerAttribute: 9a22284fe3817be447336de3de66b15e -> 
  custom:container-demuxer-webm: 4f35f7cbe854078d1ac9338744f61a02 -> 
  custom:container-muxer-webm: aa71ff27fc2769a1b78a27578f13a17b -> 
  custom:video-decoder-webm-vp8: 9c59270c3fd7afecdb556c50c9e8de78 -> 
  custom:SearchIndexIgnoredProperties: e643bd26f0fe6173181afceb89e7c659 -> 
  custom:AudioImporter_EditorPlatform: d09bf68614088b80899f8185d706f6e7 -> 
  custom:video-encoder-webm-vp8: eb34c28f22e8b96e1ab97ce403110664 -> 
  custom:audio-decoder-ogg-vorbis: bf7c407c2cedff20999df2af8eb42d56 -> 
  custom:audio-encoder-webm-vorbis: bf7c407c2cedff20999df2af8eb42d56 -> 
========================================================================
Received Import Request.
  Time since last request: 44.590782 seconds.
  path: Assets/Creative stuff Fabio/OOBRenderMela.prefab
  artifactKey: Guid(3c3f362965e1e8b44bdbc736316b03e6) Importer(815301076,1909f56bfc062723c751e8b465ee728b)
Start importing Assets/Creative stuff Fabio/OOBRenderMela.prefab using Guid(3c3f362965e1e8b44bdbc736316b03e6) Importer(815301076,1909f56bfc062723c751e8b465ee728b) [PhysX] Initialized MultithreadedTaskDispatcher with 32 workers.
[PhysX] Initialized MultithreadedTaskDispatcher with 32 workers.
 -> (artifact id: '2915411bba8a4f5c13629425d6f11056') in 0.046509 seconds
Number of updated asset objects reloaded before import = 0
Number of asset objects unloaded after import = 54
========================================================================
Received Import Request.
  Time since last request: 6.337566 seconds.
  path: Assets/Creative stuff Fabio/OOBRenderMela.prefab
  artifactKey: Guid(3c3f362965e1e8b44bdbc736316b03e6) Importer(815301076,1909f56bfc062723c751e8b465ee728b)
Start importing Assets/Creative stuff Fabio/OOBRenderMela.prefab using Guid(3c3f362965e1e8b44bdbc736316b03e6) Importer(815301076,1909f56bfc062723c751e8b465ee728b) [PhysX] Initialized MultithreadedTaskDispatcher with 32 workers.
[PhysX] Initialized MultithreadedTaskDispatcher with 32 workers.
 -> (artifact id: 'a305a740d0c810ca52a85943d3df1608') in 0.006910 seconds
Number of updated asset objects reloaded before import = 0
Number of asset objects unloaded after import = 54
========================================================================
Received Import Request.
  Time since last request: 1.808716 seconds.
  path: Assets/Creative stuff Fabio/OOBRenderMela.prefab
  artifactKey: Guid(3c3f362965e1e8b44bdbc736316b03e6) Importer(815301076,1909f56bfc062723c751e8b465ee728b)
Start importing Assets/Creative stuff Fabio/OOBRenderMela.prefab using Guid(3c3f362965e1e8b44bdbc736316b03e6) Importer(815301076,1909f56bfc062723c751e8b465ee728b) [PhysX] Initialized MultithreadedTaskDispatcher with 32 workers.
[PhysX] Initialized MultithreadedTaskDispatcher with 32 workers.
 -> (artifact id: 'e4336fd5908ae49833d72e9be57fbb84') in 0.008179 seconds
Number of updated asset objects reloaded before import = 0
Number of asset objects unloaded after import = 54
========================================================================
Received Import Request.
  Time since last request: 1.001329 seconds.
  path: Assets/Creative stuff Fabio/OOBRenderMela.prefab
  artifactKey: Guid(3c3f362965e1e8b44bdbc736316b03e6) Importer(815301076,1909f56bfc062723c751e8b465ee728b)
Start importing Assets/Creative stuff Fabio/OOBRenderMela.prefab using Guid(3c3f362965e1e8b44bdbc736316b03e6) Importer(815301076,1909f56bfc062723c751e8b465ee728b) [PhysX] Initialized MultithreadedTaskDispatcher with 32 workers.
[PhysX] Initialized MultithreadedTaskDispatcher with 32 workers.
 -> (artifact id: 'ea56f8f71208cccd11c4ade55bb9b47c') in 0.007066 seconds
Number of updated asset objects reloaded before import = 0
Number of asset objects unloaded after import = 54
========================================================================
Received Import Request.
  Time since last request: 0.799558 seconds.
  path: Assets/Creative stuff Fabio/OOBRenderMela.prefab
  artifactKey: Guid(3c3f362965e1e8b44bdbc736316b03e6) Importer(815301076,1909f56bfc062723c751e8b465ee728b)
Start importing Assets/Creative stuff Fabio/OOBRenderMela.prefab using Guid(3c3f362965e1e8b44bdbc736316b03e6) Importer(815301076,1909f56bfc062723c751e8b465ee728b) [PhysX] Initialized MultithreadedTaskDispatcher with 32 workers.
[PhysX] Initialized MultithreadedTaskDispatcher with 32 workers.
 -> (artifact id: 'b33de8d2ec04484892fbee1b6712440f') in 0.007352 seconds
Number of updated asset objects reloaded before import = 0
Number of asset objects unloaded after import = 54
========================================================================
Received Import Request.
  Time since last request: 3.410949 seconds.
  path: Assets/Creative stuff Fabio/OOBRenderMela.prefab
  artifactKey: Guid(3c3f362965e1e8b44bdbc736316b03e6) Importer(815301076,1909f56bfc062723c751e8b465ee728b)
Start importing Assets/Creative stuff Fabio/OOBRenderMela.prefab using Guid(3c3f362965e1e8b44bdbc736316b03e6) Importer(815301076,1909f56bfc062723c751e8b465ee728b) [PhysX] Initialized MultithreadedTaskDispatcher with 32 workers.
[PhysX] Initialized MultithreadedTaskDispatcher with 32 workers.
 -> (artifact id: '8114a0372cf7ce2e0aa523ea605984d2') in 0.007866 seconds
Number of updated asset objects reloaded before import = 0
Number of asset objects unloaded after import = 54
========================================================================
Received Import Request.
  Time since last request: 1.209806 seconds.
  path: Assets/Creative stuff Fabio/OOBRenderMela.prefab
  artifactKey: Guid(3c3f362965e1e8b44bdbc736316b03e6) Importer(815301076,1909f56bfc062723c751e8b465ee728b)
Start importing Assets/Creative stuff Fabio/OOBRenderMela.prefab using Guid(3c3f362965e1e8b44bdbc736316b03e6) Importer(815301076,1909f56bfc062723c751e8b465ee728b) [PhysX] Initialized MultithreadedTaskDispatcher with 32 workers.
[PhysX] Initialized MultithreadedTaskDispatcher with 32 workers.
 -> (artifact id: '8a9090d8ee1e680387155011ff0fd324') in 0.007910 seconds
Number of updated asset objects reloaded before import = 0
Number of asset objects unloaded after import = 54
========================================================================
Received Import Request.
  Time since last request: 1.600116 seconds.
  path: Assets/Creative stuff Fabio/OOBRenderMela.prefab
  artifactKey: Guid(3c3f362965e1e8b44bdbc736316b03e6) Importer(815301076,1909f56bfc062723c751e8b465ee728b)
Start importing Assets/Creative stuff Fabio/OOBRenderMela.prefab using Guid(3c3f362965e1e8b44bdbc736316b03e6) Importer(815301076,1909f56bfc062723c751e8b465ee728b) [PhysX] Initialized MultithreadedTaskDispatcher with 32 workers.
[PhysX] Initialized MultithreadedTaskDispatcher with 32 workers.
 -> (artifact id: '0f8d5d04312b0cc1a8365056b69c0df3') in 0.006523 seconds
Number of updated asset objects reloaded before import = 0
Number of asset objects unloaded after import = 54
========================================================================
Received Import Request.
  Time since last request: 1.209229 seconds.
  path: Assets/Creative stuff Fabio/OOBRenderMela.prefab
  artifactKey: Guid(3c3f362965e1e8b44bdbc736316b03e6) Importer(815301076,1909f56bfc062723c751e8b465ee728b)
Start importing Assets/Creative stuff Fabio/OOBRenderMela.prefab using Guid(3c3f362965e1e8b44bdbc736316b03e6) Importer(815301076,1909f56bfc062723c751e8b465ee728b) [PhysX] Initialized MultithreadedTaskDispatcher with 32 workers.
[PhysX] Initialized MultithreadedTaskDispatcher with 32 workers.
 -> (artifact id: '283b142222b4d193385b8220dfb2c090') in 0.006452 seconds
Number of updated asset objects reloaded before import = 0
Number of asset objects unloaded after import = 54
========================================================================
Received Import Request.
  Time since last request: 1.197662 seconds.
  path: Assets/Creative stuff Fabio/OOBRenderMela.prefab
  artifactKey: Guid(3c3f362965e1e8b44bdbc736316b03e6) Importer(815301076,1909f56bfc062723c751e8b465ee728b)
Start importing Assets/Creative stuff Fabio/OOBRenderMela.prefab using Guid(3c3f362965e1e8b44bdbc736316b03e6) Importer(815301076,1909f56bfc062723c751e8b465ee728b) [PhysX] Initialized MultithreadedTaskDispatcher with 32 workers.
[PhysX] Initialized MultithreadedTaskDispatcher with 32 workers.
 -> (artifact id: '30694b2230b7f8df121a574f618de939') in 0.006672 seconds
Number of updated asset objects reloaded before import = 0
Number of asset objects unloaded after import = 54
========================================================================
Received Import Request.
  Time since last request: 2.612355 seconds.
  path: Assets/Creative stuff Fabio/OOBRenderMela.prefab
  artifactKey: Guid(3c3f362965e1e8b44bdbc736316b03e6) Importer(815301076,1909f56bfc062723c751e8b465ee728b)
Start importing Assets/Creative stuff Fabio/OOBRenderMela.prefab using Guid(3c3f362965e1e8b44bdbc736316b03e6) Importer(815301076,1909f56bfc062723c751e8b465ee728b) [PhysX] Initialized MultithreadedTaskDispatcher with 32 workers.
[PhysX] Initialized MultithreadedTaskDispatcher with 32 workers.
 -> (artifact id: '7bc4cf04450573bcfee5ad4eb0935f7b') in 0.006191 seconds
Number of updated asset objects reloaded before import = 0
Number of asset objects unloaded after import = 54
========================================================================
Received Import Request.
  Time since last request: 2.535818 seconds.
  path: Assets/Creative stuff Fabio/OOBRenderMela.prefab
  artifactKey: Guid(3c3f362965e1e8b44bdbc736316b03e6) Importer(815301076,1909f56bfc062723c751e8b465ee728b)
Start importing Assets/Creative stuff Fabio/OOBRenderMela.prefab using Guid(3c3f362965e1e8b44bdbc736316b03e6) Importer(815301076,1909f56bfc062723c751e8b465ee728b) [PhysX] Initialized MultithreadedTaskDispatcher with 32 workers.
[PhysX] Initialized MultithreadedTaskDispatcher with 32 workers.
 -> (artifact id: 'df96c8ca451cbaa80d5316f8df0799d5') in 0.007135 seconds
Number of updated asset objects reloaded before import = 0
Number of asset objects unloaded after import = 54
========================================================================
Received Import Request.
  Time since last request: 1.208773 seconds.
  path: Assets/Creative stuff Fabio/OOBRenderMela.prefab
  artifactKey: Guid(3c3f362965e1e8b44bdbc736316b03e6) Importer(815301076,1909f56bfc062723c751e8b465ee728b)
Start importing Assets/Creative stuff Fabio/OOBRenderMela.prefab using Guid(3c3f362965e1e8b44bdbc736316b03e6) Importer(815301076,1909f56bfc062723c751e8b465ee728b) [PhysX] Initialized MultithreadedTaskDispatcher with 32 workers.
[PhysX] Initialized MultithreadedTaskDispatcher with 32 workers.
 -> (artifact id: 'c562b26747d3b925ab9f7cb2dc8c58e9') in 0.006895 seconds
Number of updated asset objects reloaded before import = 0
Number of asset objects unloaded after import = 54
========================================================================
Received Import Request.
  Time since last request: 2.208174 seconds.
  path: Assets/Creative stuff Fabio/OOBRenderMela.prefab
  artifactKey: Guid(3c3f362965e1e8b44bdbc736316b03e6) Importer(815301076,1909f56bfc062723c751e8b465ee728b)
Start importing Assets/Creative stuff Fabio/OOBRenderMela.prefab using Guid(3c3f362965e1e8b44bdbc736316b03e6) Importer(815301076,1909f56bfc062723c751e8b465ee728b) [PhysX] Initialized MultithreadedTaskDispatcher with 32 workers.
[PhysX] Initialized MultithreadedTaskDispatcher with 32 workers.
 -> (artifact id: '7a11f927035c1c4ebb713c429ce4aa04') in 0.006805 seconds
Number of updated asset objects reloaded before import = 0
Number of asset objects unloaded after import = 54
========================================================================
Received Prepare
Begin MonoManager ReloadAssembly
Symbol file data-000001CD0BD41010 doesn't match image C:\Users\ICTS23-25.149\Documents\GitHub\AppleBox\AppleBox\Library\ScriptAssemblies\Unity.Timeline.dll
Symbol file LoadedFromMemory is not a mono symbol file
Symbol file data-000001CD2DDA6200 doesn't match image C:\Users\ICTS23-25.149\Documents\GitHub\AppleBox\AppleBox\Library\ScriptAssemblies\Unity.TestTools.CodeCoverage.Editor.OpenCover.Mono.Reflection.dll
Symbol file LoadedFromMemory is not a mono symbol file
Symbol file data-000001CD37F640A0 doesn't match image C:\Users\ICTS23-25.149\Documents\GitHub\AppleBox\AppleBox\Library\ScriptAssemblies\UnityEngine.UI.dll
Symbol file LoadedFromMemory is not a mono symbol file
Symbol file data-000001CD9D1C0060 doesn't match image C:\Users\ICTS23-25.149\Documents\GitHub\AppleBox\AppleBox\Library\ScriptAssemblies\Unity.EditorCoroutines.Editor.dll
Symbol file LoadedFromMemory is not a mono symbol file
Symbol file data-000001CD2DDA6200 doesn't match image C:\Users\ICTS23-25.149\Documents\GitHub\AppleBox\AppleBox\Library\ScriptAssemblies\Unity.VisualScripting.SettingsProvider.Editor.dll
Symbol file LoadedFromMemory is not a mono symbol file
Symbol file data-000001CD386F3010 doesn't match image C:\Users\ICTS23-25.149\Documents\GitHub\AppleBox\AppleBox\Library\ScriptAssemblies\Unity.Performance.Profile-Analyzer.Editor.dll
Symbol file LoadedFromMemory is not a mono symbol file
Symbol file data-000001CD0B7B7030 doesn't match image C:\Users\ICTS23-25.149\Documents\GitHub\AppleBox\AppleBox\Library\ScriptAssemblies\Unity.TestTools.CodeCoverage.Editor.dll
Symbol file LoadedFromMemory is not a mono symbol file
Symbol file data-000001CD2F84E4E0 doesn't match image C:\Users\ICTS23-25.149\Documents\GitHub\AppleBox\AppleBox\Library\ScriptAssemblies\Unity.TestTools.CodeCoverage.Editor.OpenCover.Model.dll
Symbol file LoadedFromMemory is not a mono symbol file
Symbol file data-000001CD9CECD020 doesn't match image C:\Users\ICTS23-25.149\Documents\GitHub\AppleBox\AppleBox\Library\ScriptAssemblies\Unity.PlasticSCM.Editor.dll
Symbol file LoadedFromMemory is not a mono symbol file
Symbol file data-000001CD37998020 doesn't match image C:\Users\ICTS23-25.149\Documents\GitHub\AppleBox\AppleBox\Library\ScriptAssemblies\UnityEngine.TestRunner.dll
Symbol file LoadedFromMemory is not a mono symbol file
Symbol file data-000001CD3980B280 doesn't match image C:\Users\ICTS23-25.149\Documents\GitHub\AppleBox\AppleBox\Library\ScriptAssemblies\Unity.VisualScripting.State.Editor.dll
Symbol file LoadedFromMemory is not a mono symbol file
Symbol file data-000001CD0B7C6D70 doesn't match image C:\Users\ICTS23-25.149\Documents\GitHub\AppleBox\AppleBox\Library\ScriptAssemblies\Unity.Timeline.Editor.dll
Symbol file LoadedFromMemory is not a mono symbol file
Symbol file data-000001CD9D51F5E0 doesn't match image C:\Users\ICTS23-25.149\Documents\GitHub\AppleBox\AppleBox\Library\ScriptAssemblies\Unity.Settings.Editor.dll
Symbol file LoadedFromMemory is not a mono symbol file
Symbol file data-000001CD9D707210 doesn't match image C:\Users\ICTS23-25.149\Documents\GitHub\AppleBox\AppleBox\Library\ScriptAssemblies\Unity.VisualScripting.Shared.Editor.dll
Symbol file LoadedFromMemory is not a mono symbol file
Symbol file data-000001CD9D1C0060 doesn't match image C:\Users\ICTS23-25.149\Documents\GitHub\AppleBox\AppleBox\Library\ScriptAssemblies\Unity.CollabProxy.Editor.dll
Symbol file LoadedFromMemory is not a mono symbol file
Symbol file data-000001CD9D9A41A0 doesn't match image C:\Users\ICTS23-25.149\Documents\GitHub\AppleBox\AppleBox\Library\ScriptAssemblies\Unity.VisualStudio.Editor.dll
Symbol file LoadedFromMemory is not a mono symbol file
Symbol file data-000001CD37DD1040 doesn't match image C:\Users\ICTS23-25.149\Documents\GitHub\AppleBox\AppleBox\Library\ScriptAssemblies\Unity.TextMeshPro.dll
Symbol file LoadedFromMemory is not a mono symbol file
Symbol file data-000001CD9C207160 doesn't match image C:\Users\ICTS23-25.149\Documents\GitHub\AppleBox\AppleBox\Library\ScriptAssemblies\Unity.VisualScripting.Core.dll
Symbol file LoadedFromMemory is not a mono symbol file
Symbol file data-000001CD9C66B750 doesn't match image C:\Users\ICTS23-25.149\Documents\GitHub\AppleBox\AppleBox\Library\ScriptAssemblies\Unity.TextMeshPro.Editor.dll
Symbol file LoadedFromMemory is not a mono symbol file
Symbol file data-000001CD391D3670 doesn't match image C:\Users\ICTS23-25.149\Documents\GitHub\AppleBox\AppleBox\Library\ScriptAssemblies\UnityEditor.UI.dll
Symbol file LoadedFromMemory is not a mono symbol file
Symbol file data-000001CD384BE010 doesn't match image C:\Users\ICTS23-25.149\Documents\GitHub\AppleBox\AppleBox\Library\ScriptAssemblies\Unity.VisualScripting.Core.Editor.dll
Symbol file LoadedFromMemory is not a mono symbol file
Symbol file data-000001CD38682030 doesn't match image C:\Users\ICTS23-25.149\Documents\GitHub\AppleBox\AppleBox\Library\ScriptAssemblies\Unity.Rider.Editor.dll
Symbol file LoadedFromMemory is not a mono symbol file
Symbol file data-000001CD38003010 doesn't match image C:\Users\ICTS23-25.149\Documents\GitHub\AppleBox\AppleBox\Library\ScriptAssemblies\Unity.VisualScripting.State.dll
Symbol file LoadedFromMemory is not a mono symbol file
Symbol file data-000001CD9BD9FB60 doesn't match image C:\Users\ICTS23-25.149\Documents\GitHub\AppleBox\AppleBox\Library\ScriptAssemblies\Unity.VSCode.Editor.dll
Symbol file LoadedFromMemory is not a mono symbol file
Symbol file data-000001CD38DF7EA0 doesn't match image C:\Users\ICTS23-25.149\Documents\GitHub\AppleBox\AppleBox\Library\ScriptAssemblies\UnityEditor.TestRunner.dll
Symbol file LoadedFromMemory is not a mono symbol file
Symbol file data-000001CD37DD1040 doesn't match image C:\Users\ICTS23-25.149\Documents\GitHub\AppleBox\AppleBox\Library\ScriptAssemblies\Unity.VisualScripting.Flow.dll
Symbol file LoadedFromMemory is not a mono symbol file
Symbol file data-000001CD386F3010 doesn't match image C:\Users\ICTS23-25.149\Documents\GitHub\AppleBox\AppleBox\Library\ScriptAssemblies\Unity.VisualScripting.Flow.Editor.dll
Symbol file LoadedFromMemory is not a mono symbol file
- Loaded All Assemblies, in  0.267 seconds
Refreshing native plugins compatible for Editor in 2.19 ms, found 3 plugins.
Native extension for WindowsStandalone target not found
[Package Manager] Server::EnsureServerProcessIsRunning -- launch failed, reason: Unity was launched with the -noUpm command-line argument
[Package Manager] UpmClient::Send -- Unable to send message (not connected to UPM process).
[Package Manager] Cannot connect to Unity Package Manager local server
Mono: successfully reloaded assembly
- Finished resetting the current domain, in  0.610 seconds
Domain Reload Profiling: 875ms
	BeginReloadAssembly (94ms)
		ExecutionOrderSort (0ms)
		DisableScriptedObjects (2ms)
		BackupInstance (0ms)
		ReleaseScriptingObjects (0ms)
		CreateAndSetChildDomain (21ms)
	RebuildCommonClasses (18ms)
	RebuildNativeTypeToScriptingClass (6ms)
	initialDomainReloadingComplete (18ms)
	LoadAllAssembliesAndSetupDomain (128ms)
		LoadAssemblies (166ms)
		RebuildTransferFunctionScriptingTraits (0ms)
		AnalyzeDomain (10ms)
			TypeCache.Refresh (6ms)
				TypeCache.ScanAssembly (0ms)
			ScanForSourceGeneratedMonoScriptInfo (0ms)
			ResolveRequiredComponents (3ms)
	FinalizeReload (610ms)
		ReleaseScriptCaches (0ms)
		RebuildScriptCaches (0ms)
		SetupLoadedEditorAssemblies (330ms)
			LogAssemblyErrors (0ms)
			InitializePlatformSupportModulesInManaged (5ms)
			SetLoadedEditorAssemblies (2ms)
			RefreshPlugins (0ms)
			BeforeProcessingInitializeOnLoad (43ms)
			ProcessInitializeOnLoadAttributes (263ms)
			ProcessInitializeOnLoadMethodAttributes (13ms)
			AfterProcessingInitializeOnLoad (5ms)
			EditorAssembliesLoaded (0ms)
		ExecutionOrderSort2 (0ms)
		AwakeInstancesAfterBackupRestoration (5ms)
Refreshing native plugins compatible for Editor in 2.39 ms, found 3 plugins.
Preloading 0 native plugins for Editor in 0.00 ms.
Unloading 3484 Unused Serialized files (Serialized files now loaded: 0)
Unloading 25 unused Assets / (32.2 KB). Loaded Objects now: 4047.
Memory consumption went from 144.0 MB to 143.9 MB.
Total: 2.205300 ms (FindLiveObjects: 0.173600 ms CreateObjectMapping: 0.057500 ms MarkObjects: 1.936200 ms  DeleteObjects: 0.037500 ms)

Prepare: number of updated asset objects reloaded= 0
AssetImportParameters requested are different than current active one (requested -> active):
  custom:container-demuxer-ogg: 62fdf1f143b41e24485cea50d1cbac27 -> 
  custom:video-codec-MediaFoundation-h265: 746d11721c4dcdbdad8f713fa42b33f4 -> 
  custom:video-decoder-ogg-theora: a1e56fd34408186e4bbccfd4996cb3dc -> 
  custom:framework-win-MediaFoundation: 216162199b28c13a410421893ffa2e32 -> 
  custom:CustomObjectIndexerAttribute: 9a22284fe3817be447336de3de66b15e -> 
  custom:container-demuxer-webm: 4f35f7cbe854078d1ac9338744f61a02 -> 
  custom:container-muxer-webm: aa71ff27fc2769a1b78a27578f13a17b -> 
  custom:video-decoder-webm-vp8: 9c59270c3fd7afecdb556c50c9e8de78 -> 
  custom:SearchIndexIgnoredProperties: e643bd26f0fe6173181afceb89e7c659 -> 
  custom:AudioImporter_EditorPlatform: d09bf68614088b80899f8185d706f6e7 -> 
  custom:video-encoder-webm-vp8: eb34c28f22e8b96e1ab97ce403110664 -> 
  custom:audio-decoder-ogg-vorbis: bf7c407c2cedff20999df2af8eb42d56 -> 
  custom:audio-encoder-webm-vorbis: bf7c407c2cedff20999df2af8eb42d56 -> 
========================================================================
Received Import Request.
  Time since last request: 161.900772 seconds.
  path: Assets/LVL 2/pomo_alterato.fbx
  artifactKey: Guid(1afa5fce33459a14998837b5eb62a38c) Importer(815301076,1909f56bfc062723c751e8b465ee728b)
Start importing Assets/LVL 2/pomo_alterato.fbx using Guid(1afa5fce33459a14998837b5eb62a38c) Importer(815301076,1909f56bfc062723c751e8b465ee728b) [PhysX] Initialized MultithreadedTaskDispatcher with 32 workers.
[PhysX] Initialized MultithreadedTaskDispatcher with 32 workers.
[PhysX] Initialized MultithreadedTaskDispatcher with 32 workers.
[PhysX] Initialized MultithreadedTaskDispatcher with 32 workers.
[PhysX] Initialized MultithreadedTaskDispatcher with 32 workers.
[PhysX] Initialized MultithreadedTaskDispatcher with 32 workers.
[PhysX] Initialized MultithreadedTaskDispatcher with 32 workers.
[PhysX] Initialized MultithreadedTaskDispatcher with 32 workers.
[PhysX] Initialized MultithreadedTaskDispatcher with 32 workers.
[PhysX] Initialized MultithreadedTaskDispatcher with 32 workers.
[PhysX] Initialized MultithreadedTaskDispatcher with 32 workers.
[PhysX] Initialized MultithreadedTaskDispatcher with 32 workers.
 -> (artifact id: 'fca19b5a8f5527059a9d845f755d6175') in 0.143488 seconds
Number of updated asset objects reloaded before import = 0
Number of asset objects unloaded after import = 29
========================================================================
Received Import Request.
  Time since last request: 6.935853 seconds.
  path: Assets/Scenes/Livello2.unity
  artifactKey: Guid(0ef8a970d977e0a428be9ddea73b6149) Importer(815301076,1909f56bfc062723c751e8b465ee728b)
Start importing Assets/Scenes/Livello2.unity using Guid(0ef8a970d977e0a428be9ddea73b6149) Importer(815301076,1909f56bfc062723c751e8b465ee728b) [PhysX] Initialized MultithreadedTaskDispatcher with 32 workers.
 -> (artifact id: 'a809080f1d434aa6f178f576946970c3') in 0.000552 seconds
Number of updated asset objects reloaded before import = 0
Number of asset objects unloaded after import = 0
========================================================================
Received Import Request.
  Time since last request: 26.225212 seconds.
  path: Assets/Creative stuff Fabio/marroneHUD.mat
  artifactKey: Guid(1031f729eb4122e4097dc08dfe1c2eb7) Importer(815301076,1909f56bfc062723c751e8b465ee728b)
Start importing Assets/Creative stuff Fabio/marroneHUD.mat using Guid(1031f729eb4122e4097dc08dfe1c2eb7) Importer(815301076,1909f56bfc062723c751e8b465ee728b) [PhysX] Initialized MultithreadedTaskDispatcher with 32 workers.
[PhysX] Initialized MultithreadedTaskDispatcher with 32 workers.
 -> (artifact id: '0b1a6965a842dfebfb85aacc3c48fc88') in 0.065896 seconds
Number of updated asset objects reloaded before import = 0
Number of asset objects unloaded after import = 1
========================================================================
Received Import Request.
  Time since last request: 0.000017 seconds.
  path: Assets/Creative stuff Fabio/verdeHUD.mat
  artifactKey: Guid(271ce71a7c82e4242979d84248ad94b1) Importer(815301076,1909f56bfc062723c751e8b465ee728b)
Start importing Assets/Creative stuff Fabio/verdeHUD.mat using Guid(271ce71a7c82e4242979d84248ad94b1) Importer(815301076,1909f56bfc062723c751e8b465ee728b) [PhysX] Initialized MultithreadedTaskDispatcher with 32 workers.
[PhysX] Initialized MultithreadedTaskDispatcher with 32 workers.
 -> (artifact id: 'c90e2890e18c892c8a36f6febec53120') in 0.011416 seconds
Number of updated asset objects reloaded before import = 0
Number of asset objects unloaded after import = 1
========================================================================
Received Import Request.
  Time since last request: 0.000027 seconds.
  path: Assets/Creative stuff Fabio/pomoHUDMat.mat
  artifactKey: Guid(c83b4089bac9a884492d9f3a46fd246c) Importer(815301076,1909f56bfc062723c751e8b465ee728b)
Start importing Assets/Creative stuff Fabio/pomoHUDMat.mat using Guid(c83b4089bac9a884492d9f3a46fd246c) Importer(815301076,1909f56bfc062723c751e8b465ee728b) [PhysX] Initialized MultithreadedTaskDispatcher with 32 workers.
[PhysX] Initialized MultithreadedTaskDispatcher with 32 workers.
 -> (artifact id: '774ef34a13c544da7cef8a8e6541b1de') in 0.009379 seconds
Number of updated asset objects reloaded before import = 0
Number of asset objects unloaded after import = 2
========================================================================
Received Import Request.
  Time since last request: 0.000011 seconds.
  path: Assets/Creative stuff Fabio/rossoHUD.mat
  artifactKey: Guid(47d0dc51d989d6c47bb42212e93039c3) Importer(815301076,1909f56bfc062723c751e8b465ee728b)
Start importing Assets/Creative stuff Fabio/rossoHUD.mat using Guid(47d0dc51d989d6c47bb42212e93039c3) Importer(815301076,1909f56bfc062723c751e8b465ee728b) [PhysX] Initialized MultithreadedTaskDispatcher with 32 workers.
[PhysX] Initialized MultithreadedTaskDispatcher with 32 workers.
 -> (artifact id: 'a841d50142136f12cf2e4524b069f03b') in 0.015650 seconds
Number of updated asset objects reloaded before import = 0
Number of asset objects unloaded after import = 1
========================================================================
Received Prepare
Begin MonoManager ReloadAssembly
Symbol file data-000001CD0BD41010 doesn't match image C:\Users\ICTS23-25.149\Documents\GitHub\AppleBox\AppleBox\Library\ScriptAssemblies\Unity.Timeline.dll
Symbol file LoadedFromMemory is not a mono symbol file
Symbol file data-000001CD38E0FEC0 doesn't match image C:\Users\ICTS23-25.149\Documents\GitHub\AppleBox\AppleBox\Library\ScriptAssemblies\Unity.TestTools.CodeCoverage.Editor.OpenCover.Mono.Reflection.dll
Symbol file LoadedFromMemory is not a mono symbol file
Symbol file data-000001CD2F8D9020 doesn't match image C:\Users\ICTS23-25.149\Documents\GitHub\AppleBox\AppleBox\Library\ScriptAssemblies\UnityEngine.UI.dll
Symbol file LoadedFromMemory is not a mono symbol file
Symbol file data-000001CD9D1C0060 doesn't match image C:\Users\ICTS23-25.149\Documents\GitHub\AppleBox\AppleBox\Library\ScriptAssemblies\Unity.EditorCoroutines.Editor.dll
Symbol file LoadedFromMemory is not a mono symbol file
Symbol file data-000001CD38E0FEC0 doesn't match image C:\Users\ICTS23-25.149\Documents\GitHub\AppleBox\AppleBox\Library\ScriptAssemblies\Unity.VisualScripting.SettingsProvider.Editor.dll
Symbol file LoadedFromMemory is not a mono symbol file
Symbol file data-000001CD393E8780 doesn't match image C:\Users\ICTS23-25.149\Documents\GitHub\AppleBox\AppleBox\Library\ScriptAssemblies\Unity.Performance.Profile-Analyzer.Editor.dll
Symbol file LoadedFromMemory is not a mono symbol file
Symbol file data-000001CD0B7B7030 doesn't match image C:\Users\ICTS23-25.149\Documents\GitHub\AppleBox\AppleBox\Library\ScriptAssemblies\Unity.TestTools.CodeCoverage.Editor.dll
Symbol file LoadedFromMemory is not a mono symbol file
Symbol file data-000001CD2F4BC010 doesn't match image C:\Users\ICTS23-25.149\Documents\GitHub\AppleBox\AppleBox\Library\ScriptAssemblies\Unity.TestTools.CodeCoverage.Editor.OpenCover.Model.dll
Symbol file LoadedFromMemory is not a mono symbol file
Symbol file data-000001CD9CECD020 doesn't match image C:\Users\ICTS23-25.149\Documents\GitHub\AppleBox\AppleBox\Library\ScriptAssemblies\Unity.PlasticSCM.Editor.dll
Symbol file LoadedFromMemory is not a mono symbol file
Symbol file data-000001CD9C1F4E20 doesn't match image C:\Users\ICTS23-25.149\Documents\GitHub\AppleBox\AppleBox\Library\ScriptAssemblies\UnityEngine.TestRunner.dll
Symbol file LoadedFromMemory is not a mono symbol file
Symbol file data-000001CD3980B280 doesn't match image C:\Users\ICTS23-25.149\Documents\GitHub\AppleBox\AppleBox\Library\ScriptAssemblies\Unity.VisualScripting.State.Editor.dll
Symbol file LoadedFromMemory is not a mono symbol file
Symbol file data-000001CD9CC50020 doesn't match image C:\Users\ICTS23-25.149\Documents\GitHub\AppleBox\AppleBox\Library\ScriptAssemblies\Unity.Timeline.Editor.dll
Symbol file LoadedFromMemory is not a mono symbol file
Symbol file data-000001CD9D51F5E0 doesn't match image C:\Users\ICTS23-25.149\Documents\GitHub\AppleBox\AppleBox\Library\ScriptAssemblies\Unity.Settings.Editor.dll
Symbol file LoadedFromMemory is not a mono symbol file
Symbol file data-000001CD38E0FEC0 doesn't match image C:\Users\ICTS23-25.149\Documents\GitHub\AppleBox\AppleBox\Library\ScriptAssemblies\Unity.VisualScripting.Shared.Editor.dll
Symbol file LoadedFromMemory is not a mono symbol file
Symbol file data-000001CD9C08CF50 doesn't match image C:\Users\ICTS23-25.149\Documents\GitHub\AppleBox\AppleBox\Library\ScriptAssemblies\Unity.CollabProxy.Editor.dll
Symbol file LoadedFromMemory is not a mono symbol file
Symbol file data-000001CD9D9A41A0 doesn't match image C:\Users\ICTS23-25.149\Documents\GitHub\AppleBox\AppleBox\Library\ScriptAssemblies\Unity.VisualStudio.Editor.dll
Symbol file LoadedFromMemory is not a mono symbol file
Symbol file data-000001CD37DCF030 doesn't match image C:\Users\ICTS23-25.149\Documents\GitHub\AppleBox\AppleBox\Library\ScriptAssemblies\Unity.TextMeshPro.dll
Symbol file LoadedFromMemory is not a mono symbol file
Symbol file data-000001CD9C207160 doesn't match image C:\Users\ICTS23-25.149\Documents\GitHub\AppleBox\AppleBox\Library\ScriptAssemblies\Unity.VisualScripting.Core.dll
Symbol file LoadedFromMemory is not a mono symbol file
Symbol file data-000001CD9D419080 doesn't match image C:\Users\ICTS23-25.149\Documents\GitHub\AppleBox\AppleBox\Library\ScriptAssemblies\Unity.TextMeshPro.Editor.dll
Symbol file LoadedFromMemory is not a mono symbol file
Symbol file data-000001CD391D3670 doesn't match image C:\Users\ICTS23-25.149\Documents\GitHub\AppleBox\AppleBox\Library\ScriptAssemblies\UnityEditor.UI.dll
Symbol file LoadedFromMemory is not a mono symbol file
Symbol file data-000001CD39648010 doesn't match image C:\Users\ICTS23-25.149\Documents\GitHub\AppleBox\AppleBox\Library\ScriptAssemblies\Unity.VisualScripting.Core.Editor.dll
Symbol file LoadedFromMemory is not a mono symbol file
Symbol file data-000001CD38682030 doesn't match image C:\Users\ICTS23-25.149\Documents\GitHub\AppleBox\AppleBox\Library\ScriptAssemblies\Unity.Rider.Editor.dll
Symbol file LoadedFromMemory is not a mono symbol file
Symbol file data-000001CD38003010 doesn't match image C:\Users\ICTS23-25.149\Documents\GitHub\AppleBox\AppleBox\Library\ScriptAssemblies\Unity.VisualScripting.State.dll
Symbol file LoadedFromMemory is not a mono symbol file
Symbol file data-000001CD9BD9FB60 doesn't match image C:\Users\ICTS23-25.149\Documents\GitHub\AppleBox\AppleBox\Library\ScriptAssemblies\Unity.VSCode.Editor.dll
Symbol file LoadedFromMemory is not a mono symbol file
Symbol file data-000001CD36F30080 doesn't match image C:\Users\ICTS23-25.149\Documents\GitHub\AppleBox\AppleBox\Library\ScriptAssemblies\UnityEditor.TestRunner.dll
Symbol file LoadedFromMemory is not a mono symbol file
Symbol file data-000001CD37DCF030 doesn't match image C:\Users\ICTS23-25.149\Documents\GitHub\AppleBox\AppleBox\Library\ScriptAssemblies\Unity.VisualScripting.Flow.dll
Symbol file LoadedFromMemory is not a mono symbol file
Symbol file data-000001CD393E8780 doesn't match image C:\Users\ICTS23-25.149\Documents\GitHub\AppleBox\AppleBox\Library\ScriptAssemblies\Unity.VisualScripting.Flow.Editor.dll
Symbol file LoadedFromMemory is not a mono symbol file
- Loaded All Assemblies, in  0.270 seconds
Refreshing native plugins compatible for Editor in 2.04 ms, found 3 plugins.
Native extension for WindowsStandalone target not found
[Package Manager] Server::EnsureServerProcessIsRunning -- launch failed, reason: Unity was launched with the -noUpm command-line argument
[Package Manager] UpmClient::Send -- Unable to send message (not connected to UPM process).
[Package Manager] Cannot connect to Unity Package Manager local server
Mono: successfully reloaded assembly
- Finished resetting the current domain, in  0.611 seconds
Domain Reload Profiling: 880ms
	BeginReloadAssembly (98ms)
		ExecutionOrderSort (0ms)
		DisableScriptedObjects (2ms)
		BackupInstance (0ms)
		ReleaseScriptingObjects (0ms)
		CreateAndSetChildDomain (24ms)
	RebuildCommonClasses (18ms)
	RebuildNativeTypeToScriptingClass (7ms)
	initialDomainReloadingComplete (18ms)
	LoadAllAssembliesAndSetupDomain (128ms)
		LoadAssemblies (169ms)
		RebuildTransferFunctionScriptingTraits (0ms)
		AnalyzeDomain (9ms)
			TypeCache.Refresh (4ms)
				TypeCache.ScanAssembly (0ms)
			ScanForSourceGeneratedMonoScriptInfo (0ms)
			ResolveRequiredComponents (3ms)
	FinalizeReload (612ms)
		ReleaseScriptCaches (0ms)
		RebuildScriptCaches (0ms)
		SetupLoadedEditorAssemblies (340ms)
			LogAssemblyErrors (0ms)
			InitializePlatformSupportModulesInManaged (5ms)
			SetLoadedEditorAssemblies (2ms)
			RefreshPlugins (0ms)
			BeforeProcessingInitializeOnLoad (45ms)
			ProcessInitializeOnLoadAttributes (271ms)
			ProcessInitializeOnLoadMethodAttributes (13ms)
			AfterProcessingInitializeOnLoad (5ms)
			EditorAssembliesLoaded (0ms)
		ExecutionOrderSort2 (0ms)
		AwakeInstancesAfterBackupRestoration (5ms)
Refreshing native plugins compatible for Editor in 2.04 ms, found 3 plugins.
Preloading 0 native plugins for Editor in 0.00 ms.
Unloading 3484 Unused Serialized files (Serialized files now loaded: 0)
Unloading 25 unused Assets / (32.2 KB). Loaded Objects now: 4053.
Memory consumption went from 144.1 MB to 144.1 MB.
Total: 2.252700 ms (FindLiveObjects: 0.157000 ms CreateObjectMapping: 0.045000 ms MarkObjects: 1.926000 ms  DeleteObjects: 0.124200 ms)

Prepare: number of updated asset objects reloaded= 0
AssetImportParameters requested are different than current active one (requested -> active):
  custom:container-demuxer-ogg: 62fdf1f143b41e24485cea50d1cbac27 -> 
  custom:video-codec-MediaFoundation-h265: 746d11721c4dcdbdad8f713fa42b33f4 -> 
  custom:video-decoder-ogg-theora: a1e56fd34408186e4bbccfd4996cb3dc -> 
  custom:framework-win-MediaFoundation: 216162199b28c13a410421893ffa2e32 -> 
  custom:CustomObjectIndexerAttribute: 9a22284fe3817be447336de3de66b15e -> 
  custom:container-demuxer-webm: 4f35f7cbe854078d1ac9338744f61a02 -> 
  custom:container-muxer-webm: aa71ff27fc2769a1b78a27578f13a17b -> 
  custom:video-decoder-webm-vp8: 9c59270c3fd7afecdb556c50c9e8de78 -> 
  custom:SearchIndexIgnoredProperties: e643bd26f0fe6173181afceb89e7c659 -> 
  custom:AudioImporter_EditorPlatform: d09bf68614088b80899f8185d706f6e7 -> 
  custom:video-encoder-webm-vp8: eb34c28f22e8b96e1ab97ce403110664 -> 
  custom:audio-decoder-ogg-vorbis: bf7c407c2cedff20999df2af8eb42d56 -> 
  custom:audio-encoder-webm-vorbis: bf7c407c2cedff20999df2af8eb42d56 -> 
